<?xml version="1.0" encoding="UTF-8"?>
<coverage generated="1784103490438" clover="3.2.0">
  <project timestamp="1784103490438" name="All files">
    <metrics statements="634" coveredstatements="449" conditionals="303" coveredconditionals="172" methods="149" coveredmethods="103" elements="1086" coveredelements="724" complexity="0" loc="634" ncloc="634" packages="17" files="79" classes="79"/>
    <package name="analyzer.src">
      <metrics statements="23" coveredstatements="21" conditionals="4" coveredconditionals="1" methods="2" coveredmethods="2"/>
      <file name="analyzer.ts" path="/Users/harshitgarg/Documents/pro/sclare/packages/analyzer/src/analyzer.ts">
        <metrics statements="22" coveredstatements="20" conditionals="4" coveredconditionals="1" methods="1" coveredmethods="1"/>
        <line num="18" count="2" type="stmt"/>
        <line num="19" count="2" type="stmt"/>
        <line num="25" count="2" type="stmt"/>
        <line num="35" count="2" type="stmt"/>
        <line num="36" count="286" type="stmt"/>
        <line num="37" count="286" type="stmt"/>
        <line num="38" count="286" type="stmt"/>
        <line num="40" count="286" type="stmt"/>
        <line num="41" count="286" type="stmt"/>
        <line num="42" count="286" type="stmt"/>
        <line num="44" count="286" type="stmt"/>
        <line num="45" count="286" type="stmt"/>
        <line num="48" count="2" type="stmt"/>
        <line num="49" count="2" type="stmt"/>
        <line num="51" count="2" type="stmt"/>
        <line num="52" count="2" type="stmt"/>
        <line num="54" count="2" type="stmt"/>
        <line num="55" count="1116" type="cond" truecount="1" falsecount="1"/>
        <line num="56" count="0" type="stmt"/>
        <line num="59" count="2" type="stmt"/>
        <line num="61" count="2" type="stmt"/>
        <line num="63" count="0" type="stmt"/>
      </file>
      <file name="index.ts" path="/Users/harshitgarg/Documents/pro/sclare/packages/analyzer/src/index.ts">
        <metrics statements="0" coveredstatements="0" conditionals="0" coveredconditionals="0" methods="0" coveredmethods="0"/>
      </file>
      <file name="tsCompiler.ts" path="/Users/harshitgarg/Documents/pro/sclare/packages/analyzer/src/tsCompiler.ts">
        <metrics statements="1" coveredstatements="1" conditionals="0" coveredconditionals="0" methods="1" coveredmethods="1"/>
        <line num="4" count="5" type="stmt"/>
      </file>
      <file name="types.ts" path="/Users/harshitgarg/Documents/pro/sclare/packages/analyzer/src/types.ts">
        <metrics statements="0" coveredstatements="0" conditionals="0" coveredconditionals="0" methods="0" coveredmethods="0"/>
      </file>
    </package>
    <package name="analyzer.src.classifier">
      <metrics statements="19" coveredstatements="19" conditionals="4" coveredconditionals="4" methods="4" coveredmethods="3"/>
      <file name="classifier.ts" path="/Users/harshitgarg/Documents/pro/sclare/packages/analyzer/src/classifier/classifier.ts">
        <metrics statements="7" coveredstatements="7" conditionals="0" coveredconditionals="0" methods="2" coveredmethods="1"/>
        <line num="6" count="341" type="stmt"/>
        <line num="7" count="341" type="stmt"/>
        <line num="8" count="341" type="stmt"/>
        <line num="10" count="341" type="stmt"/>
        <line num="11" count="17" type="stmt"/>
        <line num="18" count="341" type="stmt"/>
        <line num="20" count="341" type="stmt"/>
      </file>
      <file name="index.ts" path="/Users/harshitgarg/Documents/pro/sclare/packages/analyzer/src/classifier/index.ts">
        <metrics statements="0" coveredstatements="0" conditionals="0" coveredconditionals="0" methods="0" coveredmethods="0"/>
      </file>
      <file name="score.ts" path="/Users/harshitgarg/Documents/pro/sclare/packages/analyzer/src/classifier/score.ts">
        <metrics statements="5" coveredstatements="5" conditionals="2" coveredconditionals="2" methods="1" coveredmethods="1"/>
        <line num="4" count="341" type="stmt"/>
        <line num="6" count="341" type="stmt"/>
        <line num="7" count="17" type="stmt"/>
        <line num="8" count="17" type="cond" truecount="2" falsecount="0"/>
        <line num="11" count="341" type="stmt"/>
      </file>
      <file name="signals.ts" path="/Users/harshitgarg/Documents/pro/sclare/packages/analyzer/src/classifier/signals.ts">
        <metrics statements="7" coveredstatements="7" conditionals="2" coveredconditionals="2" methods="1" coveredmethods="1"/>
        <line num="4" count="341" type="stmt"/>
        <line num="5" count="341" type="stmt"/>
        <line num="7" count="341" type="stmt"/>
        <line num="9" count="341" type="stmt"/>
        <line num="10" count="1705" type="cond" truecount="2" falsecount="0"/>
        <line num="11" count="17" type="stmt"/>
        <line num="15" count="341" type="stmt"/>
      </file>
    </package>
    <package name="analyzer.src.component">
      <metrics statements="17" coveredstatements="17" conditionals="18" coveredconditionals="15" methods="4" coveredmethods="4"/>
      <file name="decoratorExtractor.ts" path="/Users/harshitgarg/Documents/pro/sclare/packages/analyzer/src/component/decoratorExtractor.ts">
        <metrics statements="17" coveredstatements="17" conditionals="18" coveredconditionals="15" methods="4" coveredmethods="4"/>
        <line num="6" count="10" type="stmt"/>
        <line num="8" count="10" type="cond" truecount="1" falsecount="1"/>
        <line num="10" count="10" type="stmt"/>
        <line num="11" count="10" type="stmt"/>
        <line num="12" count="10" type="cond" truecount="1" falsecount="1"/>
        <line num="16" count="10" type="cond" truecount="2" falsecount="0"/>
        <line num="21" count="2" type="stmt"/>
        <line num="24" count="561" type="cond" truecount="4" falsecount="0"/>
        <line num="25" count="4" type="stmt"/>
        <line num="27" count="4" type="cond" truecount="2" falsecount="0"/>
        <line num="28" count="3" type="cond" truecount="2" falsecount="0"/>
        <line num="29" count="2" type="cond" truecount="2" falsecount="0"/>
        <line num="30" count="1" type="cond" truecount="1" falsecount="1"/>
        <line num="32" count="4" type="stmt"/>
        <line num="41" count="561" type="stmt"/>
        <line num="44" count="2" type="stmt"/>
        <line num="46" count="2" type="stmt"/>
      </file>
    </package>
    <package name="analyzer.src.entity">
      <metrics statements="19" coveredstatements="17" conditionals="18" coveredconditionals="10" methods="3" coveredmethods="3"/>
      <file name="entity.ts" path="/Users/harshitgarg/Documents/pro/sclare/packages/analyzer/src/entity/entity.ts">
        <metrics statements="0" coveredstatements="0" conditionals="0" coveredconditionals="0" methods="0" coveredmethods="0"/>
      </file>
      <file name="extractor.ts" path="/Users/harshitgarg/Documents/pro/sclare/packages/analyzer/src/entity/extractor.ts">
        <metrics statements="19" coveredstatements="17" conditionals="18" coveredconditionals="10" methods="3" coveredmethods="3"/>
        <line num="6" count="286" type="stmt"/>
        <line num="9" count="340" type="stmt"/>
        <line num="19" count="73986" type="cond" truecount="5" falsecount="1"/>
        <line num="21" count="10" type="stmt"/>
        <line num="26" count="10" type="stmt"/>
        <line num="28" count="232" type="stmt"/>
        <line num="33" count="232" type="stmt"/>
        <line num="35" count="10" type="stmt"/>
        <line num="40" count="10" type="stmt"/>
        <line num="42" count="74" type="stmt"/>
        <line num="47" count="74" type="stmt"/>
        <line num="49" count="0" type="stmt"/>
        <line num="54" count="0" type="stmt"/>
        <line num="56" count="14" type="stmt"/>
        <line num="61" count="14" type="stmt"/>
        <line num="64" count="73986" type="stmt"/>
        <line num="65" count="73700" type="stmt"/>
        <line num="69" count="286" type="stmt"/>
        <line num="71" count="286" type="stmt"/>
      </file>
      <file name="index.ts" path="/Users/harshitgarg/Documents/pro/sclare/packages/analyzer/src/entity/index.ts">
        <metrics statements="0" coveredstatements="0" conditionals="0" coveredconditionals="0" methods="0" coveredmethods="0"/>
      </file>
    </package>
    <package name="analyzer.src.graph">
      <metrics statements="28" coveredstatements="28" conditionals="16" coveredconditionals="13" methods="5" coveredmethods="5"/>
      <file name="callGraph.ts" path="/Users/harshitgarg/Documents/pro/sclare/packages/analyzer/src/graph/callGraph.ts">
        <metrics statements="14" coveredstatements="14" conditionals="10" coveredconditionals="8" methods="2" coveredmethods="2"/>
        <line num="9" count="287" type="stmt"/>
        <line num="11" count="287" type="stmt"/>
        <line num="14" count="74012" type="cond" truecount="2" falsecount="0"/>
        <line num="18" count="244" type="stmt"/>
        <line num="20" count="244" type="cond" truecount="1" falsecount="1"/>
        <line num="21" count="244" type="stmt"/>
        <line num="25" count="74012" type="cond" truecount="2" falsecount="0"/>
        <line num="26" count="2437" type="stmt"/>
        <line num="28" count="2437" type="cond" truecount="1" falsecount="1"/>
        <line num="29" count="2437" type="stmt"/>
        <line num="37" count="74012" type="stmt"/>
        <line num="38" count="73725" type="stmt"/>
        <line num="42" count="287" type="stmt"/>
        <line num="44" count="287" type="stmt"/>
      </file>
      <file name="dependencyGraph.ts" path="/Users/harshitgarg/Documents/pro/sclare/packages/analyzer/src/graph/dependencyGraph.ts">
        <metrics statements="14" coveredstatements="14" conditionals="6" coveredconditionals="5" methods="3" coveredmethods="3"/>
        <line num="8" count="3" type="stmt"/>
        <line num="10" count="3" type="stmt"/>
        <line num="11" count="288" type="stmt"/>
        <line num="14" count="3" type="stmt"/>
        <line num="15" count="4357" type="stmt"/>
        <line num="17" count="288" type="stmt"/>
        <line num="18" count="541" type="stmt"/>
        <line num="20" count="541" type="cond" truecount="1" falsecount="1"/>
        <line num="22" count="541" type="stmt"/>
        <line num="24" count="541" type="cond" truecount="2" falsecount="0"/>
        <line num="26" count="287" type="stmt"/>
        <line num="30" count="287" type="cond" truecount="2" falsecount="0"/>
        <line num="32" count="83" type="stmt"/>
        <line num="40" count="3" type="stmt"/>
      </file>
    </package>
    <package name="analyzer.src.parser">
      <metrics statements="57" coveredstatements="53" conditionals="47" coveredconditionals="30" methods="7" coveredmethods="7"/>
      <file name="masterWalker.ts" path="/Users/harshitgarg/Documents/pro/sclare/packages/analyzer/src/parser/masterWalker.ts">
        <metrics statements="29" coveredstatements="27" conditionals="25" coveredconditionals="16" methods="3" coveredmethods="3"/>
        <line num="12" count="4356" type="stmt"/>
        <line num="22" count="286" type="stmt"/>
        <line num="28" count="73986" type="cond" truecount="10" falsecount="1"/>
        <line num="30" count="10" type="stmt"/>
        <line num="37" count="10" type="stmt"/>
        <line num="40" count="232" type="stmt"/>
        <line num="47" count="232" type="stmt"/>
        <line num="50" count="10" type="stmt"/>
        <line num="57" count="10" type="stmt"/>
        <line num="60" count="74" type="stmt"/>
        <line num="67" count="74" type="stmt"/>
        <line num="70" count="14" type="stmt"/>
        <line num="77" count="14" type="stmt"/>
        <line num="80" count="0" type="stmt"/>
        <line num="87" count="0" type="stmt"/>
        <line num="91" count="650" type="stmt"/>
        <line num="98" count="650" type="stmt"/>
        <line num="101" count="540" type="stmt"/>
        <line num="102" count="540" type="stmt"/>
        <line num="105" count="390" type="stmt"/>
        <line num="106" count="390" type="stmt"/>
        <line num="109" count="2436" type="stmt"/>
        <line num="110" count="2436" type="cond" truecount="1" falsecount="1"/>
        <line num="111" count="2436" type="stmt"/>
        <line num="113" count="2436" type="stmt"/>
        <line num="117" count="73986" type="stmt"/>
        <line num="118" count="73700" type="stmt"/>
        <line num="122" count="286" type="stmt"/>
        <line num="124" count="286" type="stmt"/>
      </file>
      <file name="parser.ts" path="/Users/harshitgarg/Documents/pro/sclare/packages/analyzer/src/parser/parser.ts">
        <metrics statements="3" coveredstatements="3" conditionals="0" coveredconditionals="0" methods="1" coveredmethods="1"/>
        <line num="4" count="3" type="stmt"/>
        <line num="5" count="3" type="stmt"/>
        <line num="8" count="287" type="stmt"/>
      </file>
      <file name="symbolWalker.ts" path="/Users/harshitgarg/Documents/pro/sclare/packages/analyzer/src/parser/symbolWalker.ts">
        <metrics statements="25" coveredstatements="23" conditionals="22" coveredconditionals="14" methods="3" coveredmethods="3"/>
        <line num="12" count="10" type="stmt"/>
        <line num="22" count="2" type="stmt"/>
        <line num="28" count="81" type="cond" truecount="9" falsecount="1"/>
        <line num="30" count="2" type="stmt"/>
        <line num="37" count="2" type="stmt"/>
        <line num="40" count="2" type="stmt"/>
        <line num="47" count="2" type="stmt"/>
        <line num="50" count="0" type="stmt"/>
        <line num="57" count="0" type="stmt"/>
        <line num="60" count="1" type="stmt"/>
        <line num="67" count="1" type="stmt"/>
        <line num="70" count="1" type="stmt"/>
        <line num="77" count="1" type="stmt"/>
        <line num="80" count="1" type="stmt"/>
        <line num="87" count="1" type="stmt"/>
        <line num="91" count="1" type="stmt"/>
        <line num="98" count="1" type="stmt"/>
        <line num="101" count="1" type="stmt"/>
        <line num="102" count="1" type="stmt"/>
        <line num="105" count="1" type="stmt"/>
        <line num="106" count="1" type="stmt"/>
        <line num="109" count="81" type="stmt"/>
        <line num="110" count="79" type="stmt"/>
        <line num="114" count="2" type="stmt"/>
        <line num="116" count="2" type="stmt"/>
      </file>
    </package>
    <package name="core.src">
      <metrics statements="37" coveredstatements="33" conditionals="8" coveredconditionals="4" methods="8" coveredmethods="6"/>
      <file name="builder.ts" path="/Users/harshitgarg/Documents/pro/sclare/packages/core/src/builder.ts">
        <metrics statements="37" coveredstatements="33" conditionals="8" coveredconditionals="4" methods="8" coveredmethods="6"/>
        <line num="19" count="1" type="stmt"/>
        <line num="20" count="1" type="stmt"/>
        <line num="22" count="1" type="cond" truecount="1" falsecount="1"/>
        <line num="23" count="0" type="stmt"/>
        <line num="26" count="1" type="stmt"/>
        <line num="27" count="1" type="stmt"/>
        <line num="28" count="1" type="stmt"/>
        <line num="29" count="1" type="stmt"/>
        <line num="30" count="1" type="stmt"/>
        <line num="32" count="1" type="cond" truecount="1" falsecount="1"/>
        <line num="33" count="0" type="stmt"/>
        <line num="36" count="1" type="stmt"/>
        <line num="37" count="1" type="stmt"/>
        <line num="38" count="1" type="stmt"/>
        <line num="40" count="1" type="cond" truecount="1" falsecount="1"/>
        <line num="41" count="0" type="stmt"/>
        <line num="44" count="1" type="stmt"/>
        <line num="45" count="1" type="stmt"/>
        <line num="46" count="1" type="stmt"/>
        <line num="67" count="1" type="stmt"/>
        <line num="69" count="1" type="stmt"/>
        <line num="70" count="3566" type="stmt"/>
        <line num="71" count="3566" type="stmt"/>
        <line num="72" count="3566" type="stmt"/>
        <line num="74" count="3566" type="cond" truecount="1" falsecount="1"/>
        <line num="75" count="3566" type="stmt"/>
        <line num="78" count="0" type="stmt"/>
        <line num="81" count="1" type="stmt"/>
        <line num="85" count="2178" type="stmt"/>
        <line num="89" count="170" type="stmt"/>
        <line num="93" count="1" type="stmt"/>
        <line num="94" count="1218" type="stmt"/>
        <line num="98" count="1" type="stmt"/>
        <line num="99" count="2178" type="stmt"/>
        <line num="101" count="1" type="stmt"/>
        <line num="120" count="1" type="stmt"/>
        <line num="122" count="1" type="stmt"/>
      </file>
      <file name="index.ts" path="/Users/harshitgarg/Documents/pro/sclare/packages/core/src/index.ts">
        <metrics statements="0" coveredstatements="0" conditionals="0" coveredconditionals="0" methods="0" coveredmethods="0"/>
      </file>
      <file name="types.ts" path="/Users/harshitgarg/Documents/pro/sclare/packages/core/src/types.ts">
        <metrics statements="0" coveredstatements="0" conditionals="0" coveredconditionals="0" methods="0" coveredmethods="0"/>
      </file>
    </package>
    <package name="core.src.cache">
      <metrics statements="39" coveredstatements="32" conditionals="13" coveredconditionals="9" methods="9" coveredmethods="7"/>
      <file name="cache.ts" path="/Users/harshitgarg/Documents/pro/sclare/packages/core/src/cache/cache.ts">
        <metrics statements="22" coveredstatements="15" conditionals="6" coveredconditionals="2" methods="7" coveredmethods="5"/>
        <line num="12" count="3" type="stmt"/>
        <line num="16" count="2" type="stmt"/>
        <line num="18" count="2" type="cond" truecount="1" falsecount="1"/>
        <line num="19" count="0" type="stmt"/>
        <line num="22" count="2" type="stmt"/>
        <line num="23" count="2" type="stmt"/>
        <line num="24" count="2" type="stmt"/>
        <line num="26" count="2" type="stmt"/>
        <line num="28" count="0" type="stmt"/>
        <line num="33" count="1" type="stmt"/>
        <line num="35" count="1" type="stmt"/>
        <line num="36" count="1" type="stmt"/>
        <line num="43" count="1" type="stmt"/>
        <line num="45" count="1" type="cond" truecount="1" falsecount="1"/>
        <line num="47" count="0" type="stmt"/>
        <line num="51" count="1" type="stmt"/>
        <line num="53" count="1" type="stmt"/>
        <line num="58" count="1" type="stmt"/>
        <line num="62" count="0" type="stmt"/>
        <line num="64" count="0" type="cond" truecount="0" falsecount="2"/>
        <line num="65" count="0" type="stmt"/>
        <line num="70" count="0" type="stmt"/>
      </file>
      <file name="index.ts" path="/Users/harshitgarg/Documents/pro/sclare/packages/core/src/cache/index.ts">
        <metrics statements="0" coveredstatements="0" conditionals="0" coveredconditionals="0" methods="0" coveredmethods="0"/>
      </file>
      <file name="key.ts" path="/Users/harshitgarg/Documents/pro/sclare/packages/core/src/cache/key.ts">
        <metrics statements="17" coveredstatements="17" conditionals="7" coveredconditionals="7" methods="2" coveredmethods="2"/>
        <line num="6" count="61" type="stmt"/>
        <line num="10" count="61" type="stmt"/>
        <line num="11" count="1718" type="cond" truecount="2" falsecount="0"/>
        <line num="16" count="18" type="stmt"/>
        <line num="18" count="1700" type="stmt"/>
        <line num="20" count="1700" type="cond" truecount="2" falsecount="0"/>
        <line num="21" count="1640" type="stmt"/>
        <line num="26" count="1" type="stmt"/>
        <line num="28" count="1" type="stmt"/>
        <line num="30" count="1" type="stmt"/>
        <line num="32" count="1" type="stmt"/>
        <line num="34" count="1" type="stmt"/>
        <line num="35" count="1640" type="stmt"/>
        <line num="37" count="1640" type="stmt"/>
        <line num="38" count="1640" type="stmt"/>
        <line num="39" count="1640" type="stmt"/>
        <line num="42" count="1" type="stmt"/>
      </file>
    </package>
    <package name="core.src.context">
      <metrics statements="53" coveredstatements="20" conditionals="22" coveredconditionals="2" methods="14" coveredmethods="4"/>
      <file name="budget.ts" path="/Users/harshitgarg/Documents/pro/sclare/packages/core/src/context/budget.ts">
        <metrics statements="1" coveredstatements="0" conditionals="1" coveredconditionals="0" methods="1" coveredmethods="0"/>
        <line num="4" count="0" type="stmt"/>
      </file>
      <file name="context.ts" path="/Users/harshitgarg/Documents/pro/sclare/packages/core/src/context/context.ts">
        <metrics statements="15" coveredstatements="7" conditionals="6" coveredconditionals="1" methods="3" coveredmethods="1"/>
        <line num="24" count="0" type="stmt"/>
        <line num="26" count="0" type="cond" truecount="0" falsecount="2"/>
        <line num="27" count="0" type="stmt"/>
        <line num="34" count="0" type="stmt"/>
        <line num="36" count="0" type="stmt"/>
        <line num="44" count="1" type="stmt"/>
        <line num="46" count="1" type="cond" truecount="1" falsecount="1"/>
        <line num="47" count="1" type="stmt"/>
        <line num="54" count="0" type="cond" truecount="0" falsecount="2"/>
        <line num="55" count="1" type="stmt"/>
        <line num="56" count="1" type="stmt"/>
        <line num="57" count="1" type="stmt"/>
        <line num="58" count="1" type="stmt"/>
        <line num="60" count="0" type="stmt"/>
        <line num="63" count="0" type="stmt"/>
      </file>
      <file name="formatter.ts" path="/Users/harshitgarg/Documents/pro/sclare/packages/core/src/context/formatter.ts">
        <metrics statements="5" coveredstatements="5" conditionals="0" coveredconditionals="0" methods="1" coveredmethods="1"/>
        <line num="4" count="1" type="stmt"/>
        <line num="13" count="1" type="stmt"/>
        <line num="14" count="1" type="stmt"/>
        <line num="27" count="1" type="stmt"/>
        <line num="39" count="1" type="stmt"/>
      </file>
      <file name="index.ts" path="/Users/harshitgarg/Documents/pro/sclare/packages/core/src/context/index.ts">
        <metrics statements="0" coveredstatements="0" conditionals="0" coveredconditionals="0" methods="0" coveredmethods="0"/>
      </file>
      <file name="optimizer.ts" path="/Users/harshitgarg/Documents/pro/sclare/packages/core/src/context/optimizer.ts">
        <metrics statements="6" coveredstatements="0" conditionals="2" coveredconditionals="0" methods="2" coveredmethods="0"/>
        <line num="4" count="0" type="stmt"/>
        <line num="6" count="0" type="stmt"/>
        <line num="7" count="0" type="cond" truecount="0" falsecount="2"/>
        <line num="8" count="0" type="stmt"/>
        <line num="11" count="0" type="stmt"/>
        <line num="12" count="0" type="stmt"/>
      </file>
      <file name="prompt.ts" path="/Users/harshitgarg/Documents/pro/sclare/packages/core/src/context/prompt.ts">
        <metrics statements="6" coveredstatements="5" conditionals="0" coveredconditionals="0" methods="1" coveredmethods="1"/>
        <line num="5" count="1" type="stmt"/>
        <line num="7" count="1" type="stmt"/>
        <line num="8" count="1" type="stmt"/>
        <line num="9" count="1" type="stmt"/>
        <line num="11" count="0" type="stmt"/>
        <line num="15" count="1" type="stmt"/>
      </file>
      <file name="provider.ts" path="/Users/harshitgarg/Documents/pro/sclare/packages/core/src/context/provider.ts">
        <metrics statements="0" coveredstatements="0" conditionals="0" coveredconditionals="0" methods="0" coveredmethods="0"/>
      </file>
      <file name="ranker.ts" path="/Users/harshitgarg/Documents/pro/sclare/packages/core/src/context/ranker.ts">
        <metrics statements="17" coveredstatements="0" conditionals="12" coveredconditionals="0" methods="5" coveredmethods="0"/>
        <line num="14" count="0" type="stmt"/>
        <line num="16" count="0" type="stmt"/>
        <line num="17" count="0" type="stmt"/>
        <line num="18" count="0" type="stmt"/>
        <line num="20" count="0" type="stmt"/>
        <line num="21" count="0" type="cond" truecount="0" falsecount="2"/>
        <line num="24" count="0" type="stmt"/>
        <line num="25" count="0" type="stmt"/>
        <line num="28" count="0" type="cond" truecount="0" falsecount="2"/>
        <line num="29" count="0" type="stmt"/>
        <line num="31" count="0" type="cond" truecount="0" falsecount="2"/>
        <line num="32" count="0" type="stmt"/>
        <line num="34" count="0" type="cond" truecount="0" falsecount="3"/>
        <line num="35" count="0" type="cond" truecount="0" falsecount="3"/>
        <line num="37" count="0" type="stmt"/>
        <line num="45" count="0" type="stmt"/>
        <line num="46" count="0" type="stmt"/>
      </file>
      <file name="snippet.ts" path="/Users/harshitgarg/Documents/pro/sclare/packages/core/src/context/snippet.ts">
        <metrics statements="3" coveredstatements="3" conditionals="1" coveredconditionals="1" methods="1" coveredmethods="1"/>
        <line num="10" count="1" type="stmt"/>
        <line num="11" count="1" type="stmt"/>
        <line num="13" count="1" type="stmt"/>
      </file>
    </package>
    <package name="core.src.evaluation">
      <metrics statements="53" coveredstatements="0" conditionals="26" coveredconditionals="0" methods="15" coveredmethods="0"/>
      <file name="commitFilter.ts" path="/Users/harshitgarg/Documents/pro/sclare/packages/core/src/evaluation/commitFilter.ts">
        <metrics statements="9" coveredstatements="0" conditionals="14" coveredconditionals="0" methods="1" coveredmethods="0"/>
        <line num="2" count="0" type="stmt"/>
        <line num="4" count="0" type="cond" truecount="0" falsecount="2"/>
        <line num="5" count="0" type="cond" truecount="0" falsecount="2"/>
        <line num="6" count="0" type="cond" truecount="0" falsecount="2"/>
        <line num="7" count="0" type="cond" truecount="0" falsecount="2"/>
        <line num="8" count="0" type="cond" truecount="0" falsecount="2"/>
        <line num="9" count="0" type="cond" truecount="0" falsecount="2"/>
        <line num="10" count="0" type="cond" truecount="0" falsecount="2"/>
        <line num="12" count="0" type="stmt"/>
      </file>
      <file name="evaluator.ts" path="/Users/harshitgarg/Documents/pro/sclare/packages/core/src/evaluation/evaluator.ts">
        <metrics statements="10" coveredstatements="0" conditionals="3" coveredconditionals="0" methods="4" coveredmethods="0"/>
        <line num="7" count="0" type="stmt"/>
        <line num="8" count="0" type="stmt"/>
        <line num="10" count="0" type="cond" truecount="0" falsecount="2"/>
        <line num="11" count="0" type="stmt"/>
        <line num="14" count="0" type="stmt"/>
        <line num="23" count="0" type="stmt"/>
        <line num="24" count="0" type="stmt"/>
        <line num="25" count="0" type="stmt"/>
        <line num="27" count="0" type="stmt"/>
        <line num="29" count="0" type="stmt"/>
      </file>
      <file name="files.ts" path="/Users/harshitgarg/Documents/pro/sclare/packages/core/src/evaluation/files.ts">
        <metrics statements="2" coveredstatements="0" conditionals="0" coveredconditionals="0" methods="1" coveredmethods="0"/>
        <line num="4" count="0" type="stmt"/>
        <line num="6" count="0" type="stmt"/>
      </file>
      <file name="git.ts" path="/Users/harshitgarg/Documents/pro/sclare/packages/core/src/evaluation/git.ts">
        <metrics statements="2" coveredstatements="0" conditionals="0" coveredconditionals="0" methods="1" coveredmethods="0"/>
        <line num="7" count="0" type="stmt"/>
        <line num="8" count="0" type="stmt"/>
      </file>
      <file name="history.ts" path="/Users/harshitgarg/Documents/pro/sclare/packages/core/src/evaluation/history.ts">
        <metrics statements="4" coveredstatements="0" conditionals="5" coveredconditionals="0" methods="2" coveredmethods="0"/>
        <line num="9" count="0" type="stmt"/>
        <line num="11" count="0" type="stmt"/>
        <line num="15" count="0" type="stmt"/>
        <line num="16" count="0" type="stmt"/>
      </file>
      <file name="index.ts" path="/Users/harshitgarg/Documents/pro/sclare/packages/core/src/evaluation/index.ts">
        <metrics statements="0" coveredstatements="0" conditionals="0" coveredconditionals="0" methods="0" coveredmethods="0"/>
      </file>
      <file name="metrics.ts" path="/Users/harshitgarg/Documents/pro/sclare/packages/core/src/evaluation/metrics.ts">
        <metrics statements="5" coveredstatements="0" conditionals="2" coveredconditionals="0" methods="2" coveredmethods="0"/>
        <line num="11" count="0" type="stmt"/>
        <line num="13" count="0" type="stmt"/>
        <line num="14" count="0" type="stmt"/>
        <line num="16" count="0" type="cond" truecount="0" falsecount="2"/>
        <line num="18" count="0" type="stmt"/>
      </file>
      <file name="report.ts" path="/Users/harshitgarg/Documents/pro/sclare/packages/core/src/evaluation/report.ts">
        <metrics statements="21" coveredstatements="0" conditionals="2" coveredconditionals="0" methods="4" coveredmethods="0"/>
        <line num="4" count="0" type="stmt"/>
        <line num="8" count="0" type="stmt"/>
        <line num="9" count="0" type="cond" truecount="0" falsecount="2"/>
        <line num="10" count="0" type="stmt"/>
        <line num="13" count="0" type="stmt"/>
        <line num="16" count="0" type="stmt"/>
        <line num="17" count="0" type="stmt"/>
        <line num="18" count="0" type="stmt"/>
        <line num="19" count="0" type="stmt"/>
        <line num="20" count="0" type="stmt"/>
        <line num="21" count="0" type="stmt"/>
        <line num="22" count="0" type="stmt"/>
        <line num="23" count="0" type="stmt"/>
        <line num="24" count="0" type="stmt"/>
        <line num="25" count="0" type="stmt"/>
        <line num="26" count="0" type="stmt"/>
        <line num="27" count="0" type="stmt"/>
        <line num="28" count="0" type="stmt"/>
        <line num="29" count="0" type="stmt"/>
        <line num="30" count="0" type="stmt"/>
        <line num="31" count="0" type="stmt"/>
      </file>
    </package>
    <package name="core.src.knowledge">
      <metrics statements="18" coveredstatements="14" conditionals="2" coveredconditionals="0" methods="3" coveredmethods="2"/>
      <file name="builder.ts" path="/Users/harshitgarg/Documents/pro/sclare/packages/core/src/knowledge/builder.ts">
        <metrics statements="4" coveredstatements="0" conditionals="2" coveredconditionals="0" methods="1" coveredmethods="0"/>
        <line num="8" count="0" type="stmt"/>
        <line num="10" count="0" type="cond" truecount="0" falsecount="2"/>
        <line num="11" count="0" type="stmt"/>
        <line num="14" count="0" type="stmt"/>
      </file>
      <file name="graph.ts" path="/Users/harshitgarg/Documents/pro/sclare/packages/core/src/knowledge/graph.ts">
        <metrics statements="14" coveredstatements="14" conditionals="0" coveredconditionals="0" methods="2" coveredmethods="2"/>
        <line num="4" count="2" type="stmt"/>
        <line num="9" count="2" type="stmt"/>
        <line num="10" count="1" type="stmt"/>
        <line num="17" count="2" type="stmt"/>
        <line num="18" count="2179" type="stmt"/>
        <line num="25" count="2" type="stmt"/>
        <line num="26" count="1" type="stmt"/>
        <line num="28" count="1" type="stmt"/>
        <line num="29" count="1" type="stmt"/>
        <line num="37" count="2" type="stmt"/>
        <line num="38" count="42" type="stmt"/>
        <line num="45" count="2" type="stmt"/>
        <line num="46" count="1218" type="stmt"/>
        <line num="53" count="2" type="stmt"/>
      </file>
      <file name="index.ts" path="/Users/harshitgarg/Documents/pro/sclare/packages/core/src/knowledge/index.ts">
        <metrics statements="0" coveredstatements="0" conditionals="0" coveredconditionals="0" methods="0" coveredmethods="0"/>
      </file>
    </package>
    <package name="core.src.performance">
      <metrics statements="2" coveredstatements="2" conditionals="0" coveredconditionals="0" methods="1" coveredmethods="1"/>
      <file name="index.ts" path="/Users/harshitgarg/Documents/pro/sclare/packages/core/src/performance/index.ts">
        <metrics statements="0" coveredstatements="0" conditionals="0" coveredconditionals="0" methods="0" coveredmethods="0"/>
      </file>
      <file name="metrics.ts" path="/Users/harshitgarg/Documents/pro/sclare/packages/core/src/performance/metrics.ts">
        <metrics statements="0" coveredstatements="0" conditionals="0" coveredconditionals="0" methods="0" coveredmethods="0"/>
      </file>
      <file name="timer.ts" path="/Users/harshitgarg/Documents/pro/sclare/packages/core/src/performance/timer.ts">
        <metrics statements="2" coveredstatements="2" conditionals="0" coveredconditionals="0" methods="1" coveredmethods="1"/>
        <line num="2" count="4" type="stmt"/>
        <line num="5" count="4" type="stmt"/>
      </file>
    </package>
    <package name="core.src.query">
      <metrics statements="41" coveredstatements="40" conditionals="16" coveredconditionals="11" methods="18" coveredmethods="18"/>
      <file name="component.ts" path="/Users/harshitgarg/Documents/pro/sclare/packages/core/src/query/component.ts">
        <metrics statements="6" coveredstatements="5" conditionals="2" coveredconditionals="1" methods="2" coveredmethods="2"/>
        <line num="4" count="1" type="stmt"/>
        <line num="6" count="1" type="stmt"/>
        <line num="7" count="1" type="cond" truecount="1" falsecount="1"/>
        <line num="8" count="1" type="stmt"/>
        <line num="12" count="0" type="stmt"/>
        <line num="16" count="1" type="stmt"/>
      </file>
      <file name="dependency.ts" path="/Users/harshitgarg/Documents/pro/sclare/packages/core/src/query/dependency.ts">
        <metrics statements="2" coveredstatements="2" conditionals="0" coveredconditionals="0" methods="4" coveredmethods="4"/>
        <line num="4" count="2" type="stmt"/>
        <line num="8" count="2" type="stmt"/>
      </file>
      <file name="engine.ts" path="/Users/harshitgarg/Documents/pro/sclare/packages/core/src/query/engine.ts">
        <metrics statements="0" coveredstatements="0" conditionals="0" coveredconditionals="0" methods="0" coveredmethods="0"/>
      </file>
      <file name="impact.ts" path="/Users/harshitgarg/Documents/pro/sclare/packages/core/src/query/impact.ts">
        <metrics statements="8" coveredstatements="8" conditionals="2" coveredconditionals="1" methods="3" coveredmethods="3"/>
        <line num="4" count="1" type="stmt"/>
        <line num="7" count="3" type="cond" truecount="1" falsecount="1"/>
        <line num="9" count="3" type="stmt"/>
        <line num="11" count="6" type="stmt"/>
        <line num="13" count="3" type="stmt"/>
        <line num="14" count="2" type="stmt"/>
        <line num="18" count="1" type="stmt"/>
        <line num="20" count="1" type="stmt"/>
      </file>
      <file name="impactAnalyzer.ts" path="/Users/harshitgarg/Documents/pro/sclare/packages/core/src/query/impactAnalyzer.ts">
        <metrics statements="16" coveredstatements="16" conditionals="8" coveredconditionals="5" methods="2" coveredmethods="2"/>
        <line num="15" count="1" type="stmt"/>
        <line num="16" count="1" type="stmt"/>
        <line num="17" count="1" type="stmt"/>
        <line num="20" count="2" type="cond" truecount="1" falsecount="1"/>
        <line num="22" count="2" type="stmt"/>
        <line num="24" count="2" type="stmt"/>
        <line num="25" count="4" type="cond" truecount="2" falsecount="0"/>
        <line num="26" count="1" type="stmt"/>
        <line num="31" count="1" type="stmt"/>
        <line num="33" count="1" type="stmt"/>
        <line num="34" count="2" type="cond" truecount="1" falsecount="1"/>
        <line num="35" count="2" type="stmt"/>
        <line num="39" count="1" type="stmt"/>
        <line num="40" count="2" type="cond" truecount="1" falsecount="1"/>
        <line num="41" count="2" type="stmt"/>
        <line num="45" count="1" type="stmt"/>
      </file>
      <file name="index.ts" path="/Users/harshitgarg/Documents/pro/sclare/packages/core/src/query/index.ts">
        <metrics statements="0" coveredstatements="0" conditionals="0" coveredconditionals="0" methods="0" coveredmethods="0"/>
      </file>
      <file name="search.ts" path="/Users/harshitgarg/Documents/pro/sclare/packages/core/src/query/search.ts">
        <metrics statements="8" coveredstatements="8" conditionals="4" coveredconditionals="4" methods="5" coveredmethods="5"/>
        <line num="14" count="1" type="stmt"/>
        <line num="15" count="2" type="cond" truecount="2" falsecount="0"/>
        <line num="17" count="1" type="stmt"/>
        <line num="18" count="2" type="cond" truecount="2" falsecount="0"/>
        <line num="21" count="1" type="stmt"/>
        <line num="23" count="1" type="stmt"/>
        <line num="24" count="1" type="stmt"/>
        <line num="28" count="1" type="stmt"/>
      </file>
      <file name="symbol.ts" path="/Users/harshitgarg/Documents/pro/sclare/packages/core/src/query/symbol.ts">
        <metrics statements="1" coveredstatements="1" conditionals="0" coveredconditionals="0" methods="2" coveredmethods="2"/>
        <line num="4" count="2" type="stmt"/>
      </file>
    </package>
    <package name="core.src.reasoning">
      <metrics statements="99" coveredstatements="40" conditionals="33" coveredconditionals="12" methods="24" coveredmethods="14"/>
      <file name="dependencyReasoner.ts" path="/Users/harshitgarg/Documents/pro/sclare/packages/core/src/reasoning/dependencyReasoner.ts">
        <metrics statements="13" coveredstatements="5" conditionals="0" coveredconditionals="0" methods="9" coveredmethods="1"/>
        <line num="14" count="1" type="stmt"/>
        <line num="15" count="0" type="stmt"/>
        <line num="16" count="0" type="stmt"/>
        <line num="18" count="1" type="stmt"/>
        <line num="19" count="0" type="stmt"/>
        <line num="20" count="0" type="stmt"/>
        <line num="22" count="1" type="stmt"/>
        <line num="23" count="0" type="stmt"/>
        <line num="24" count="0" type="stmt"/>
        <line num="26" count="1" type="stmt"/>
        <line num="27" count="0" type="stmt"/>
        <line num="28" count="0" type="stmt"/>
        <line num="30" count="1" type="stmt"/>
      </file>
      <file name="explainBuilder.ts" path="/Users/harshitgarg/Documents/pro/sclare/packages/core/src/reasoning/explainBuilder.ts">
        <metrics statements="15" coveredstatements="13" conditionals="12" coveredconditionals="7" methods="5" coveredmethods="5"/>
        <line num="14" count="3" type="stmt"/>
        <line num="15" count="2" type="cond" truecount="1" falsecount="1"/>
        <line num="18" count="3" type="cond" truecount="2" falsecount="0"/>
        <line num="19" count="2" type="stmt"/>
        <line num="27" count="1" type="stmt"/>
        <line num="28" count="1" type="cond" truecount="1" falsecount="1"/>
        <line num="31" count="1" type="cond" truecount="1" falsecount="1"/>
        <line num="32" count="1" type="stmt"/>
        <line num="40" count="0" type="stmt"/>
        <line num="44" count="1" type="stmt"/>
        <line num="45" count="1" type="cond" truecount="1" falsecount="1"/>
        <line num="48" count="1" type="cond" truecount="1" falsecount="1"/>
        <line num="49" count="0" type="stmt"/>
        <line num="52" count="1" type="stmt"/>
        <line num="54" count="1" type="stmt"/>
      </file>
      <file name="formatterRisk.ts" path="/Users/harshitgarg/Documents/pro/sclare/packages/core/src/reasoning/formatterRisk.ts">
        <metrics statements="16" coveredstatements="0" conditionals="0" coveredconditionals="0" methods="1" coveredmethods="0"/>
        <line num="4" count="0" type="stmt"/>
        <line num="5" count="0" type="stmt"/>
        <line num="6" count="0" type="stmt"/>
        <line num="7" count="0" type="stmt"/>
        <line num="8" count="0" type="stmt"/>
        <line num="9" count="0" type="stmt"/>
        <line num="10" count="0" type="stmt"/>
        <line num="11" count="0" type="stmt"/>
        <line num="12" count="0" type="stmt"/>
        <line num="13" count="0" type="stmt"/>
        <line num="14" count="0" type="stmt"/>
        <line num="15" count="0" type="stmt"/>
        <line num="16" count="0" type="stmt"/>
        <line num="17" count="0" type="stmt"/>
        <line num="18" count="0" type="stmt"/>
        <line num="19" count="0" type="stmt"/>
      </file>
      <file name="formatterV2.ts" path="/Users/harshitgarg/Documents/pro/sclare/packages/core/src/reasoning/formatterV2.ts">
        <metrics statements="24" coveredstatements="0" conditionals="0" coveredconditionals="0" methods="1" coveredmethods="0"/>
        <line num="15" count="0" type="stmt"/>
        <line num="16" count="0" type="stmt"/>
        <line num="17" count="0" type="stmt"/>
        <line num="18" count="0" type="stmt"/>
        <line num="19" count="0" type="stmt"/>
        <line num="20" count="0" type="stmt"/>
        <line num="21" count="0" type="stmt"/>
        <line num="22" count="0" type="stmt"/>
        <line num="23" count="0" type="stmt"/>
        <line num="24" count="0" type="stmt"/>
        <line num="25" count="0" type="stmt"/>
        <line num="26" count="0" type="stmt"/>
        <line num="27" count="0" type="stmt"/>
        <line num="28" count="0" type="stmt"/>
        <line num="29" count="0" type="stmt"/>
        <line num="30" count="0" type="stmt"/>
        <line num="31" count="0" type="stmt"/>
        <line num="32" count="0" type="stmt"/>
        <line num="33" count="0" type="stmt"/>
        <line num="34" count="0" type="stmt"/>
        <line num="35" count="0" type="stmt"/>
        <line num="36" count="0" type="stmt"/>
        <line num="37" count="0" type="stmt"/>
        <line num="38" count="0" type="stmt"/>
      </file>
      <file name="index.ts" path="/Users/harshitgarg/Documents/pro/sclare/packages/core/src/reasoning/index.ts">
        <metrics statements="0" coveredstatements="0" conditionals="0" coveredconditionals="0" methods="0" coveredmethods="0"/>
      </file>
      <file name="responsibility.ts" path="/Users/harshitgarg/Documents/pro/sclare/packages/core/src/reasoning/responsibility.ts">
        <metrics statements="7" coveredstatements="3" conditionals="5" coveredconditionals="1" methods="1" coveredmethods="1"/>
        <line num="4" count="1" type="stmt"/>
        <line num="6" count="1" type="cond" truecount="1" falsecount="4"/>
        <line num="8" count="1" type="stmt"/>
        <line num="10" count="0" type="stmt"/>
        <line num="12" count="0" type="stmt"/>
        <line num="14" count="0" type="stmt"/>
        <line num="16" count="0" type="stmt"/>
      </file>
      <file name="risk.ts" path="/Users/harshitgarg/Documents/pro/sclare/packages/core/src/reasoning/risk.ts">
        <metrics statements="24" coveredstatements="19" conditionals="16" coveredconditionals="4" methods="7" coveredmethods="7"/>
        <line num="14" count="1" type="stmt"/>
        <line num="16" count="1" type="stmt"/>
        <line num="17" count="0" type="cond" truecount="0" falsecount="4"/>
        <line num="18" count="0" type="stmt"/>
        <line num="22" count="1" type="stmt"/>
        <line num="23" count="1" type="cond" truecount="2" falsecount="2"/>
        <line num="24" count="1" type="stmt"/>
        <line num="28" count="1" type="stmt"/>
        <line num="29" count="1" type="stmt"/>
        <line num="37" count="1" type="stmt"/>
        <line num="39" count="1" type="stmt"/>
        <line num="43" count="1" type="stmt"/>
        <line num="44" count="1" type="stmt"/>
        <line num="45" count="1" type="stmt"/>
        <line num="47" count="1" type="stmt"/>
        <line num="48" count="1" type="stmt"/>
        <line num="49" count="1" type="stmt"/>
        <line num="51" count="1" type="stmt"/>
        <line num="58" count="1" type="cond" truecount="1" falsecount="1"/>
        <line num="59" count="1" type="stmt"/>
        <line num="60" count="0" type="cond" truecount="0" falsecount="2"/>
        <line num="61" count="0" type="stmt"/>
        <line num="63" count="0" type="stmt"/>
        <line num="66" count="1" type="stmt"/>
      </file>
    </package>
    <package name="core.src.retrieval">
      <metrics statements="72" coveredstatements="63" conditionals="36" coveredconditionals="29" methods="19" coveredmethods="17"/>
      <file name="candidates.ts" path="/Users/harshitgarg/Documents/pro/sclare/packages/core/src/retrieval/candidates.ts">
        <metrics statements="7" coveredstatements="7" conditionals="4" coveredconditionals="4" methods="1" coveredmethods="1"/>
        <line num="7" count="2" type="stmt"/>
        <line num="9" count="2" type="stmt"/>
        <line num="10" count="6" type="stmt"/>
        <line num="11" count="6" type="cond" truecount="2" falsecount="0"/>
        <line num="13" count="2" type="stmt"/>
        <line num="14" count="3" type="cond" truecount="2" falsecount="0"/>
        <line num="18" count="2" type="stmt"/>
      </file>
      <file name="confidence.ts" path="/Users/harshitgarg/Documents/pro/sclare/packages/core/src/retrieval/confidence.ts">
        <metrics statements="8" coveredstatements="8" conditionals="6" coveredconditionals="5" methods="1" coveredmethods="1"/>
        <line num="15" count="4" type="cond" truecount="1" falsecount="1"/>
        <line num="16" count="4" type="stmt"/>
        <line num="17" count="4" type="stmt"/>
        <line num="19" count="4" type="cond" truecount="2" falsecount="0"/>
        <line num="20" count="1" type="stmt"/>
        <line num="28" count="3" type="cond" truecount="2" falsecount="0"/>
        <line num="29" count="1" type="stmt"/>
        <line num="37" count="2" type="stmt"/>
      </file>
      <file name="expander.ts" path="/Users/harshitgarg/Documents/pro/sclare/packages/core/src/retrieval/expander.ts">
        <metrics statements="12" coveredstatements="10" conditionals="8" coveredconditionals="7" methods="1" coveredmethods="1"/>
        <line num="4" count="2" type="stmt"/>
        <line num="5" count="2" type="stmt"/>
        <line num="7" count="2" type="stmt"/>
        <line num="8" count="3" type="stmt"/>
        <line num="10" count="3" type="stmt"/>
        <line num="11" count="6" type="cond" truecount="4" falsecount="0"/>
        <line num="12" count="1" type="stmt"/>
        <line num="13" count="1" type="stmt"/>
        <line num="16" count="6" type="cond" truecount="3" falsecount="1"/>
        <line num="17" count="0" type="stmt"/>
        <line num="18" count="0" type="stmt"/>
        <line num="23" count="2" type="stmt"/>
      </file>
      <file name="index.ts" path="/Users/harshitgarg/Documents/pro/sclare/packages/core/src/retrieval/index.ts">
        <metrics statements="0" coveredstatements="0" conditionals="0" coveredconditionals="0" methods="0" coveredmethods="0"/>
      </file>
      <file name="retrieve.ts" path="/Users/harshitgarg/Documents/pro/sclare/packages/core/src/retrieval/retrieve.ts">
        <metrics statements="19" coveredstatements="15" conditionals="10" coveredconditionals="7" methods="8" coveredmethods="6"/>
        <line num="11" count="2" type="cond" truecount="2" falsecount="0"/>
        <line num="12" count="0" type="stmt"/>
        <line num="14" count="2" type="cond" truecount="1" falsecount="1"/>
        <line num="15" count="0" type="stmt"/>
        <line num="19" count="2" type="cond" truecount="2" falsecount="0"/>
        <line num="20" count="0" type="stmt"/>
        <line num="22" count="2" type="cond" truecount="1" falsecount="1"/>
        <line num="23" count="0" type="stmt"/>
        <line num="26" count="3" type="stmt"/>
        <line num="27" count="2" type="cond" truecount="1" falsecount="1"/>
        <line num="31" count="2" type="stmt"/>
        <line num="32" count="2" type="stmt"/>
        <line num="33" count="2" type="stmt"/>
        <line num="38" count="2" type="stmt"/>
        <line num="39" count="2" type="stmt"/>
        <line num="40" count="2" type="stmt"/>
        <line num="41" count="2" type="stmt"/>
        <line num="42" count="2" type="stmt"/>
        <line num="44" count="2" type="stmt"/>
      </file>
      <file name="scorer.ts" path="/Users/harshitgarg/Documents/pro/sclare/packages/core/src/retrieval/scorer.ts">
        <metrics statements="5" coveredstatements="5" conditionals="0" coveredconditionals="0" methods="2" coveredmethods="2"/>
        <line num="9" count="2" type="stmt"/>
        <line num="11" count="2" type="stmt"/>
        <line num="12" count="2" type="stmt"/>
        <line num="20" count="2" type="stmt"/>
        <line num="21" count="2" type="stmt"/>
      </file>
      <file name="tokenizer.ts" path="/Users/harshitgarg/Documents/pro/sclare/packages/core/src/retrieval/tokenizer.ts">
        <metrics statements="3" coveredstatements="3" conditionals="0" coveredconditionals="0" methods="2" coveredmethods="2"/>
        <line num="1" count="3" type="stmt"/>
        <line num="22" count="4" type="stmt"/>
        <line num="27" count="14" type="stmt"/>
      </file>
      <file name="trace.ts" path="/Users/harshitgarg/Documents/pro/sclare/packages/core/src/retrieval/trace.ts">
        <metrics statements="0" coveredstatements="0" conditionals="0" coveredconditionals="0" methods="0" coveredmethods="0"/>
      </file>
      <file name="vocabulary.ts" path="/Users/harshitgarg/Documents/pro/sclare/packages/core/src/retrieval/vocabulary.ts">
        <metrics statements="18" coveredstatements="15" conditionals="8" coveredconditionals="6" methods="4" coveredmethods="4"/>
        <line num="4" count="2" type="stmt"/>
        <line num="7" count="14" type="cond" truecount="2" falsecount="0"/>
        <line num="8" count="10" type="stmt"/>
        <line num="11" count="14" type="stmt"/>
        <line num="15" count="7" type="stmt"/>
        <line num="17" count="7" type="cond" truecount="3" falsecount="1"/>
        <line num="18" count="0" type="stmt"/>
        <line num="19" count="7" type="cond" truecount="1" falsecount="1"/>
        <line num="20" count="7" type="stmt"/>
        <line num="24" count="2" type="stmt"/>
        <line num="25" count="3" type="stmt"/>
        <line num="32" count="2" type="stmt"/>
        <line num="33" count="3" type="stmt"/>
        <line num="34" count="7" type="stmt"/>
        <line num="38" count="2" type="stmt"/>
        <line num="39" count="0" type="stmt"/>
        <line num="40" count="0" type="stmt"/>
        <line num="44" count="2" type="stmt"/>
      </file>
    </package>
    <package name="observer.src">
      <metrics statements="43" coveredstatements="41" conditionals="38" coveredconditionals="32" methods="4" coveredmethods="4"/>
      <file name="detector.ts" path="/Users/harshitgarg/Documents/pro/sclare/packages/observer/src/detector.ts">
        <metrics statements="20" coveredstatements="19" conditionals="28" coveredconditionals="23" methods="1" coveredmethods="1"/>
        <line num="14" count="5" type="stmt"/>
        <line num="16" count="5" type="cond" truecount="2" falsecount="0"/>
        <line num="17" count="5" type="cond" truecount="2" falsecount="0"/>
        <line num="18" count="5" type="cond" truecount="2" falsecount="0"/>
        <line num="19" count="5" type="cond" truecount="2" falsecount="0"/>
        <line num="20" count="5" type="cond" truecount="2" falsecount="0"/>
        <line num="22" count="5" type="stmt"/>
        <line num="23" count="5" type="stmt"/>
        <line num="25" count="5" type="stmt"/>
        <line num="27" count="5" type="cond" truecount="1" falsecount="1"/>
        <line num="28" count="5" type="stmt"/>
        <line num="30" count="5" type="stmt"/>
        <line num="35" count="5" type="cond" truecount="2" falsecount="0"/>
        <line num="36" count="4" type="cond" truecount="1" falsecount="1"/>
        <line num="37" count="4" type="cond" truecount="2" falsecount="0"/>
        <line num="38" count="3" type="cond" truecount="1" falsecount="1"/>
        <line num="40" count="5" type="cond" truecount="2" falsecount="0"/>
        <line num="41" count="1" type="cond" truecount="1" falsecount="1"/>
        <line num="42" count="0" type="stmt"/>
        <line num="45" count="5" type="stmt"/>
      </file>
      <file name="index.ts" path="/Users/harshitgarg/Documents/pro/sclare/packages/observer/src/index.ts">
        <metrics statements="0" coveredstatements="0" conditionals="0" coveredconditionals="0" methods="0" coveredmethods="0"/>
      </file>
      <file name="observer.ts" path="/Users/harshitgarg/Documents/pro/sclare/packages/observer/src/observer.ts">
        <metrics statements="7" coveredstatements="6" conditionals="2" coveredconditionals="1" methods="1" coveredmethods="1"/>
        <line num="12" count="1" type="stmt"/>
        <line num="14" count="1" type="cond" truecount="1" falsecount="1"/>
        <line num="15" count="0" type="stmt"/>
        <line num="18" count="1" type="stmt"/>
        <line num="19" count="1" type="stmt"/>
        <line num="20" count="1" type="stmt"/>
        <line num="22" count="1" type="stmt"/>
      </file>
      <file name="scanner.ts" path="/Users/harshitgarg/Documents/pro/sclare/packages/observer/src/scanner.ts">
        <metrics statements="16" coveredstatements="16" conditionals="8" coveredconditionals="8" methods="2" coveredmethods="2"/>
        <line num="7" count="2" type="stmt"/>
        <line num="8" count="2" type="stmt"/>
        <line num="9" count="2" type="stmt"/>
        <line num="16" count="88" type="stmt"/>
        <line num="20" count="88" type="stmt"/>
        <line num="21" count="506" type="cond" truecount="4" falsecount="0"/>
        <line num="23" count="428" type="stmt"/>
        <line num="25" count="428" type="cond" truecount="2" falsecount="0"/>
        <line num="26" count="86" type="stmt"/>
        <line num="27" count="86" type="stmt"/>
        <line num="29" count="342" type="stmt"/>
        <line num="31" count="342" type="stmt"/>
        <line num="33" count="342" type="cond" truecount="2" falsecount="0"/>
        <line num="34" count="340" type="stmt"/>
        <line num="40" count="2" type="stmt"/>
        <line num="42" count="2" type="stmt"/>
      </file>
      <file name="types.ts" path="/Users/harshitgarg/Documents/pro/sclare/packages/observer/src/types.ts">
        <metrics statements="0" coveredstatements="0" conditionals="0" coveredconditionals="0" methods="0" coveredmethods="0"/>
      </file>
    </package>
    <package name="shared.src">
      <metrics statements="14" coveredstatements="9" conditionals="2" coveredconditionals="0" methods="9" coveredmethods="6"/>
      <file name="errors.ts" path="/Users/harshitgarg/Documents/pro/sclare/packages/shared/src/errors.ts">
        <metrics statements="3" coveredstatements="2" conditionals="0" coveredconditionals="0" methods="3" coveredmethods="2"/>
        <line num="3" count="1" type="stmt"/>
        <line num="9" count="0" type="stmt"/>
        <line num="15" count="1" type="stmt"/>
      </file>
      <file name="index.ts" path="/Users/harshitgarg/Documents/pro/sclare/packages/shared/src/index.ts">
        <metrics statements="5" coveredstatements="5" conditionals="0" coveredconditionals="0" methods="2" coveredmethods="2"/>
        <line num="6" count="1" type="stmt"/>
        <line num="10" count="1" type="stmt"/>
        <line num="11" count="1" type="stmt"/>
        <line num="12" count="1" type="stmt"/>
        <line num="13" count="1" type="stmt"/>
      </file>
      <file name="matcher.ts" path="/Users/harshitgarg/Documents/pro/sclare/packages/shared/src/matcher.ts">
        <metrics statements="4" coveredstatements="0" conditionals="2" coveredconditionals="0" methods="2" coveredmethods="0"/>
        <line num="2" count="0" type="stmt"/>
        <line num="6" count="0" type="stmt"/>
        <line num="7" count="0" type="stmt"/>
        <line num="9" count="0" type="cond" truecount="0" falsecount="2"/>
      </file>
      <file name="result.ts" path="/Users/harshitgarg/Documents/pro/sclare/packages/shared/src/result.ts">
        <metrics statements="2" coveredstatements="2" conditionals="0" coveredconditionals="0" methods="2" coveredmethods="2"/>
        <line num="12" count="1" type="stmt"/>
        <line num="19" count="1" type="stmt"/>
      </file>
    </package>
  </project>
</coverage>
