<?xml version="1.0" encoding="UTF-8"?>
<coverage generated="1784049308969" clover="3.2.0">
  <project timestamp="1784049308969" name="All files">
    <metrics statements="252" coveredstatements="233" conditionals="125" coveredconditionals="91" methods="58" coveredmethods="54" elements="435" coveredelements="378" complexity="0" loc="252" ncloc="252" packages="10" files="34" classes="34"/>
    <package name="analyzer.src">
      <metrics statements="20" coveredstatements="18" conditionals="4" coveredconditionals="1" methods="2" coveredmethods="2"/>
      <file name="analyzer.ts" path="/Users/harshitgarg/Documents/pro/sclare/packages/analyzer/src/analyzer.ts">
        <metrics statements="19" coveredstatements="17" conditionals="4" coveredconditionals="1" methods="1" coveredmethods="1"/>
        <line num="14" count="2" type="stmt"/>
        <line num="15" count="2" type="stmt"/>
        <line num="21" count="2" type="stmt"/>
        <line num="29" count="2" type="stmt"/>
        <line num="30" count="136" type="stmt"/>
        <line num="31" count="136" type="stmt"/>
        <line num="32" count="136" type="stmt"/>
        <line num="34" count="136" type="stmt"/>
        <line num="35" count="136" type="stmt"/>
        <line num="36" count="136" type="stmt"/>
        <line num="39" count="2" type="stmt"/>
        <line num="41" count="2" type="stmt"/>
        <line num="42" count="2" type="stmt"/>
        <line num="44" count="2" type="stmt"/>
        <line num="45" count="778" type="cond" truecount="1" falsecount="1"/>
        <line num="46" count="0" type="stmt"/>
        <line num="49" count="2" type="stmt"/>
        <line num="51" count="2" type="stmt"/>
        <line num="53" count="0" type="cond" truecount="0" falsecount="2"/>
      </file>
      <file name="index.ts" path="/Users/harshitgarg/Documents/pro/sclare/packages/analyzer/src/index.ts">
        <metrics statements="0" coveredstatements="0" conditionals="0" coveredconditionals="0" methods="0" coveredmethods="0"/>
      </file>
      <file name="tsCompiler.ts" path="/Users/harshitgarg/Documents/pro/sclare/packages/analyzer/src/tsCompiler.ts">
        <metrics statements="1" coveredstatements="1" conditionals="0" coveredconditionals="0" methods="1" coveredmethods="1"/>
        <line num="4" count="5" type="stmt"/>
      </file>
      <file name="types.ts" path="/Users/harshitgarg/Documents/pro/sclare/packages/analyzer/src/types.ts">
        <metrics statements="0" coveredstatements="0" conditionals="0" coveredconditionals="0" methods="0" coveredmethods="0"/>
      </file>
    </package>
    <package name="analyzer.src.component">
      <metrics statements="17" coveredstatements="17" conditionals="18" coveredconditionals="15" methods="4" coveredmethods="4"/>
      <file name="decoratorExtractor.ts" path="/Users/harshitgarg/Documents/pro/sclare/packages/analyzer/src/component/decoratorExtractor.ts">
        <metrics statements="17" coveredstatements="17" conditionals="18" coveredconditionals="15" methods="4" coveredmethods="4"/>
        <line num="6" count="10" type="stmt"/>
        <line num="8" count="10" type="cond" truecount="1" falsecount="1"/>
        <line num="10" count="10" type="stmt"/>
        <line num="11" count="10" type="stmt"/>
        <line num="12" count="10" type="cond" truecount="1" falsecount="1"/>
        <line num="14" count="10" type="cond" truecount="2" falsecount="0"/>
        <line num="19" count="2" type="stmt"/>
        <line num="22" count="152" type="cond" truecount="4" falsecount="0"/>
        <line num="23" count="4" type="stmt"/>
        <line num="25" count="4" type="cond" truecount="2" falsecount="0"/>
        <line num="26" count="3" type="cond" truecount="2" falsecount="0"/>
        <line num="27" count="2" type="cond" truecount="2" falsecount="0"/>
        <line num="28" count="1" type="cond" truecount="1" falsecount="1"/>
        <line num="30" count="4" type="stmt"/>
        <line num="39" count="152" type="stmt"/>
        <line num="42" count="2" type="stmt"/>
        <line num="44" count="2" type="stmt"/>
      </file>
    </package>
    <package name="analyzer.src.graph">
      <metrics statements="28" coveredstatements="28" conditionals="16" coveredconditionals="13" methods="5" coveredmethods="5"/>
      <file name="callGraph.ts" path="/Users/harshitgarg/Documents/pro/sclare/packages/analyzer/src/graph/callGraph.ts">
        <metrics statements="14" coveredstatements="14" conditionals="10" coveredconditionals="8" methods="2" coveredmethods="2"/>
        <line num="6" count="137" type="stmt"/>
        <line num="8" count="137" type="stmt"/>
        <line num="11" count="34586" type="cond" truecount="4" falsecount="0"/>
        <line num="12" count="112" type="stmt"/>
        <line num="14" count="112" type="cond" truecount="1" falsecount="1"/>
        <line num="15" count="112" type="stmt"/>
        <line num="19" count="34586" type="cond" truecount="2" falsecount="0"/>
        <line num="20" count="1207" type="stmt"/>
        <line num="22" count="1207" type="cond" truecount="1" falsecount="1"/>
        <line num="23" count="1207" type="stmt"/>
        <line num="31" count="34586" type="stmt"/>
        <line num="32" count="34449" type="stmt"/>
        <line num="36" count="137" type="stmt"/>
        <line num="38" count="137" type="stmt"/>
      </file>
      <file name="dependencyGraph.ts" path="/Users/harshitgarg/Documents/pro/sclare/packages/analyzer/src/graph/dependencyGraph.ts">
        <metrics statements="14" coveredstatements="14" conditionals="6" coveredconditionals="5" methods="3" coveredmethods="3"/>
        <line num="6" count="3" type="stmt"/>
        <line num="8" count="3" type="stmt"/>
        <line num="9" count="138" type="stmt"/>
        <line num="12" count="3" type="stmt"/>
        <line num="13" count="897" type="stmt"/>
        <line num="15" count="138" type="stmt"/>
        <line num="16" count="283" type="stmt"/>
        <line num="18" count="283" type="cond" truecount="1" falsecount="1"/>
        <line num="20" count="283" type="stmt"/>
        <line num="22" count="283" type="cond" truecount="2" falsecount="0"/>
        <line num="24" count="137" type="stmt"/>
        <line num="26" count="137" type="cond" truecount="2" falsecount="0"/>
        <line num="28" count="81" type="stmt"/>
        <line num="36" count="3" type="stmt"/>
      </file>
    </package>
    <package name="analyzer.src.parser">
      <metrics statements="28" coveredstatements="28" conditionals="22" coveredconditionals="16" methods="4" coveredmethods="4"/>
      <file name="parser.ts" path="/Users/harshitgarg/Documents/pro/sclare/packages/analyzer/src/parser/parser.ts">
        <metrics statements="3" coveredstatements="3" conditionals="0" coveredconditionals="0" methods="1" coveredmethods="1"/>
        <line num="4" count="3" type="stmt"/>
        <line num="5" count="3" type="stmt"/>
        <line num="8" count="137" type="stmt"/>
      </file>
      <file name="symbolWalker.ts" path="/Users/harshitgarg/Documents/pro/sclare/packages/analyzer/src/parser/symbolWalker.ts">
        <metrics statements="25" coveredstatements="25" conditionals="22" coveredconditionals="16" methods="3" coveredmethods="3"/>
        <line num="6" count="906" type="stmt"/>
        <line num="16" count="138" type="stmt"/>
        <line num="22" count="34641" type="cond" truecount="10" falsecount="0"/>
        <line num="24" count="8" type="cond" truecount="1" falsecount="1"/>
        <line num="25" count="8" type="stmt"/>
        <line num="28" count="106" type="cond" truecount="1" falsecount="1"/>
        <line num="29" count="106" type="stmt"/>
        <line num="32" count="6" type="cond" truecount="1" falsecount="1"/>
        <line num="33" count="6" type="stmt"/>
        <line num="36" count="35" type="cond" truecount="1" falsecount="1"/>
        <line num="37" count="35" type="stmt"/>
        <line num="40" count="7" type="cond" truecount="1" falsecount="1"/>
        <line num="41" count="7" type="stmt"/>
        <line num="44" count="1" type="cond" truecount="1" falsecount="1"/>
        <line num="45" count="1" type="stmt"/>
        <line num="49" count="289" type="stmt"/>
        <line num="50" count="289" type="stmt"/>
        <line num="53" count="283" type="stmt"/>
        <line num="54" count="283" type="stmt"/>
        <line num="57" count="171" type="stmt"/>
        <line num="58" count="171" type="stmt"/>
        <line num="61" count="34641" type="stmt"/>
        <line num="62" count="34503" type="stmt"/>
        <line num="66" count="138" type="stmt"/>
        <line num="68" count="138" type="stmt"/>
      </file>
    </package>
    <package name="core.src">
      <metrics statements="11" coveredstatements="9" conditionals="4" coveredconditionals="2" methods="1" coveredmethods="1"/>
      <file name="builder.ts" path="/Users/harshitgarg/Documents/pro/sclare/packages/core/src/builder.ts">
        <metrics statements="11" coveredstatements="9" conditionals="4" coveredconditionals="2" methods="1" coveredmethods="1"/>
        <line num="8" count="1" type="stmt"/>
        <line num="9" count="1" type="stmt"/>
        <line num="11" count="1" type="cond" truecount="1" falsecount="1"/>
        <line num="12" count="0" type="stmt"/>
        <line num="15" count="1" type="stmt"/>
        <line num="17" count="1" type="cond" truecount="1" falsecount="1"/>
        <line num="18" count="0" type="stmt"/>
        <line num="21" count="1" type="stmt"/>
        <line num="22" count="1" type="stmt"/>
        <line num="29" count="1" type="stmt"/>
        <line num="31" count="1" type="stmt"/>
      </file>
      <file name="index.ts" path="/Users/harshitgarg/Documents/pro/sclare/packages/core/src/index.ts">
        <metrics statements="0" coveredstatements="0" conditionals="0" coveredconditionals="0" methods="0" coveredmethods="0"/>
      </file>
      <file name="types.ts" path="/Users/harshitgarg/Documents/pro/sclare/packages/core/src/types.ts">
        <metrics statements="0" coveredstatements="0" conditionals="0" coveredconditionals="0" methods="0" coveredmethods="0"/>
      </file>
    </package>
    <package name="core.src.cache">
      <metrics statements="38" coveredstatements="31" conditionals="13" coveredconditionals="9" methods="9" coveredmethods="7"/>
      <file name="cache.ts" path="/Users/harshitgarg/Documents/pro/sclare/packages/core/src/cache/cache.ts">
        <metrics statements="22" coveredstatements="15" conditionals="6" coveredconditionals="2" methods="7" coveredmethods="5"/>
        <line num="12" count="3" type="stmt"/>
        <line num="16" count="2" type="stmt"/>
        <line num="18" count="2" type="cond" truecount="1" falsecount="1"/>
        <line num="19" count="0" type="stmt"/>
        <line num="22" count="2" type="stmt"/>
        <line num="23" count="2" type="stmt"/>
        <line num="24" count="2" type="stmt"/>
        <line num="26" count="2" type="stmt"/>
        <line num="28" count="0" type="stmt"/>
        <line num="33" count="1" type="stmt"/>
        <line num="35" count="1" type="stmt"/>
        <line num="36" count="1" type="stmt"/>
        <line num="40" count="1" type="stmt"/>
        <line num="42" count="1" type="cond" truecount="1" falsecount="1"/>
        <line num="44" count="0" type="stmt"/>
        <line num="48" count="1" type="stmt"/>
        <line num="50" count="1" type="stmt"/>
        <line num="55" count="1" type="stmt"/>
        <line num="59" count="0" type="stmt"/>
        <line num="61" count="0" type="cond" truecount="0" falsecount="2"/>
        <line num="62" count="0" type="stmt"/>
        <line num="67" count="0" type="stmt"/>
      </file>
      <file name="index.ts" path="/Users/harshitgarg/Documents/pro/sclare/packages/core/src/cache/index.ts">
        <metrics statements="0" coveredstatements="0" conditionals="0" coveredconditionals="0" methods="0" coveredmethods="0"/>
      </file>
      <file name="key.ts" path="/Users/harshitgarg/Documents/pro/sclare/packages/core/src/cache/key.ts">
        <metrics statements="16" coveredstatements="16" conditionals="7" coveredconditionals="7" methods="2" coveredmethods="2"/>
        <line num="6" count="33" type="stmt"/>
        <line num="10" count="33" type="stmt"/>
        <line num="11" count="536" type="cond" truecount="5" falsecount="0"/>
        <line num="13" count="525" type="stmt"/>
        <line num="15" count="525" type="cond" truecount="2" falsecount="0"/>
        <line num="16" count="493" type="stmt"/>
        <line num="21" count="1" type="stmt"/>
        <line num="23" count="1" type="stmt"/>
        <line num="25" count="1" type="stmt"/>
        <line num="27" count="1" type="stmt"/>
        <line num="29" count="1" type="stmt"/>
        <line num="30" count="493" type="stmt"/>
        <line num="32" count="493" type="stmt"/>
        <line num="33" count="493" type="stmt"/>
        <line num="34" count="493" type="stmt"/>
        <line num="37" count="1" type="stmt"/>
      </file>
    </package>
    <package name="core.src.knowledge">
      <metrics statements="18" coveredstatements="13" conditionals="2" coveredconditionals="0" methods="3" coveredmethods="2"/>
      <file name="builder.ts" path="/Users/harshitgarg/Documents/pro/sclare/packages/core/src/knowledge/builder.ts">
        <metrics statements="4" coveredstatements="0" conditionals="2" coveredconditionals="0" methods="1" coveredmethods="0"/>
        <line num="6" count="0" type="stmt"/>
        <line num="8" count="0" type="cond" truecount="0" falsecount="2"/>
        <line num="9" count="0" type="stmt"/>
        <line num="12" count="0" type="stmt"/>
      </file>
      <file name="graph.ts" path="/Users/harshitgarg/Documents/pro/sclare/packages/core/src/knowledge/graph.ts">
        <metrics statements="14" coveredstatements="13" conditionals="0" coveredconditionals="0" methods="2" coveredmethods="2"/>
        <line num="4" count="1" type="stmt"/>
        <line num="9" count="1" type="stmt"/>
        <line num="10" count="1" type="stmt"/>
        <line num="17" count="1" type="stmt"/>
        <line num="18" count="1" type="stmt"/>
        <line num="25" count="1" type="stmt"/>
        <line num="26" count="1" type="stmt"/>
        <line num="28" count="1" type="stmt"/>
        <line num="29" count="1" type="stmt"/>
        <line num="37" count="1" type="stmt"/>
        <line num="38" count="1" type="stmt"/>
        <line num="45" count="1" type="stmt"/>
        <line num="46" count="0" type="stmt"/>
        <line num="53" count="1" type="stmt"/>
      </file>
      <file name="index.ts" path="/Users/harshitgarg/Documents/pro/sclare/packages/core/src/knowledge/index.ts">
        <metrics statements="0" coveredstatements="0" conditionals="0" coveredconditionals="0" methods="0" coveredmethods="0"/>
      </file>
    </package>
    <package name="core.src.query">
      <metrics statements="38" coveredstatements="38" conditionals="10" coveredconditionals="6" methods="19" coveredmethods="19"/>
      <file name="component.ts" path="/Users/harshitgarg/Documents/pro/sclare/packages/core/src/query/component.ts">
        <metrics statements="2" coveredstatements="2" conditionals="0" coveredconditionals="0" methods="3" coveredmethods="3"/>
        <line num="4" count="1" type="stmt"/>
        <line num="8" count="1" type="stmt"/>
      </file>
      <file name="dependency.ts" path="/Users/harshitgarg/Documents/pro/sclare/packages/core/src/query/dependency.ts">
        <metrics statements="2" coveredstatements="2" conditionals="0" coveredconditionals="0" methods="4" coveredmethods="4"/>
        <line num="4" count="2" type="stmt"/>
        <line num="8" count="2" type="stmt"/>
      </file>
      <file name="engine.ts" path="/Users/harshitgarg/Documents/pro/sclare/packages/core/src/query/engine.ts">
        <metrics statements="0" coveredstatements="0" conditionals="0" coveredconditionals="0" methods="0" coveredmethods="0"/>
      </file>
      <file name="impact.ts" path="/Users/harshitgarg/Documents/pro/sclare/packages/core/src/query/impact.ts">
        <metrics statements="8" coveredstatements="8" conditionals="2" coveredconditionals="1" methods="3" coveredmethods="3"/>
        <line num="4" count="1" type="stmt"/>
        <line num="7" count="3" type="cond" truecount="1" falsecount="1"/>
        <line num="9" count="3" type="stmt"/>
        <line num="11" count="6" type="stmt"/>
        <line num="13" count="3" type="stmt"/>
        <line num="14" count="2" type="stmt"/>
        <line num="18" count="1" type="stmt"/>
        <line num="20" count="1" type="stmt"/>
      </file>
      <file name="impactAnalyzer.ts" path="/Users/harshitgarg/Documents/pro/sclare/packages/core/src/query/impactAnalyzer.ts">
        <metrics statements="16" coveredstatements="16" conditionals="8" coveredconditionals="5" methods="2" coveredmethods="2"/>
        <line num="12" count="1" type="stmt"/>
        <line num="13" count="1" type="stmt"/>
        <line num="14" count="1" type="stmt"/>
        <line num="17" count="2" type="cond" truecount="1" falsecount="1"/>
        <line num="19" count="2" type="stmt"/>
        <line num="21" count="2" type="stmt"/>
        <line num="22" count="4" type="cond" truecount="2" falsecount="0"/>
        <line num="23" count="1" type="stmt"/>
        <line num="28" count="1" type="stmt"/>
        <line num="30" count="1" type="stmt"/>
        <line num="31" count="2" type="cond" truecount="1" falsecount="1"/>
        <line num="32" count="2" type="stmt"/>
        <line num="36" count="1" type="stmt"/>
        <line num="37" count="2" type="cond" truecount="1" falsecount="1"/>
        <line num="38" count="2" type="stmt"/>
        <line num="42" count="1" type="stmt"/>
      </file>
      <file name="index.ts" path="/Users/harshitgarg/Documents/pro/sclare/packages/core/src/query/index.ts">
        <metrics statements="0" coveredstatements="0" conditionals="0" coveredconditionals="0" methods="0" coveredmethods="0"/>
      </file>
      <file name="search.ts" path="/Users/harshitgarg/Documents/pro/sclare/packages/core/src/query/search.ts">
        <metrics statements="9" coveredstatements="9" conditionals="0" coveredconditionals="0" methods="5" coveredmethods="5"/>
        <line num="11" count="1" type="stmt"/>
        <line num="13" count="1" type="stmt"/>
        <line num="14" count="2" type="stmt"/>
        <line num="17" count="1" type="stmt"/>
        <line num="18" count="2" type="stmt"/>
        <line num="21" count="1" type="stmt"/>
        <line num="23" count="1" type="stmt"/>
        <line num="24" count="1" type="stmt"/>
        <line num="28" count="1" type="stmt"/>
      </file>
      <file name="symbol.ts" path="/Users/harshitgarg/Documents/pro/sclare/packages/core/src/query/symbol.ts">
        <metrics statements="1" coveredstatements="1" conditionals="0" coveredconditionals="0" methods="2" coveredmethods="2"/>
        <line num="4" count="2" type="stmt"/>
      </file>
    </package>
    <package name="observer.src">
      <metrics statements="44" coveredstatements="42" conditionals="36" coveredconditionals="29" methods="4" coveredmethods="4"/>
      <file name="detector.ts" path="/Users/harshitgarg/Documents/pro/sclare/packages/observer/src/detector.ts">
        <metrics statements="22" coveredstatements="21" conditionals="28" coveredconditionals="23" methods="1" coveredmethods="1"/>
        <line num="14" count="5" type="stmt"/>
        <line num="16" count="5" type="cond" truecount="2" falsecount="0"/>
        <line num="17" count="5" type="cond" truecount="2" falsecount="0"/>
        <line num="18" count="5" type="cond" truecount="2" falsecount="0"/>
        <line num="19" count="5" type="cond" truecount="2" falsecount="0"/>
        <line num="20" count="5" type="cond" truecount="2" falsecount="0"/>
        <line num="22" count="5" type="stmt"/>
        <line num="23" count="5" type="stmt"/>
        <line num="25" count="5" type="stmt"/>
        <line num="27" count="5" type="cond" truecount="1" falsecount="1"/>
        <line num="28" count="5" type="stmt"/>
        <line num="30" count="5" type="stmt"/>
        <line num="35" count="5" type="cond" truecount="2" falsecount="0"/>
        <line num="36" count="4" type="cond" truecount="1" falsecount="1"/>
        <line num="37" count="4" type="cond" truecount="2" falsecount="0"/>
        <line num="38" count="3" type="cond" truecount="1" falsecount="1"/>
        <line num="40" count="5" type="cond" truecount="2" falsecount="0"/>
        <line num="41" count="4" type="stmt"/>
        <line num="42" count="1" type="cond" truecount="1" falsecount="1"/>
        <line num="43" count="1" type="stmt"/>
        <line num="44" count="0" type="stmt"/>
        <line num="47" count="5" type="stmt"/>
      </file>
      <file name="index.ts" path="/Users/harshitgarg/Documents/pro/sclare/packages/observer/src/index.ts">
        <metrics statements="0" coveredstatements="0" conditionals="0" coveredconditionals="0" methods="0" coveredmethods="0"/>
      </file>
      <file name="observer.ts" path="/Users/harshitgarg/Documents/pro/sclare/packages/observer/src/observer.ts">
        <metrics statements="7" coveredstatements="6" conditionals="2" coveredconditionals="1" methods="1" coveredmethods="1"/>
        <line num="10" count="1" type="stmt"/>
        <line num="12" count="1" type="cond" truecount="1" falsecount="1"/>
        <line num="13" count="0" type="stmt"/>
        <line num="16" count="1" type="stmt"/>
        <line num="17" count="1" type="stmt"/>
        <line num="18" count="1" type="stmt"/>
        <line num="20" count="1" type="stmt"/>
      </file>
      <file name="scanner.ts" path="/Users/harshitgarg/Documents/pro/sclare/packages/observer/src/scanner.ts">
        <metrics statements="15" coveredstatements="15" conditionals="6" coveredconditionals="5" methods="2" coveredmethods="2"/>
        <line num="5" count="2" type="stmt"/>
        <line num="17" count="2" type="stmt"/>
        <line num="24" count="53" type="stmt"/>
        <line num="28" count="53" type="stmt"/>
        <line num="29" count="250" type="cond" truecount="2" falsecount="0"/>
        <line num="31" count="216" type="stmt"/>
        <line num="33" count="216" type="cond" truecount="2" falsecount="0"/>
        <line num="34" count="51" type="stmt"/>
        <line num="35" count="51" type="stmt"/>
        <line num="37" count="165" type="stmt"/>
        <line num="39" count="165" type="stmt"/>
        <line num="41" count="165" type="cond" truecount="1" falsecount="1"/>
        <line num="42" count="165" type="stmt"/>
        <line num="48" count="2" type="stmt"/>
        <line num="50" count="2" type="stmt"/>
      </file>
      <file name="types.ts" path="/Users/harshitgarg/Documents/pro/sclare/packages/observer/src/types.ts">
        <metrics statements="0" coveredstatements="0" conditionals="0" coveredconditionals="0" methods="0" coveredmethods="0"/>
      </file>
    </package>
    <package name="shared.src">
      <metrics statements="10" coveredstatements="9" conditionals="0" coveredconditionals="0" methods="7" coveredmethods="6"/>
      <file name="errors.ts" path="/Users/harshitgarg/Documents/pro/sclare/packages/shared/src/errors.ts">
        <metrics statements="3" coveredstatements="2" conditionals="0" coveredconditionals="0" methods="3" coveredmethods="2"/>
        <line num="3" count="1" type="stmt"/>
        <line num="9" count="0" type="stmt"/>
        <line num="15" count="1" type="stmt"/>
      </file>
      <file name="index.ts" path="/Users/harshitgarg/Documents/pro/sclare/packages/shared/src/index.ts">
        <metrics statements="5" coveredstatements="5" conditionals="0" coveredconditionals="0" methods="2" coveredmethods="2"/>
        <line num="5" count="1" type="stmt"/>
        <line num="9" count="1" type="stmt"/>
        <line num="10" count="1" type="stmt"/>
        <line num="11" count="1" type="stmt"/>
        <line num="12" count="1" type="stmt"/>
      </file>
      <file name="result.ts" path="/Users/harshitgarg/Documents/pro/sclare/packages/shared/src/result.ts">
        <metrics statements="2" coveredstatements="2" conditionals="0" coveredconditionals="0" methods="2" coveredmethods="2"/>
        <line num="12" count="1" type="stmt"/>
        <line num="19" count="1" type="stmt"/>
      </file>
    </package>
  </project>
</coverage>
