{"/Users/harshitgarg/Documents/pro/sclare/packages/analyzer/src/analyzer.ts": {"path":"/Users/harshitgarg/Documents/pro/sclare/packages/analyzer/src/analyzer.ts","statementMap":{"0":{"start":{"line":18,"column":2},"end":{"line":68,"column":null}},"1":{"start":{"line":19,"column":18},"end":{"line":23,"column":null}},"2":{"start":{"line":25,"column":41},"end":{"line":33,"column":null}},"3":{"start":{"line":35,"column":4},"end":{"line":46,"column":null}},"4":{"start":{"line":36,"column":21},"end":{"line":36,"column":null}},"5":{"start":{"line":37,"column":19},"end":{"line":37,"column":null}},"6":{"start":{"line":38,"column":21},"end":{"line":38,"column":null}},"7":{"start":{"line":40,"column":6},"end":{"line":40,"column":null}},"8":{"start":{"line":41,"column":6},"end":{"line":41,"column":null}},"9":{"start":{"line":42,"column":6},"end":{"line":42,"column":null}},"10":{"start":{"line":44,"column":23},"end":{"line":44,"column":null}},"11":{"start":{"line":45,"column":6},"end":{"line":45,"column":null}},"12":{"start":{"line":48,"column":4},"end":{"line":48,"column":null}},"13":{"start":{"line":49,"column":4},"end":{"line":49,"column":null}},"14":{"start":{"line":51,"column":20},"end":{"line":51,"column":null}},"15":{"start":{"line":52,"column":45},"end":{"line":52,"column":null}},"16":{"start":{"line":54,"column":4},"end":{"line":57,"column":null}},"17":{"start":{"line":55,"column":6},"end":{"line":55,"column":null}},"18":{"start":{"line":55,"column":45},"end":{"line":55,"column":null}},"19":{"start":{"line":56,"column":6},"end":{"line":56,"column":null}},"20":{"start":{"line":59,"column":4},"end":{"line":59,"column":null}},"21":{"start":{"line":61,"column":4},"end":{"line":61,"column":null}},"22":{"start":{"line":63,"column":4},"end":{"line":67,"column":null}}},"fnMap":{"0":{"name":"analyzeRepository","decl":{"start":{"line":15,"column":22},"end":{"line":15,"column":null}},"loc":{"start":{"line":17,"column":39},"end":{"line":69,"column":null}},"line":17}},"branchMap":{"0":{"loc":{"start":{"line":55,"column":6},"end":{"line":55,"column":null}},"type":"if","locations":[{"start":{"line":55,"column":6},"end":{"line":55,"column":null}},{"start":{},"end":{}}],"line":55},"1":{"loc":{"start":{"line":64,"column":6},"end":{"line":66,"column":null}},"type":"cond-expr","locations":[{"start":{"line":65,"column":10},"end":{"line":65,"column":null}},{"start":{"line":66,"column":10},"end":{"line":66,"column":null}}],"line":64}},"s":{"0":2,"1":2,"2":2,"3":2,"4":286,"5":286,"6":286,"7":286,"8":286,"9":286,"10":286,"11":286,"12":2,"13":2,"14":2,"15":2,"16":2,"17":1116,"18":1116,"19":0,"20":2,"21":2,"22":0},"f":{"0":2},"b":{"0":[1116,0],"1":[0,0]},"meta":{"lastBranch":2,"lastFunction":1,"lastStatement":23,"seen":{"f:15:22:15:Infinity":0,"s:18:2:68:Infinity":0,"s:19:18:23:Infinity":1,"s:25:41:33:Infinity":2,"s:35:4:46:Infinity":3,"s:36:21:36:Infinity":4,"s:37:19:37:Infinity":5,"s:38:21:38:Infinity":6,"s:40:6:40:Infinity":7,"s:41:6:41:Infinity":8,"s:42:6:42:Infinity":9,"s:44:23:44:Infinity":10,"s:45:6:45:Infinity":11,"s:48:4:48:Infinity":12,"s:49:4:49:Infinity":13,"s:51:20:51:Infinity":14,"s:52:45:52:Infinity":15,"s:54:4:57:Infinity":16,"b:55:6:55:Infinity:undefined:undefined:undefined:undefined":0,"s:55:6:55:Infinity":17,"s:55:45:55:Infinity":18,"s:56:6:56:Infinity":19,"s:59:4:59:Infinity":20,"s:61:4:61:Infinity":21,"s:63:4:67:Infinity":22,"b:65:10:65:Infinity:66:10:66:Infinity":1},"fnNames":{}}}
,"/Users/harshitgarg/Documents/pro/sclare/packages/analyzer/src/index.ts": {"path":"/Users/harshitgarg/Documents/pro/sclare/packages/analyzer/src/index.ts","statementMap":{},"fnMap":{},"branchMap":{},"s":{},"f":{},"b":{},"meta":{"lastBranch":0,"lastFunction":0,"lastStatement":0,"seen":{},"fnNames":{}}}
,"/Users/harshitgarg/Documents/pro/sclare/packages/analyzer/src/tsCompiler.ts": {"path":"/Users/harshitgarg/Documents/pro/sclare/packages/analyzer/src/tsCompiler.ts","statementMap":{"0":{"start":{"line":4,"column":2},"end":{"line":14,"column":null}}},"fnMap":{"0":{"name":"createProgram","decl":{"start":{"line":3,"column":16},"end":{"line":3,"column":30}},"loc":{"start":{"line":3,"column":51},"end":{"line":15,"column":null}},"line":3}},"branchMap":{},"s":{"0":5},"f":{"0":5},"b":{},"meta":{"lastBranch":0,"lastFunction":1,"lastStatement":1,"seen":{"f:3:16:3:30":0,"s:4:2:14:Infinity":0},"fnNames":{}}}
,"/Users/harshitgarg/Documents/pro/sclare/packages/analyzer/src/types.ts": {"path":"/Users/harshitgarg/Documents/pro/sclare/packages/analyzer/src/types.ts","statementMap":{},"fnMap":{},"branchMap":{},"s":{},"f":{},"b":{},"meta":{"lastBranch":0,"lastFunction":0,"lastStatement":0,"seen":{},"fnNames":{}}}
,"/Users/harshitgarg/Documents/pro/sclare/packages/analyzer/src/classifier/classifier.ts": {"path":"/Users/harshitgarg/Documents/pro/sclare/packages/analyzer/src/classifier/classifier.ts","statementMap":{"0":{"start":{"line":6,"column":18},"end":{"line":6,"column":null}},"1":{"start":{"line":7,"column":17},"end":{"line":7,"column":null}},"2":{"start":{"line":8,"column":17},"end":{"line":8,"column":null}},"3":{"start":{"line":10,"column":2},"end":{"line":16,"column":null}},"4":{"start":{"line":11,"column":4},"end":{"line":15,"column":null}},"5":{"start":{"line":18,"column":2},"end":{"line":18,"column":null}},"6":{"start":{"line":18,"column":24},"end":{"line":18,"column":51}},"7":{"start":{"line":20,"column":2},"end":{"line":23,"column":null}}},"fnMap":{"0":{"name":"classifyEntity","decl":{"start":{"line":5,"column":16},"end":{"line":5,"column":31}},"loc":{"start":{"line":5,"column":65},"end":{"line":24,"column":null}},"line":5},"1":{"name":"(anonymous_1)","decl":{"start":{"line":18,"column":9},"end":{"line":18,"column":15}},"loc":{"start":{"line":18,"column":24},"end":{"line":18,"column":51}},"line":18}},"branchMap":{},"s":{"0":341,"1":341,"2":341,"3":341,"4":17,"5":341,"6":0,"7":341},"f":{"0":341,"1":0},"b":{},"meta":{"lastBranch":0,"lastFunction":2,"lastStatement":8,"seen":{"f:5:16:5:31":0,"s:6:18:6:Infinity":0,"s:7:17:7:Infinity":1,"s:8:17:8:Infinity":2,"s:10:2:16:Infinity":3,"s:11:4:15:Infinity":4,"s:18:2:18:Infinity":5,"f:18:9:18:15":1,"s:18:24:18:51":6,"s:20:2:23:Infinity":7},"fnNames":{}}}
,"/Users/harshitgarg/Documents/pro/sclare/packages/analyzer/src/classifier/index.ts": {"path":"/Users/harshitgarg/Documents/pro/sclare/packages/analyzer/src/classifier/index.ts","statementMap":{},"fnMap":{},"branchMap":{},"s":{},"f":{},"b":{},"meta":{"lastBranch":0,"lastFunction":0,"lastStatement":0,"seen":{},"fnNames":{}}}
,"/Users/harshitgarg/Documents/pro/sclare/packages/analyzer/src/classifier/score.ts": {"path":"/Users/harshitgarg/Documents/pro/sclare/packages/analyzer/src/classifier/score.ts","statementMap":{"0":{"start":{"line":4,"column":16},"end":{"line":4,"column":null}},"1":{"start":{"line":6,"column":2},"end":{"line":9,"column":null}},"2":{"start":{"line":7,"column":18},"end":{"line":7,"column":null}},"3":{"start":{"line":8,"column":4},"end":{"line":8,"column":null}},"4":{"start":{"line":11,"column":2},"end":{"line":11,"column":null}}},"fnMap":{"0":{"name":"scoreSignals","decl":{"start":{"line":3,"column":16},"end":{"line":3,"column":29}},"loc":{"start":{"line":3,"column":62},"end":{"line":12,"column":null}},"line":3}},"branchMap":{"0":{"loc":{"start":{"line":8,"column":22},"end":{"line":8,"column":47}},"type":"binary-expr","locations":[{"start":{"line":8,"column":22},"end":{"line":8,"column":42}},{"start":{"line":8,"column":42},"end":{"line":8,"column":47}}],"line":8}},"s":{"0":341,"1":341,"2":17,"3":17,"4":341},"f":{"0":341},"b":{"0":[17,17]},"meta":{"lastBranch":1,"lastFunction":1,"lastStatement":5,"seen":{"f:3:16:3:29":0,"s:4:16:4:Infinity":0,"s:6:2:9:Infinity":1,"s:7:18:7:Infinity":2,"s:8:4:8:Infinity":3,"b:8:22:8:42:8:42:8:47":0,"s:11:2:11:Infinity":4},"fnNames":{}}}
,"/Users/harshitgarg/Documents/pro/sclare/packages/analyzer/src/classifier/signals.ts": {"path":"/Users/harshitgarg/Documents/pro/sclare/packages/analyzer/src/classifier/signals.ts","statementMap":{"0":{"start":{"line":4,"column":18},"end":{"line":4,"column":null}},"1":{"start":{"line":5,"column":15},"end":{"line":5,"column":null}},"2":{"start":{"line":7,"column":19},"end":{"line":7,"column":null}},"3":{"start":{"line":9,"column":2},"end":{"line":13,"column":null}},"4":{"start":{"line":10,"column":4},"end":{"line":12,"column":null}},"5":{"start":{"line":11,"column":6},"end":{"line":11,"column":null}},"6":{"start":{"line":15,"column":2},"end":{"line":15,"column":null}}},"fnMap":{"0":{"name":"collectSignals","decl":{"start":{"line":3,"column":16},"end":{"line":3,"column":31}},"loc":{"start":{"line":3,"column":47},"end":{"line":16,"column":null}},"line":3}},"branchMap":{"0":{"loc":{"start":{"line":10,"column":4},"end":{"line":12,"column":null}},"type":"if","locations":[{"start":{"line":10,"column":4},"end":{"line":12,"column":null}},{"start":{},"end":{}}],"line":10}},"s":{"0":341,"1":341,"2":341,"3":341,"4":1705,"5":17,"6":341},"f":{"0":341},"b":{"0":[17,1688]},"meta":{"lastBranch":1,"lastFunction":1,"lastStatement":7,"seen":{"f:3:16:3:31":0,"s:4:18:4:Infinity":0,"s:5:15:5:Infinity":1,"s:7:19:7:Infinity":2,"s:9:2:13:Infinity":3,"b:10:4:12:Infinity:undefined:undefined:undefined:undefined":0,"s:10:4:12:Infinity":4,"s:11:6:11:Infinity":5,"s:15:2:15:Infinity":6},"fnNames":{}}}
,"/Users/harshitgarg/Documents/pro/sclare/packages/analyzer/src/component/decoratorExtractor.ts": {"path":"/Users/harshitgarg/Documents/pro/sclare/packages/analyzer/src/component/decoratorExtractor.ts","statementMap":{"0":{"start":{"line":6,"column":21},"end":{"line":6,"column":null}},"1":{"start":{"line":8,"column":2},"end":{"line":8,"column":null}},"2":{"start":{"line":8,"column":19},"end":{"line":8,"column":null}},"3":{"start":{"line":10,"column":2},"end":{"line":17,"column":null}},"4":{"start":{"line":11,"column":23},"end":{"line":11,"column":null}},"5":{"start":{"line":12,"column":19},"end":{"line":14,"column":null}},"6":{"start":{"line":16,"column":4},"end":{"line":16,"column":null}},"7":{"start":{"line":21,"column":34},"end":{"line":21,"column":null}},"8":{"start":{"line":24,"column":4},"end":{"line":39,"column":null}},"9":{"start":{"line":25,"column":36},"end":{"line":25,"column":null}},"10":{"start":{"line":27,"column":6},"end":{"line":30,"column":null}},"11":{"start":{"line":27,"column":44},"end":{"line":27,"column":null}},"12":{"start":{"line":28,"column":11},"end":{"line":30,"column":null}},"13":{"start":{"line":28,"column":49},"end":{"line":28,"column":null}},"14":{"start":{"line":29,"column":11},"end":{"line":30,"column":null}},"15":{"start":{"line":29,"column":45},"end":{"line":29,"column":null}},"16":{"start":{"line":30,"column":11},"end":{"line":30,"column":null}},"17":{"start":{"line":30,"column":45},"end":{"line":30,"column":null}},"18":{"start":{"line":32,"column":6},"end":{"line":38,"column":null}},"19":{"start":{"line":41,"column":4},"end":{"line":41,"column":null}},"20":{"start":{"line":44,"column":2},"end":{"line":44,"column":null}},"21":{"start":{"line":46,"column":2},"end":{"line":46,"column":null}}},"fnMap":{"0":{"name":"hasDecorator","decl":{"start":{"line":5,"column":9},"end":{"line":5,"column":22}},"loc":{"start":{"line":5,"column":63},"end":{"line":18,"column":null}},"line":5},"1":{"name":"(anonymous_1)","decl":{"start":{"line":10,"column":20},"end":{"line":10,"column":26}},"loc":{"start":{"line":10,"column":40},"end":{"line":17,"column":3}},"line":10},"2":{"name":"extractDecoratorComponents","decl":{"start":{"line":20,"column":16},"end":{"line":20,"column":43}},"loc":{"start":{"line":20,"column":79},"end":{"line":47,"column":null}},"line":20},"3":{"name":"visit","decl":{"start":{"line":23,"column":11},"end":{"line":23,"column":17}},"loc":{"start":{"line":23,"column":32},"end":{"line":42,"column":null}},"line":23}},"branchMap":{"0":{"loc":{"start":{"line":8,"column":2},"end":{"line":8,"column":null}},"type":"if","locations":[{"start":{"line":8,"column":2},"end":{"line":8,"column":null}},{"start":{},"end":{}}],"line":8},"1":{"loc":{"start":{"line":12,"column":19},"end":{"line":14,"column":null}},"type":"cond-expr","locations":[{"start":{"line":13,"column":8},"end":{"line":13,"column":null}},{"start":{"line":14,"column":8},"end":{"line":14,"column":null}}],"line":12},"2":{"loc":{"start":{"line":16,"column":11},"end":{"line":16,"column":null}},"type":"binary-expr","locations":[{"start":{"line":16,"column":11},"end":{"line":16,"column":40}},{"start":{"line":16,"column":40},"end":{"line":16,"column":null}}],"line":16},"3":{"loc":{"start":{"line":24,"column":4},"end":{"line":39,"column":null}},"type":"if","locations":[{"start":{"line":24,"column":4},"end":{"line":39,"column":null}},{"start":{},"end":{}}],"line":24},"4":{"loc":{"start":{"line":24,"column":8},"end":{"line":24,"column":50}},"type":"binary-expr","locations":[{"start":{"line":24,"column":8},"end":{"line":24,"column":39}},{"start":{"line":24,"column":39},"end":{"line":24,"column":50}}],"line":24},"5":{"loc":{"start":{"line":27,"column":6},"end":{"line":30,"column":null}},"type":"if","locations":[{"start":{"line":27,"column":6},"end":{"line":30,"column":null}},{"start":{"line":28,"column":11},"end":{"line":30,"column":null}}],"line":27},"6":{"loc":{"start":{"line":28,"column":11},"end":{"line":30,"column":null}},"type":"if","locations":[{"start":{"line":28,"column":11},"end":{"line":30,"column":null}},{"start":{"line":29,"column":11},"end":{"line":30,"column":null}}],"line":28},"7":{"loc":{"start":{"line":29,"column":11},"end":{"line":30,"column":null}},"type":"if","locations":[{"start":{"line":29,"column":11},"end":{"line":30,"column":null}},{"start":{"line":30,"column":11},"end":{"line":30,"column":null}}],"line":29},"8":{"loc":{"start":{"line":30,"column":11},"end":{"line":30,"column":null}},"type":"if","locations":[{"start":{"line":30,"column":11},"end":{"line":30,"column":null}},{"start":{},"end":{}}],"line":30}},"s":{"0":10,"1":10,"2":0,"3":10,"4":10,"5":10,"6":10,"7":2,"8":561,"9":4,"10":4,"11":1,"12":3,"13":1,"14":2,"15":1,"16":1,"17":1,"18":4,"19":561,"20":2,"21":2},"f":{"0":10,"1":10,"2":2,"3":561},"b":{"0":[0,10],"1":[10,0],"2":[10,6],"3":[4,557],"4":[561,4],"5":[1,3],"6":[1,2],"7":[1,1],"8":[1,0]},"meta":{"lastBranch":9,"lastFunction":4,"lastStatement":22,"seen":{"f:5:9:5:22":0,"s:6:21:6:Infinity":0,"b:8:2:8:Infinity:undefined:undefined:undefined:undefined":0,"s:8:2:8:Infinity":1,"s:8:19:8:Infinity":2,"s:10:2:17:Infinity":3,"f:10:20:10:26":1,"s:11:23:11:Infinity":4,"s:12:19:14:Infinity":5,"b:13:8:13:Infinity:14:8:14:Infinity":1,"s:16:4:16:Infinity":6,"b:16:11:16:40:16:40:16:Infinity":2,"f:20:16:20:43":2,"s:21:34:21:Infinity":7,"f:23:11:23:17":3,"b:24:4:39:Infinity:undefined:undefined:undefined:undefined":3,"s:24:4:39:Infinity":8,"b:24:8:24:39:24:39:24:50":4,"s:25:36:25:Infinity":9,"b:27:6:30:Infinity:28:11:30:Infinity":5,"s:27:6:30:Infinity":10,"s:27:44:27:Infinity":11,"b:28:11:30:Infinity:29:11:30:Infinity":6,"s:28:11:30:Infinity":12,"s:28:49:28:Infinity":13,"b:29:11:30:Infinity:30:11:30:Infinity":7,"s:29:11:30:Infinity":14,"s:29:45:29:Infinity":15,"b:30:11:30:Infinity:undefined:undefined:undefined:undefined":8,"s:30:11:30:Infinity":16,"s:30:45:30:Infinity":17,"s:32:6:38:Infinity":18,"s:41:4:41:Infinity":19,"s:44:2:44:Infinity":20,"s:46:2:46:Infinity":21},"fnNames":{}}}
,"/Users/harshitgarg/Documents/pro/sclare/packages/analyzer/src/entity/entity.ts": {"path":"/Users/harshitgarg/Documents/pro/sclare/packages/analyzer/src/entity/entity.ts","statementMap":{},"fnMap":{},"branchMap":{},"s":{},"f":{},"b":{},"meta":{"lastBranch":0,"lastFunction":0,"lastStatement":0,"seen":{},"fnNames":{}}}
,"/Users/harshitgarg/Documents/pro/sclare/packages/analyzer/src/entity/extractor.ts": {"path":"/Users/harshitgarg/Documents/pro/sclare/packages/analyzer/src/entity/extractor.ts","statementMap":{"0":{"start":{"line":6,"column":29},"end":{"line":6,"column":null}},"1":{"start":{"line":9,"column":4},"end":{"line":15,"column":null}},"2":{"start":{"line":19,"column":4},"end":{"line":62,"column":null}},"3":{"start":{"line":21,"column":8},"end":{"line":25,"column":null}},"4":{"start":{"line":26,"column":8},"end":{"line":26,"column":null}},"5":{"start":{"line":28,"column":8},"end":{"line":32,"column":null}},"6":{"start":{"line":33,"column":8},"end":{"line":33,"column":null}},"7":{"start":{"line":35,"column":8},"end":{"line":39,"column":null}},"8":{"start":{"line":40,"column":8},"end":{"line":40,"column":null}},"9":{"start":{"line":42,"column":8},"end":{"line":46,"column":null}},"10":{"start":{"line":47,"column":8},"end":{"line":47,"column":null}},"11":{"start":{"line":49,"column":8},"end":{"line":53,"column":null}},"12":{"start":{"line":54,"column":8},"end":{"line":54,"column":null}},"13":{"start":{"line":56,"column":8},"end":{"line":60,"column":null}},"14":{"start":{"line":61,"column":8},"end":{"line":61,"column":null}},"15":{"start":{"line":64,"column":4},"end":{"line":66,"column":null}},"16":{"start":{"line":65,"column":6},"end":{"line":65,"column":null}},"17":{"start":{"line":69,"column":2},"end":{"line":69,"column":null}},"18":{"start":{"line":71,"column":2},"end":{"line":71,"column":null}}},"fnMap":{"0":{"name":"extractEntities","decl":{"start":{"line":5,"column":16},"end":{"line":5,"column":32}},"loc":{"start":{"line":5,"column":75},"end":{"line":72,"column":null}},"line":5},"1":{"name":"push","decl":{"start":{"line":8,"column":11},"end":{"line":8,"column":16}},"loc":{"start":{"line":8,"column":66},"end":{"line":16,"column":null}},"line":8},"2":{"name":"visit","decl":{"start":{"line":18,"column":11},"end":{"line":18,"column":17}},"loc":{"start":{"line":18,"column":42},"end":{"line":67,"column":null}},"line":18}},"branchMap":{"0":{"loc":{"start":{"line":19,"column":4},"end":{"line":62,"column":null}},"type":"switch","locations":[{"start":{"line":20,"column":6},"end":{"line":26,"column":null}},{"start":{"line":27,"column":6},"end":{"line":33,"column":null}},{"start":{"line":34,"column":6},"end":{"line":40,"column":null}},{"start":{"line":41,"column":6},"end":{"line":47,"column":null}},{"start":{"line":48,"column":6},"end":{"line":54,"column":null}},{"start":{"line":55,"column":6},"end":{"line":61,"column":null}}],"line":19},"1":{"loc":{"start":{"line":23,"column":10},"end":{"line":23,"column":null}},"type":"binary-expr","locations":[{"start":{"line":23,"column":10},"end":{"line":23,"column":50}},{"start":{"line":23,"column":50},"end":{"line":23,"column":null}}],"line":23},"2":{"loc":{"start":{"line":30,"column":10},"end":{"line":30,"column":null}},"type":"binary-expr","locations":[{"start":{"line":30,"column":10},"end":{"line":30,"column":50}},{"start":{"line":30,"column":50},"end":{"line":30,"column":null}}],"line":30},"3":{"loc":{"start":{"line":37,"column":10},"end":{"line":37,"column":null}},"type":"binary-expr","locations":[{"start":{"line":37,"column":10},"end":{"line":37,"column":50}},{"start":{"line":37,"column":50},"end":{"line":37,"column":null}}],"line":37},"4":{"loc":{"start":{"line":44,"column":10},"end":{"line":44,"column":null}},"type":"binary-expr","locations":[{"start":{"line":44,"column":10},"end":{"line":44,"column":50}},{"start":{"line":44,"column":50},"end":{"line":44,"column":null}}],"line":44},"5":{"loc":{"start":{"line":51,"column":10},"end":{"line":51,"column":null}},"type":"binary-expr","locations":[{"start":{"line":51,"column":10},"end":{"line":51,"column":50}},{"start":{"line":51,"column":50},"end":{"line":51,"column":null}}],"line":51},"6":{"loc":{"start":{"line":58,"column":10},"end":{"line":58,"column":null}},"type":"binary-expr","locations":[{"start":{"line":58,"column":10},"end":{"line":58,"column":50}},{"start":{"line":58,"column":50},"end":{"line":58,"column":null}}],"line":58}},"s":{"0":286,"1":340,"2":73986,"3":10,"4":10,"5":232,"6":232,"7":10,"8":10,"9":74,"10":74,"11":0,"12":0,"13":14,"14":14,"15":73986,"16":73700,"17":286,"18":286},"f":{"0":286,"1":340,"2":73986},"b":{"0":[10,232,10,74,0,14],"1":[10,0],"2":[232,0],"3":[10,0],"4":[74,0],"5":[0,0],"6":[14,0]},"meta":{"lastBranch":7,"lastFunction":3,"lastStatement":19,"seen":{"f:5:16:5:32":0,"s:6:29:6:Infinity":0,"f:8:11:8:16":1,"s:9:4:15:Infinity":1,"f:18:11:18:17":2,"b:20:6:26:Infinity:27:6:33:Infinity:34:6:40:Infinity:41:6:47:Infinity:48:6:54:Infinity:55:6:61:Infinity":0,"s:19:4:62:Infinity":2,"s:21:8:25:Infinity":3,"b:23:10:23:50:23:50:23:Infinity":1,"s:26:8:26:Infinity":4,"s:28:8:32:Infinity":5,"b:30:10:30:50:30:50:30:Infinity":2,"s:33:8:33:Infinity":6,"s:35:8:39:Infinity":7,"b:37:10:37:50:37:50:37:Infinity":3,"s:40:8:40:Infinity":8,"s:42:8:46:Infinity":9,"b:44:10:44:50:44:50:44:Infinity":4,"s:47:8:47:Infinity":10,"s:49:8:53:Infinity":11,"b:51:10:51:50:51:50:51:Infinity":5,"s:54:8:54:Infinity":12,"s:56:8:60:Infinity":13,"b:58:10:58:50:58:50:58:Infinity":6,"s:61:8:61:Infinity":14,"s:64:4:66:Infinity":15,"s:65:6:65:Infinity":16,"s:69:2:69:Infinity":17,"s:71:2:71:Infinity":18},"fnNames":{}}}
,"/Users/harshitgarg/Documents/pro/sclare/packages/analyzer/src/entity/index.ts": {"path":"/Users/harshitgarg/Documents/pro/sclare/packages/analyzer/src/entity/index.ts","statementMap":{},"fnMap":{},"branchMap":{},"s":{},"f":{},"b":{},"meta":{"lastBranch":0,"lastFunction":0,"lastStatement":0,"seen":{},"fnNames":{}}}
,"/Users/harshitgarg/Documents/pro/sclare/packages/analyzer/src/graph/callGraph.ts": {"path":"/Users/harshitgarg/Documents/pro/sclare/packages/analyzer/src/graph/callGraph.ts","statementMap":{"0":{"start":{"line":9,"column":36},"end":{"line":9,"column":null}},"1":{"start":{"line":11,"column":24},"end":{"line":11,"column":null}},"2":{"start":{"line":14,"column":4},"end":{"line":23,"column":null}},"3":{"start":{"line":18,"column":19},"end":{"line":18,"column":null}},"4":{"start":{"line":20,"column":6},"end":{"line":22,"column":null}},"5":{"start":{"line":21,"column":8},"end":{"line":21,"column":null}},"6":{"start":{"line":25,"column":4},"end":{"line":35,"column":null}},"7":{"start":{"line":26,"column":17},"end":{"line":26,"column":null}},"8":{"start":{"line":28,"column":6},"end":{"line":34,"column":null}},"9":{"start":{"line":29,"column":8},"end":{"line":33,"column":null}},"10":{"start":{"line":37,"column":4},"end":{"line":39,"column":null}},"11":{"start":{"line":38,"column":6},"end":{"line":38,"column":null}},"12":{"start":{"line":42,"column":2},"end":{"line":42,"column":null}},"13":{"start":{"line":44,"column":2},"end":{"line":44,"column":null}}},"fnMap":{"0":{"name":"buildCallGraph","decl":{"start":{"line":5,"column":16},"end":{"line":5,"column":null}},"loc":{"start":{"line":8,"column":22},"end":{"line":45,"column":null}},"line":8},"1":{"name":"visit","decl":{"start":{"line":13,"column":11},"end":{"line":13,"column":17}},"loc":{"start":{"line":13,"column":42},"end":{"line":40,"column":null}},"line":13}},"branchMap":{"0":{"loc":{"start":{"line":14,"column":4},"end":{"line":23,"column":null}},"type":"if","locations":[{"start":{"line":14,"column":4},"end":{"line":23,"column":null}},{"start":{},"end":{}}],"line":14},"1":{"loc":{"start":{"line":15,"column":6},"end":{"line":16,"column":null}},"type":"binary-expr","locations":[{"start":{"line":15,"column":6},"end":{"line":15,"column":null}},{"start":{"line":16,"column":6},"end":{"line":16,"column":null}}],"line":15},"2":{"loc":{"start":{"line":20,"column":6},"end":{"line":22,"column":null}},"type":"if","locations":[{"start":{"line":20,"column":6},"end":{"line":22,"column":null}},{"start":{},"end":{}}],"line":20},"3":{"loc":{"start":{"line":25,"column":4},"end":{"line":35,"column":null}},"type":"if","locations":[{"start":{"line":25,"column":4},"end":{"line":35,"column":null}},{"start":{},"end":{}}],"line":25},"4":{"loc":{"start":{"line":28,"column":6},"end":{"line":34,"column":null}},"type":"if","locations":[{"start":{"line":28,"column":6},"end":{"line":34,"column":null}},{"start":{},"end":{}}],"line":28}},"s":{"0":287,"1":287,"2":74012,"3":244,"4":244,"5":244,"6":74012,"7":2437,"8":2437,"9":2437,"10":74012,"11":73725,"12":287,"13":287},"f":{"0":287,"1":74012},"b":{"0":[244,73768],"1":[74012,73778],"2":[244,0],"3":[2437,71575],"4":[2437,0]},"meta":{"lastBranch":5,"lastFunction":2,"lastStatement":14,"seen":{"f:5:16:5:Infinity":0,"s:9:36:9:Infinity":0,"s:11:24:11:Infinity":1,"f:13:11:13:17":1,"b:14:4:23:Infinity:undefined:undefined:undefined:undefined":0,"s:14:4:23:Infinity":2,"b:15:6:15:Infinity:16:6:16:Infinity":1,"s:18:19:18:Infinity":3,"b:20:6:22:Infinity:undefined:undefined:undefined:undefined":2,"s:20:6:22:Infinity":4,"s:21:8:21:Infinity":5,"b:25:4:35:Infinity:undefined:undefined:undefined:undefined":3,"s:25:4:35:Infinity":6,"s:26:17:26:Infinity":7,"b:28:6:34:Infinity:undefined:undefined:undefined:undefined":4,"s:28:6:34:Infinity":8,"s:29:8:33:Infinity":9,"s:37:4:39:Infinity":10,"s:38:6:38:Infinity":11,"s:42:2:42:Infinity":12,"s:44:2:44:Infinity":13},"fnNames":{}}}
,"/Users/harshitgarg/Documents/pro/sclare/packages/analyzer/src/graph/dependencyGraph.ts": {"path":"/Users/harshitgarg/Documents/pro/sclare/packages/analyzer/src/graph/dependencyGraph.ts","statementMap":{"0":{"start":{"line":8,"column":40},"end":{"line":8,"column":null}},"1":{"start":{"line":10,"column":23},"end":{"line":12,"column":null}},"2":{"start":{"line":11,"column":33},"end":{"line":11,"column":72}},"3":{"start":{"line":14,"column":2},"end":{"line":38,"column":null}},"4":{"start":{"line":15,"column":20},"end":{"line":15,"column":null}},"5":{"start":{"line":15,"column":52},"end":{"line":15,"column":76}},"6":{"start":{"line":17,"column":4},"end":{"line":37,"column":null}},"7":{"start":{"line":18,"column":20},"end":{"line":18,"column":null}},"8":{"start":{"line":20,"column":6},"end":{"line":20,"column":null}},"9":{"start":{"line":20,"column":18},"end":{"line":20,"column":null}},"10":{"start":{"line":22,"column":24},"end":{"line":22,"column":null}},"11":{"start":{"line":24,"column":6},"end":{"line":24,"column":null}},"12":{"start":{"line":24,"column":38},"end":{"line":24,"column":null}},"13":{"start":{"line":26,"column":23},"end":{"line":28,"column":null}},"14":{"start":{"line":30,"column":6},"end":{"line":30,"column":null}},"15":{"start":{"line":30,"column":39},"end":{"line":30,"column":null}},"16":{"start":{"line":32,"column":6},"end":{"line":36,"column":null}},"17":{"start":{"line":40,"column":2},"end":{"line":40,"column":null}}},"fnMap":{"0":{"name":"buildDependencyGraph","decl":{"start":{"line":5,"column":16},"end":{"line":5,"column":null}},"loc":{"start":{"line":7,"column":18},"end":{"line":41,"column":null}},"line":7},"1":{"name":"(anonymous_1)","decl":{"start":{"line":11,"column":19},"end":{"line":11,"column":24}},"loc":{"start":{"line":11,"column":33},"end":{"line":11,"column":72}},"line":11},"2":{"name":"(anonymous_2)","decl":{"start":{"line":15,"column":33},"end":{"line":15,"column":41}},"loc":{"start":{"line":15,"column":52},"end":{"line":15,"column":76}},"line":15}},"branchMap":{"0":{"loc":{"start":{"line":20,"column":6},"end":{"line":20,"column":null}},"type":"if","locations":[{"start":{"line":20,"column":6},"end":{"line":20,"column":null}},{"start":{},"end":{}}],"line":20},"1":{"loc":{"start":{"line":24,"column":6},"end":{"line":24,"column":null}},"type":"if","locations":[{"start":{"line":24,"column":6},"end":{"line":24,"column":null}},{"start":{},"end":{}}],"line":24},"2":{"loc":{"start":{"line":30,"column":6},"end":{"line":30,"column":null}},"type":"if","locations":[{"start":{"line":30,"column":6},"end":{"line":30,"column":null}},{"start":{},"end":{}}],"line":30}},"s":{"0":3,"1":3,"2":288,"3":3,"4":288,"5":4357,"6":288,"7":541,"8":541,"9":0,"10":541,"11":541,"12":254,"13":287,"14":287,"15":204,"16":83,"17":3},"f":{"0":3,"1":288,"2":4357},"b":{"0":[0,541],"1":[254,287],"2":[204,83]},"meta":{"lastBranch":3,"lastFunction":3,"lastStatement":18,"seen":{"f:5:16:5:Infinity":0,"s:8:40:8:Infinity":0,"s:10:23:12:Infinity":1,"f:11:19:11:24":1,"s:11:33:11:72":2,"s:14:2:38:Infinity":3,"s:15:20:15:Infinity":4,"f:15:33:15:41":2,"s:15:52:15:76":5,"s:17:4:37:Infinity":6,"s:18:20:18:Infinity":7,"b:20:6:20:Infinity:undefined:undefined:undefined:undefined":0,"s:20:6:20:Infinity":8,"s:20:18:20:Infinity":9,"s:22:24:22:Infinity":10,"b:24:6:24:Infinity:undefined:undefined:undefined:undefined":1,"s:24:6:24:Infinity":11,"s:24:38:24:Infinity":12,"s:26:23:28:Infinity":13,"b:30:6:30:Infinity:undefined:undefined:undefined:undefined":2,"s:30:6:30:Infinity":14,"s:30:39:30:Infinity":15,"s:32:6:36:Infinity":16,"s:40:2:40:Infinity":17},"fnNames":{}}}
,"/Users/harshitgarg/Documents/pro/sclare/packages/analyzer/src/parser/masterWalker.ts": {"path":"/Users/harshitgarg/Documents/pro/sclare/packages/analyzer/src/parser/masterWalker.ts","statementMap":{"0":{"start":{"line":12,"column":2},"end":{"line":18,"column":null}},"1":{"start":{"line":22,"column":29},"end":{"line":25,"column":null}},"2":{"start":{"line":28,"column":4},"end":{"line":115,"column":null}},"3":{"start":{"line":30,"column":8},"end":{"line":36,"column":null}},"4":{"start":{"line":37,"column":8},"end":{"line":37,"column":null}},"5":{"start":{"line":40,"column":8},"end":{"line":46,"column":null}},"6":{"start":{"line":47,"column":8},"end":{"line":47,"column":null}},"7":{"start":{"line":50,"column":8},"end":{"line":56,"column":null}},"8":{"start":{"line":57,"column":8},"end":{"line":57,"column":null}},"9":{"start":{"line":60,"column":8},"end":{"line":66,"column":null}},"10":{"start":{"line":67,"column":8},"end":{"line":67,"column":null}},"11":{"start":{"line":70,"column":8},"end":{"line":76,"column":null}},"12":{"start":{"line":77,"column":8},"end":{"line":77,"column":null}},"13":{"start":{"line":80,"column":8},"end":{"line":86,"column":null}},"14":{"start":{"line":87,"column":8},"end":{"line":87,"column":null}},"15":{"start":{"line":91,"column":8},"end":{"line":97,"column":null}},"16":{"start":{"line":98,"column":8},"end":{"line":98,"column":null}},"17":{"start":{"line":101,"column":8},"end":{"line":101,"column":null}},"18":{"start":{"line":102,"column":8},"end":{"line":102,"column":null}},"19":{"start":{"line":105,"column":8},"end":{"line":105,"column":null}},"20":{"start":{"line":106,"column":8},"end":{"line":106,"column":null}},"21":{"start":{"line":109,"column":19},"end":{"line":109,"column":null}},"22":{"start":{"line":110,"column":8},"end":{"line":112,"column":null}},"23":{"start":{"line":111,"column":10},"end":{"line":111,"column":null}},"24":{"start":{"line":113,"column":8},"end":{"line":113,"column":null}},"25":{"start":{"line":117,"column":4},"end":{"line":119,"column":null}},"26":{"start":{"line":118,"column":6},"end":{"line":118,"column":null}},"27":{"start":{"line":122,"column":2},"end":{"line":122,"column":null}},"28":{"start":{"line":124,"column":2},"end":{"line":124,"column":null}}},"fnMap":{"0":{"name":"add","decl":{"start":{"line":5,"column":9},"end":{"line":5,"column":null}},"loc":{"start":{"line":11,"column":2},"end":{"line":19,"column":null}},"line":11},"1":{"name":"buildMasterWalker","decl":{"start":{"line":21,"column":16},"end":{"line":21,"column":34}},"loc":{"start":{"line":21,"column":79},"end":{"line":125,"column":null}},"line":21},"2":{"name":"visit","decl":{"start":{"line":27,"column":11},"end":{"line":27,"column":17}},"loc":{"start":{"line":27,"column":42},"end":{"line":120,"column":null}},"line":27}},"branchMap":{"0":{"loc":{"start":{"line":28,"column":4},"end":{"line":115,"column":null}},"type":"switch","locations":[{"start":{"line":29,"column":6},"end":{"line":37,"column":null}},{"start":{"line":39,"column":6},"end":{"line":47,"column":null}},{"start":{"line":49,"column":6},"end":{"line":57,"column":null}},{"start":{"line":59,"column":6},"end":{"line":67,"column":null}},{"start":{"line":69,"column":6},"end":{"line":77,"column":null}},{"start":{"line":79,"column":6},"end":{"line":87,"column":null}},{"start":{"line":89,"column":6},"end":{"line":89,"column":null}},{"start":{"line":90,"column":6},"end":{"line":98,"column":null}},{"start":{"line":100,"column":6},"end":{"line":102,"column":null}},{"start":{"line":104,"column":6},"end":{"line":106,"column":null}},{"start":{"line":108,"column":6},"end":{"line":114,"column":null}}],"line":28},"1":{"loc":{"start":{"line":33,"column":10},"end":{"line":33,"column":null}},"type":"binary-expr","locations":[{"start":{"line":33,"column":10},"end":{"line":33,"column":50}},{"start":{"line":33,"column":50},"end":{"line":33,"column":null}}],"line":33},"2":{"loc":{"start":{"line":43,"column":10},"end":{"line":43,"column":null}},"type":"binary-expr","locations":[{"start":{"line":43,"column":10},"end":{"line":43,"column":50}},{"start":{"line":43,"column":50},"end":{"line":43,"column":null}}],"line":43},"3":{"loc":{"start":{"line":53,"column":10},"end":{"line":53,"column":null}},"type":"binary-expr","locations":[{"start":{"line":53,"column":10},"end":{"line":53,"column":50}},{"start":{"line":53,"column":50},"end":{"line":53,"column":null}}],"line":53},"4":{"loc":{"start":{"line":63,"column":10},"end":{"line":63,"column":null}},"type":"binary-expr","locations":[{"start":{"line":63,"column":10},"end":{"line":63,"column":50}},{"start":{"line":63,"column":50},"end":{"line":63,"column":null}}],"line":63},"5":{"loc":{"start":{"line":73,"column":10},"end":{"line":73,"column":null}},"type":"binary-expr","locations":[{"start":{"line":73,"column":10},"end":{"line":73,"column":50}},{"start":{"line":73,"column":50},"end":{"line":73,"column":null}}],"line":73},"6":{"loc":{"start":{"line":83,"column":10},"end":{"line":83,"column":null}},"type":"binary-expr","locations":[{"start":{"line":83,"column":10},"end":{"line":83,"column":50}},{"start":{"line":83,"column":50},"end":{"line":83,"column":null}}],"line":83},"7":{"loc":{"start":{"line":110,"column":8},"end":{"line":112,"column":null}},"type":"if","locations":[{"start":{"line":110,"column":8},"end":{"line":112,"column":null}},{"start":{},"end":{}}],"line":110}},"s":{"0":4356,"1":286,"2":73986,"3":10,"4":10,"5":232,"6":232,"7":10,"8":10,"9":74,"10":74,"11":14,"12":14,"13":0,"14":0,"15":650,"16":650,"17":540,"18":540,"19":390,"20":390,"21":2436,"22":2436,"23":2436,"24":2436,"25":73986,"26":73700,"27":286,"28":286},"f":{"0":4356,"1":286,"2":73986},"b":{"0":[10,232,10,74,14,0,650,650,540,390,2436],"1":[10,0],"2":[232,0],"3":[10,0],"4":[74,0],"5":[14,0],"6":[0,0],"7":[2436,0]},"meta":{"lastBranch":8,"lastFunction":3,"lastStatement":29,"seen":{"f:5:9:5:Infinity":0,"s:12:2:18:Infinity":0,"f:21:16:21:34":1,"s:22:29:25:Infinity":1,"f:27:11:27:17":2,"b:29:6:37:Infinity:39:6:47:Infinity:49:6:57:Infinity:59:6:67:Infinity:69:6:77:Infinity:79:6:87:Infinity:89:6:89:Infinity:90:6:98:Infinity:100:6:102:Infinity:104:6:106:Infinity:108:6:114:Infinity":0,"s:28:4:115:Infinity":2,"s:30:8:36:Infinity":3,"b:33:10:33:50:33:50:33:Infinity":1,"s:37:8:37:Infinity":4,"s:40:8:46:Infinity":5,"b:43:10:43:50:43:50:43:Infinity":2,"s:47:8:47:Infinity":6,"s:50:8:56:Infinity":7,"b:53:10:53:50:53:50:53:Infinity":3,"s:57:8:57:Infinity":8,"s:60:8:66:Infinity":9,"b:63:10:63:50:63:50:63:Infinity":4,"s:67:8:67:Infinity":10,"s:70:8:76:Infinity":11,"b:73:10:73:50:73:50:73:Infinity":5,"s:77:8:77:Infinity":12,"s:80:8:86:Infinity":13,"b:83:10:83:50:83:50:83:Infinity":6,"s:87:8:87:Infinity":14,"s:91:8:97:Infinity":15,"s:98:8:98:Infinity":16,"s:101:8:101:Infinity":17,"s:102:8:102:Infinity":18,"s:105:8:105:Infinity":19,"s:106:8:106:Infinity":20,"s:109:19:109:Infinity":21,"b:110:8:112:Infinity:undefined:undefined:undefined:undefined":7,"s:110:8:112:Infinity":22,"s:111:10:111:Infinity":23,"s:113:8:113:Infinity":24,"s:117:4:119:Infinity":25,"s:118:6:118:Infinity":26,"s:122:2:122:Infinity":27,"s:124:2:124:Infinity":28},"fnNames":{}}}
,"/Users/harshitgarg/Documents/pro/sclare/packages/analyzer/src/parser/parser.ts": {"path":"/Users/harshitgarg/Documents/pro/sclare/packages/analyzer/src/parser/parser.ts","statementMap":{"0":{"start":{"line":4,"column":15},"end":{"line":4,"column":null}},"1":{"start":{"line":5,"column":0},"end":{"line":5,"column":null}},"2":{"start":{"line":8,"column":2},"end":{"line":8,"column":null}}},"fnMap":{"0":{"name":"parse","decl":{"start":{"line":7,"column":16},"end":{"line":7,"column":22}},"loc":{"start":{"line":7,"column":36},"end":{"line":9,"column":null}},"line":7}},"branchMap":{},"s":{"0":3,"1":3,"2":287},"f":{"0":287},"b":{},"meta":{"lastBranch":0,"lastFunction":1,"lastStatement":3,"seen":{"s:4:15:4:Infinity":0,"s:5:0:5:Infinity":1,"f:7:16:7:22":0,"s:8:2:8:Infinity":2},"fnNames":{}}}
,"/Users/harshitgarg/Documents/pro/sclare/packages/analyzer/src/parser/symbolWalker.ts": {"path":"/Users/harshitgarg/Documents/pro/sclare/packages/analyzer/src/parser/symbolWalker.ts","statementMap":{"0":{"start":{"line":12,"column":2},"end":{"line":18,"column":null}},"1":{"start":{"line":22,"column":29},"end":{"line":25,"column":null}},"2":{"start":{"line":28,"column":4},"end":{"line":107,"column":null}},"3":{"start":{"line":30,"column":8},"end":{"line":36,"column":null}},"4":{"start":{"line":37,"column":8},"end":{"line":37,"column":null}},"5":{"start":{"line":40,"column":8},"end":{"line":46,"column":null}},"6":{"start":{"line":47,"column":8},"end":{"line":47,"column":null}},"7":{"start":{"line":50,"column":8},"end":{"line":56,"column":null}},"8":{"start":{"line":57,"column":8},"end":{"line":57,"column":null}},"9":{"start":{"line":60,"column":8},"end":{"line":66,"column":null}},"10":{"start":{"line":67,"column":8},"end":{"line":67,"column":null}},"11":{"start":{"line":70,"column":8},"end":{"line":76,"column":null}},"12":{"start":{"line":77,"column":8},"end":{"line":77,"column":null}},"13":{"start":{"line":80,"column":8},"end":{"line":86,"column":null}},"14":{"start":{"line":87,"column":8},"end":{"line":87,"column":null}},"15":{"start":{"line":91,"column":8},"end":{"line":97,"column":null}},"16":{"start":{"line":98,"column":8},"end":{"line":98,"column":null}},"17":{"start":{"line":101,"column":8},"end":{"line":101,"column":null}},"18":{"start":{"line":102,"column":8},"end":{"line":102,"column":null}},"19":{"start":{"line":105,"column":8},"end":{"line":105,"column":null}},"20":{"start":{"line":106,"column":8},"end":{"line":106,"column":null}},"21":{"start":{"line":109,"column":4},"end":{"line":111,"column":null}},"22":{"start":{"line":110,"column":6},"end":{"line":110,"column":null}},"23":{"start":{"line":114,"column":2},"end":{"line":114,"column":null}},"24":{"start":{"line":116,"column":2},"end":{"line":116,"column":null}}},"fnMap":{"0":{"name":"add","decl":{"start":{"line":5,"column":9},"end":{"line":5,"column":null}},"loc":{"start":{"line":11,"column":2},"end":{"line":19,"column":null}},"line":11},"1":{"name":"buildSymbolTable","decl":{"start":{"line":21,"column":16},"end":{"line":21,"column":33}},"loc":{"start":{"line":21,"column":78},"end":{"line":117,"column":null}},"line":21},"2":{"name":"visit","decl":{"start":{"line":27,"column":11},"end":{"line":27,"column":17}},"loc":{"start":{"line":27,"column":42},"end":{"line":112,"column":null}},"line":27}},"branchMap":{"0":{"loc":{"start":{"line":28,"column":4},"end":{"line":107,"column":null}},"type":"switch","locations":[{"start":{"line":29,"column":6},"end":{"line":37,"column":null}},{"start":{"line":39,"column":6},"end":{"line":47,"column":null}},{"start":{"line":49,"column":6},"end":{"line":57,"column":null}},{"start":{"line":59,"column":6},"end":{"line":67,"column":null}},{"start":{"line":69,"column":6},"end":{"line":77,"column":null}},{"start":{"line":79,"column":6},"end":{"line":87,"column":null}},{"start":{"line":89,"column":6},"end":{"line":89,"column":null}},{"start":{"line":90,"column":6},"end":{"line":98,"column":null}},{"start":{"line":100,"column":6},"end":{"line":102,"column":null}},{"start":{"line":104,"column":6},"end":{"line":106,"column":null}}],"line":28},"1":{"loc":{"start":{"line":33,"column":10},"end":{"line":33,"column":null}},"type":"binary-expr","locations":[{"start":{"line":33,"column":10},"end":{"line":33,"column":50}},{"start":{"line":33,"column":50},"end":{"line":33,"column":null}}],"line":33},"2":{"loc":{"start":{"line":43,"column":10},"end":{"line":43,"column":null}},"type":"binary-expr","locations":[{"start":{"line":43,"column":10},"end":{"line":43,"column":50}},{"start":{"line":43,"column":50},"end":{"line":43,"column":null}}],"line":43},"3":{"loc":{"start":{"line":53,"column":10},"end":{"line":53,"column":null}},"type":"binary-expr","locations":[{"start":{"line":53,"column":10},"end":{"line":53,"column":50}},{"start":{"line":53,"column":50},"end":{"line":53,"column":null}}],"line":53},"4":{"loc":{"start":{"line":63,"column":10},"end":{"line":63,"column":null}},"type":"binary-expr","locations":[{"start":{"line":63,"column":10},"end":{"line":63,"column":50}},{"start":{"line":63,"column":50},"end":{"line":63,"column":null}}],"line":63},"5":{"loc":{"start":{"line":73,"column":10},"end":{"line":73,"column":null}},"type":"binary-expr","locations":[{"start":{"line":73,"column":10},"end":{"line":73,"column":50}},{"start":{"line":73,"column":50},"end":{"line":73,"column":null}}],"line":73},"6":{"loc":{"start":{"line":83,"column":10},"end":{"line":83,"column":null}},"type":"binary-expr","locations":[{"start":{"line":83,"column":10},"end":{"line":83,"column":50}},{"start":{"line":83,"column":50},"end":{"line":83,"column":null}}],"line":83}},"s":{"0":10,"1":2,"2":81,"3":2,"4":2,"5":2,"6":2,"7":0,"8":0,"9":1,"10":1,"11":1,"12":1,"13":1,"14":1,"15":1,"16":1,"17":1,"18":1,"19":1,"20":1,"21":81,"22":79,"23":2,"24":2},"f":{"0":10,"1":2,"2":81},"b":{"0":[2,2,0,1,1,1,1,1,1,1],"1":[2,0],"2":[2,0],"3":[0,0],"4":[1,0],"5":[1,0],"6":[1,0]},"meta":{"lastBranch":7,"lastFunction":3,"lastStatement":25,"seen":{"f:5:9:5:Infinity":0,"s:12:2:18:Infinity":0,"f:21:16:21:33":1,"s:22:29:25:Infinity":1,"f:27:11:27:17":2,"b:29:6:37:Infinity:39:6:47:Infinity:49:6:57:Infinity:59:6:67:Infinity:69:6:77:Infinity:79:6:87:Infinity:89:6:89:Infinity:90:6:98:Infinity:100:6:102:Infinity:104:6:106:Infinity":0,"s:28:4:107:Infinity":2,"s:30:8:36:Infinity":3,"b:33:10:33:50:33:50:33:Infinity":1,"s:37:8:37:Infinity":4,"s:40:8:46:Infinity":5,"b:43:10:43:50:43:50:43:Infinity":2,"s:47:8:47:Infinity":6,"s:50:8:56:Infinity":7,"b:53:10:53:50:53:50:53:Infinity":3,"s:57:8:57:Infinity":8,"s:60:8:66:Infinity":9,"b:63:10:63:50:63:50:63:Infinity":4,"s:67:8:67:Infinity":10,"s:70:8:76:Infinity":11,"b:73:10:73:50:73:50:73:Infinity":5,"s:77:8:77:Infinity":12,"s:80:8:86:Infinity":13,"b:83:10:83:50:83:50:83:Infinity":6,"s:87:8:87:Infinity":14,"s:91:8:97:Infinity":15,"s:98:8:98:Infinity":16,"s:101:8:101:Infinity":17,"s:102:8:102:Infinity":18,"s:105:8:105:Infinity":19,"s:106:8:106:Infinity":20,"s:109:4:111:Infinity":21,"s:110:6:110:Infinity":22,"s:114:2:114:Infinity":23,"s:116:2:116:Infinity":24},"fnNames":{}}}
,"/Users/harshitgarg/Documents/pro/sclare/packages/core/src/builder.ts": {"path":"/Users/harshitgarg/Documents/pro/sclare/packages/core/src/builder.ts","statementMap":{"0":{"start":{"line":19,"column":14},"end":{"line":19,"column":null}},"1":{"start":{"line":20,"column":17},"end":{"line":20,"column":null}},"2":{"start":{"line":22,"column":2},"end":{"line":24,"column":null}},"3":{"start":{"line":23,"column":4},"end":{"line":23,"column":null}},"4":{"start":{"line":26,"column":21},"end":{"line":26,"column":null}},"5":{"start":{"line":27,"column":17},"end":{"line":27,"column":null}},"6":{"start":{"line":28,"column":24},"end":{"line":28,"column":null}},"7":{"start":{"line":29,"column":28},"end":{"line":29,"column":null}},"8":{"start":{"line":30,"column":21},"end":{"line":30,"column":null}},"9":{"start":{"line":32,"column":2},"end":{"line":34,"column":null}},"10":{"start":{"line":33,"column":4},"end":{"line":33,"column":null}},"11":{"start":{"line":36,"column":24},"end":{"line":36,"column":null}},"12":{"start":{"line":37,"column":25},"end":{"line":37,"column":null}},"13":{"start":{"line":38,"column":21},"end":{"line":38,"column":null}},"14":{"start":{"line":40,"column":2},"end":{"line":42,"column":null}},"15":{"start":{"line":41,"column":4},"end":{"line":41,"column":null}},"16":{"start":{"line":44,"column":21},"end":{"line":44,"column":null}},"17":{"start":{"line":45,"column":19},"end":{"line":45,"column":null}},"18":{"start":{"line":46,"column":16},"end":{"line":66,"column":null}},"19":{"start":{"line":67,"column":18},"end":{"line":67,"column":null}},"20":{"start":{"line":69,"column":8},"end":{"line":79,"column":null}},"21":{"start":{"line":70,"column":25},"end":{"line":70,"column":null}},"22":{"start":{"line":71,"column":23},"end":{"line":71,"column":null}},"23":{"start":{"line":72,"column":35},"end":{"line":72,"column":null}},"24":{"start":{"line":74,"column":4},"end":{"line":76,"column":null}},"25":{"start":{"line":75,"column":6},"end":{"line":75,"column":null}},"26":{"start":{"line":78,"column":4},"end":{"line":78,"column":null}},"27":{"start":{"line":81,"column":21},"end":{"line":84,"column":null}},"28":{"start":{"line":81,"column":61},"end":{"line":84,"column":4}},"29":{"start":{"line":85,"column":18},"end":{"line":88,"column":null}},"30":{"start":{"line":85,"column":52},"end":{"line":88,"column":4}},"31":{"start":{"line":89,"column":19},"end":{"line":92,"column":null}},"32":{"start":{"line":89,"column":54},"end":{"line":92,"column":4}},"33":{"start":{"line":93,"column":24},"end":{"line":93,"column":null}},"34":{"start":{"line":94,"column":20},"end":{"line":97,"column":null}},"35":{"start":{"line":94,"column":54},"end":{"line":97,"column":4}},"36":{"start":{"line":98,"column":25},"end":{"line":98,"column":null}},"37":{"start":{"line":98,"column":63},"end":{"line":98,"column":88}},"38":{"start":{"line":99,"column":22},"end":{"line":99,"column":null}},"39":{"start":{"line":99,"column":54},"end":{"line":99,"column":73}},"40":{"start":{"line":101,"column":33},"end":{"line":118,"column":null}},"41":{"start":{"line":120,"column":2},"end":{"line":120,"column":null}},"42":{"start":{"line":122,"column":2},"end":{"line":122,"column":null}}},"fnMap":{"0":{"name":"buildRepositoryModel","decl":{"start":{"line":16,"column":22},"end":{"line":16,"column":null}},"loc":{"start":{"line":18,"column":36},"end":{"line":123,"column":null}},"line":18},"1":{"name":"(anonymous_1)","decl":{"start":{"line":69,"column":8},"end":{"line":69,"column":25}},"loc":{"start":{"line":69,"column":46},"end":{"line":79,"column":null}},"line":69},"2":{"name":"(anonymous_2)","decl":{"start":{"line":81,"column":41},"end":{"line":81,"column":46}},"loc":{"start":{"line":81,"column":61},"end":{"line":84,"column":4}},"line":81},"3":{"name":"(anonymous_3)","decl":{"start":{"line":85,"column":35},"end":{"line":85,"column":40}},"loc":{"start":{"line":85,"column":52},"end":{"line":88,"column":4}},"line":85},"4":{"name":"(anonymous_4)","decl":{"start":{"line":89,"column":37},"end":{"line":89,"column":42}},"loc":{"start":{"line":89,"column":54},"end":{"line":92,"column":4}},"line":89},"5":{"name":"(anonymous_5)","decl":{"start":{"line":94,"column":39},"end":{"line":94,"column":44}},"loc":{"start":{"line":94,"column":54},"end":{"line":97,"column":4}},"line":94},"6":{"name":"(anonymous_6)","decl":{"start":{"line":98,"column":44},"end":{"line":98,"column":49}},"loc":{"start":{"line":98,"column":63},"end":{"line":98,"column":88}},"line":98},"7":{"name":"(anonymous_7)","decl":{"start":{"line":99,"column":38},"end":{"line":99,"column":43}},"loc":{"start":{"line":99,"column":54},"end":{"line":99,"column":73}},"line":99}},"branchMap":{"0":{"loc":{"start":{"line":22,"column":2},"end":{"line":24,"column":null}},"type":"if","locations":[{"start":{"line":22,"column":2},"end":{"line":24,"column":null}},{"start":{},"end":{}}],"line":22},"1":{"loc":{"start":{"line":32,"column":2},"end":{"line":34,"column":null}},"type":"if","locations":[{"start":{"line":32,"column":2},"end":{"line":34,"column":null}},{"start":{},"end":{}}],"line":32},"2":{"loc":{"start":{"line":40,"column":2},"end":{"line":42,"column":null}},"type":"if","locations":[{"start":{"line":40,"column":2},"end":{"line":42,"column":null}},{"start":{},"end":{}}],"line":40},"3":{"loc":{"start":{"line":74,"column":4},"end":{"line":76,"column":null}},"type":"if","locations":[{"start":{"line":74,"column":4},"end":{"line":76,"column":null}},{"start":{},"end":{}}],"line":74}},"s":{"0":1,"1":1,"2":1,"3":0,"4":1,"5":1,"6":1,"7":1,"8":1,"9":1,"10":0,"11":1,"12":1,"13":1,"14":1,"15":0,"16":1,"17":1,"18":1,"19":1,"20":1,"21":3566,"22":3566,"23":3566,"24":3566,"25":3566,"26":0,"27":1,"28":0,"29":1,"30":2178,"31":1,"32":170,"33":1,"34":1,"35":1218,"36":1,"37":0,"38":1,"39":2178,"40":1,"41":1,"42":1},"f":{"0":1,"1":3566,"2":0,"3":2178,"4":170,"5":1218,"6":0,"7":2178},"b":{"0":[0,1],"1":[0,1],"2":[0,1],"3":[3566,0]},"meta":{"lastBranch":4,"lastFunction":8,"lastStatement":43,"seen":{"f:16:22:16:Infinity":0,"s:19:14:19:Infinity":0,"s:20:17:20:Infinity":1,"b:22:2:24:Infinity:undefined:undefined:undefined:undefined":0,"s:22:2:24:Infinity":2,"s:23:4:23:Infinity":3,"s:26:21:26:Infinity":4,"s:27:17:27:Infinity":5,"s:28:24:28:Infinity":6,"s:29:28:29:Infinity":7,"s:30:21:30:Infinity":8,"b:32:2:34:Infinity:undefined:undefined:undefined:undefined":1,"s:32:2:34:Infinity":9,"s:33:4:33:Infinity":10,"s:36:24:36:Infinity":11,"s:37:25:37:Infinity":12,"s:38:21:38:Infinity":13,"b:40:2:42:Infinity:undefined:undefined:undefined:undefined":2,"s:40:2:42:Infinity":14,"s:41:4:41:Infinity":15,"s:44:21:44:Infinity":16,"s:45:19:45:Infinity":17,"s:46:16:66:Infinity":18,"s:67:18:67:Infinity":19,"s:69:8:79:Infinity":20,"f:69:8:69:25":1,"s:70:25:70:Infinity":21,"s:71:23:71:Infinity":22,"s:72:35:72:Infinity":23,"b:74:4:76:Infinity:undefined:undefined:undefined:undefined":3,"s:74:4:76:Infinity":24,"s:75:6:75:Infinity":25,"s:78:4:78:Infinity":26,"s:81:21:84:Infinity":27,"f:81:41:81:46":2,"s:81:61:84:4":28,"s:85:18:88:Infinity":29,"f:85:35:85:40":3,"s:85:52:88:4":30,"s:89:19:92:Infinity":31,"f:89:37:89:42":4,"s:89:54:92:4":32,"s:93:24:93:Infinity":33,"s:94:20:97:Infinity":34,"f:94:39:94:44":5,"s:94:54:97:4":35,"s:98:25:98:Infinity":36,"f:98:44:98:49":6,"s:98:63:98:88":37,"s:99:22:99:Infinity":38,"f:99:38:99:43":7,"s:99:54:99:73":39,"s:101:33:118:Infinity":40,"s:120:2:120:Infinity":41,"s:122:2:122:Infinity":42},"fnNames":{}}}
,"/Users/harshitgarg/Documents/pro/sclare/packages/core/src/index.ts": {"path":"/Users/harshitgarg/Documents/pro/sclare/packages/core/src/index.ts","statementMap":{},"fnMap":{},"branchMap":{},"s":{},"f":{},"b":{},"meta":{"lastBranch":0,"lastFunction":0,"lastStatement":0,"seen":{},"fnNames":{}}}
,"/Users/harshitgarg/Documents/pro/sclare/packages/core/src/types.ts": {"path":"/Users/harshitgarg/Documents/pro/sclare/packages/core/src/types.ts","statementMap":{},"fnMap":{},"branchMap":{},"s":{},"f":{},"b":{},"meta":{"lastBranch":0,"lastFunction":0,"lastStatement":0,"seen":{},"fnNames":{}}}
,"/Users/harshitgarg/Documents/pro/sclare/packages/core/src/cache/cache.ts": {"path":"/Users/harshitgarg/Documents/pro/sclare/packages/core/src/cache/cache.ts","statementMap":{"0":{"start":{"line":12,"column":2},"end":{"line":12,"column":null}},"1":{"start":{"line":16,"column":20},"end":{"line":16,"column":null}},"2":{"start":{"line":18,"column":2},"end":{"line":20,"column":null}},"3":{"start":{"line":19,"column":4},"end":{"line":19,"column":null}},"4":{"start":{"line":22,"column":2},"end":{"line":29,"column":null}},"5":{"start":{"line":23,"column":16},"end":{"line":23,"column":null}},"6":{"start":{"line":24,"column":19},"end":{"line":24,"column":null}},"7":{"start":{"line":26,"column":4},"end":{"line":26,"column":null}},"8":{"start":{"line":28,"column":4},"end":{"line":28,"column":null}},"9":{"start":{"line":33,"column":20},"end":{"line":33,"column":null}},"10":{"start":{"line":35,"column":2},"end":{"line":35,"column":null}},"11":{"start":{"line":36,"column":2},"end":{"line":39,"column":null}},"12":{"start":{"line":43,"column":16},"end":{"line":43,"column":null}},"13":{"start":{"line":45,"column":2},"end":{"line":45,"column":null}},"14":{"start":{"line":45,"column":14},"end":{"line":45,"column":null}},"15":{"start":{"line":47,"column":2},"end":{"line":47,"column":null}},"16":{"start":{"line":51,"column":16},"end":{"line":51,"column":null}},"17":{"start":{"line":53,"column":2},"end":{"line":56,"column":null}},"18":{"start":{"line":58,"column":2},"end":{"line":58,"column":null}},"19":{"start":{"line":62,"column":20},"end":{"line":62,"column":null}},"20":{"start":{"line":64,"column":2},"end":{"line":66,"column":null}},"21":{"start":{"line":65,"column":4},"end":{"line":65,"column":null}},"22":{"start":{"line":70,"column":2},"end":{"line":70,"column":null}}},"fnMap":{"0":{"name":"getCacheFilePath","decl":{"start":{"line":11,"column":9},"end":{"line":11,"column":28}},"loc":{"start":{"line":11,"column":28},"end":{"line":13,"column":null}},"line":11},"1":{"name":"readCache","decl":{"start":{"line":15,"column":9},"end":{"line":15,"column":46}},"loc":{"start":{"line":15,"column":46},"end":{"line":30,"column":null}},"line":15},"2":{"name":"writeCache","decl":{"start":{"line":32,"column":9},"end":{"line":32,"column":20}},"loc":{"start":{"line":32,"column":52},"end":{"line":40,"column":null}},"line":32},"3":{"name":"getCachedModel","decl":{"start":{"line":42,"column":16},"end":{"line":42,"column":31}},"loc":{"start":{"line":42,"column":68},"end":{"line":48,"column":null}},"line":42},"4":{"name":"setCachedModel","decl":{"start":{"line":50,"column":16},"end":{"line":50,"column":31}},"loc":{"start":{"line":50,"column":68},"end":{"line":59,"column":null}},"line":50},"5":{"name":"clearCache","decl":{"start":{"line":61,"column":16},"end":{"line":61,"column":29}},"loc":{"start":{"line":61,"column":29},"end":{"line":67,"column":null}},"line":61},"6":{"name":"cacheSize","decl":{"start":{"line":69,"column":16},"end":{"line":69,"column":28}},"loc":{"start":{"line":69,"column":28},"end":{"line":71,"column":null}},"line":69}},"branchMap":{"0":{"loc":{"start":{"line":18,"column":2},"end":{"line":20,"column":null}},"type":"if","locations":[{"start":{"line":18,"column":2},"end":{"line":20,"column":null}},{"start":{},"end":{}}],"line":18},"1":{"loc":{"start":{"line":45,"column":2},"end":{"line":45,"column":null}},"type":"if","locations":[{"start":{"line":45,"column":2},"end":{"line":45,"column":null}},{"start":{},"end":{}}],"line":45},"2":{"loc":{"start":{"line":64,"column":2},"end":{"line":66,"column":null}},"type":"if","locations":[{"start":{"line":64,"column":2},"end":{"line":66,"column":null}},{"start":{},"end":{}}],"line":64}},"s":{"0":3,"1":2,"2":2,"3":0,"4":2,"5":2,"6":2,"7":2,"8":0,"9":1,"10":1,"11":1,"12":1,"13":1,"14":1,"15":0,"16":1,"17":1,"18":1,"19":0,"20":0,"21":0,"22":0},"f":{"0":3,"1":2,"2":1,"3":1,"4":1,"5":0,"6":0},"b":{"0":[0,2],"1":[1,0],"2":[0,0]},"meta":{"lastBranch":3,"lastFunction":7,"lastStatement":23,"seen":{"f:11:9:11:28":0,"s:12:2:12:Infinity":0,"f:15:9:15:46":1,"s:16:20:16:Infinity":1,"b:18:2:20:Infinity:undefined:undefined:undefined:undefined":0,"s:18:2:20:Infinity":2,"s:19:4:19:Infinity":3,"s:22:2:29:Infinity":4,"s:23:16:23:Infinity":5,"s:24:19:24:Infinity":6,"s:26:4:26:Infinity":7,"s:28:4:28:Infinity":8,"f:32:9:32:20":2,"s:33:20:33:Infinity":9,"s:35:2:35:Infinity":10,"s:36:2:39:Infinity":11,"f:42:16:42:31":3,"s:43:16:43:Infinity":12,"b:45:2:45:Infinity:undefined:undefined:undefined:undefined":1,"s:45:2:45:Infinity":13,"s:45:14:45:Infinity":14,"s:47:2:47:Infinity":15,"f:50:16:50:31":4,"s:51:16:51:Infinity":16,"s:53:2:56:Infinity":17,"s:58:2:58:Infinity":18,"f:61:16:61:29":5,"s:62:20:62:Infinity":19,"b:64:2:66:Infinity:undefined:undefined:undefined:undefined":2,"s:64:2:66:Infinity":20,"s:65:4:65:Infinity":21,"f:69:16:69:28":6,"s:70:2:70:Infinity":22},"fnNames":{}}}
,"/Users/harshitgarg/Documents/pro/sclare/packages/core/src/cache/index.ts": {"path":"/Users/harshitgarg/Documents/pro/sclare/packages/core/src/cache/index.ts","statementMap":{},"fnMap":{},"branchMap":{},"s":{},"f":{},"b":{},"meta":{"lastBranch":0,"lastFunction":0,"lastStatement":0,"seen":{},"fnNames":{}}}
,"/Users/harshitgarg/Documents/pro/sclare/packages/core/src/cache/key.ts": {"path":"/Users/harshitgarg/Documents/pro/sclare/packages/core/src/cache/key.ts","statementMap":{"0":{"start":{"line":6,"column":18},"end":{"line":8,"column":null}},"1":{"start":{"line":10,"column":2},"end":{"line":22,"column":null}},"2":{"start":{"line":11,"column":4},"end":{"line":16,"column":null}},"3":{"start":{"line":16,"column":6},"end":{"line":16,"column":null}},"4":{"start":{"line":18,"column":17},"end":{"line":18,"column":null}},"5":{"start":{"line":20,"column":4},"end":{"line":21,"column":null}},"6":{"start":{"line":20,"column":29},"end":{"line":20,"column":null}},"7":{"start":{"line":21,"column":9},"end":{"line":21,"column":null}},"8":{"start":{"line":26,"column":26},"end":{"line":26,"column":null}},"9":{"start":{"line":28,"column":2},"end":{"line":28,"column":null}},"10":{"start":{"line":30,"column":15},"end":{"line":30,"column":null}},"11":{"start":{"line":32,"column":2},"end":{"line":32,"column":null}},"12":{"start":{"line":34,"column":2},"end":{"line":40,"column":null}},"13":{"start":{"line":35,"column":17},"end":{"line":35,"column":null}},"14":{"start":{"line":37,"column":4},"end":{"line":37,"column":null}},"15":{"start":{"line":38,"column":4},"end":{"line":38,"column":null}},"16":{"start":{"line":39,"column":4},"end":{"line":39,"column":null}},"17":{"start":{"line":42,"column":2},"end":{"line":42,"column":null}}},"fnMap":{"0":{"name":"walk","decl":{"start":{"line":5,"column":9},"end":{"line":5,"column":14}},"loc":{"start":{"line":5,"column":44},"end":{"line":23,"column":null}},"line":5},"1":{"name":"createCacheKey","decl":{"start":{"line":25,"column":16},"end":{"line":25,"column":31}},"loc":{"start":{"line":25,"column":45},"end":{"line":43,"column":null}},"line":25}},"branchMap":{"0":{"loc":{"start":{"line":11,"column":4},"end":{"line":16,"column":null}},"type":"if","locations":[{"start":{"line":11,"column":4},"end":{"line":16,"column":null}},{"start":{},"end":{}}],"line":11},"1":{"loc":{"start":{"line":12,"column":6},"end":{"line":14,"column":null}},"type":"binary-expr","locations":[{"start":{"line":12,"column":6},"end":{"line":12,"column":null}},{"start":{"line":13,"column":6},"end":{"line":13,"column":null}},{"start":{"line":14,"column":6},"end":{"line":14,"column":null}}],"line":12},"2":{"loc":{"start":{"line":20,"column":4},"end":{"line":21,"column":null}},"type":"if","locations":[{"start":{"line":20,"column":4},"end":{"line":21,"column":null}},{"start":{"line":21,"column":9},"end":{"line":21,"column":null}}],"line":20}},"s":{"0":61,"1":61,"2":1718,"3":18,"4":1700,"5":1700,"6":60,"7":1640,"8":1,"9":1,"10":1,"11":1,"12":1,"13":1640,"14":1640,"15":1640,"16":1640,"17":1},"f":{"0":61,"1":1},"b":{"0":[18,1700],"1":[1718,1709,1708],"2":[60,1640]},"meta":{"lastBranch":3,"lastFunction":2,"lastStatement":18,"seen":{"f:5:9:5:14":0,"s:6:18:8:Infinity":0,"s:10:2:22:Infinity":1,"b:11:4:16:Infinity:undefined:undefined:undefined:undefined":0,"s:11:4:16:Infinity":2,"b:12:6:12:Infinity:13:6:13:Infinity:14:6:14:Infinity":1,"s:16:6:16:Infinity":3,"s:18:17:18:Infinity":4,"b:20:4:21:Infinity:21:9:21:Infinity":2,"s:20:4:21:Infinity":5,"s:20:29:20:Infinity":6,"s:21:9:21:Infinity":7,"f:25:16:25:31":1,"s:26:26:26:Infinity":8,"s:28:2:28:Infinity":9,"s:30:15:30:Infinity":10,"s:32:2:32:Infinity":11,"s:34:2:40:Infinity":12,"s:35:17:35:Infinity":13,"s:37:4:37:Infinity":14,"s:38:4:38:Infinity":15,"s:39:4:39:Infinity":16,"s:42:2:42:Infinity":17},"fnNames":{}}}
,"/Users/harshitgarg/Documents/pro/sclare/packages/core/src/context/budget.ts": {"path":"/Users/harshitgarg/Documents/pro/sclare/packages/core/src/context/budget.ts","statementMap":{"0":{"start":{"line":4,"column":2},"end":{"line":4,"column":null}}},"fnMap":{"0":{"name":"applyBudget","decl":{"start":{"line":3,"column":16},"end":{"line":3,"column":28}},"loc":{"start":{"line":3,"column":67},"end":{"line":5,"column":null}},"line":3}},"branchMap":{"0":{"loc":{"start":{"line":3,"column":52},"end":{"line":3,"column":67}},"type":"default-arg","locations":[{"start":{"line":3,"column":63},"end":{"line":3,"column":67}}],"line":3}},"s":{"0":0},"f":{"0":0},"b":{"0":[0]},"meta":{"lastBranch":1,"lastFunction":1,"lastStatement":1,"seen":{"f:3:16:3:28":0,"b:3:63:3:67":0,"s:4:2:4:Infinity":0},"fnNames":{}}}
,"/Users/harshitgarg/Documents/pro/sclare/packages/core/src/context/context.ts": {"path":"/Users/harshitgarg/Documents/pro/sclare/packages/core/src/context/context.ts","statementMap":{"0":{"start":{"line":24,"column":18},"end":{"line":24,"column":null}},"1":{"start":{"line":26,"column":2},"end":{"line":32,"column":null}},"2":{"start":{"line":27,"column":4},"end":{"line":31,"column":null}},"3":{"start":{"line":34,"column":21},"end":{"line":34,"column":null}},"4":{"start":{"line":36,"column":2},"end":{"line":40,"column":null}},"5":{"start":{"line":44,"column":20},"end":{"line":44,"column":null}},"6":{"start":{"line":46,"column":2},"end":{"line":52,"column":null}},"7":{"start":{"line":47,"column":4},"end":{"line":51,"column":null}},"8":{"start":{"line":54,"column":18},"end":{"line":54,"column":null}},"9":{"start":{"line":55,"column":17},"end":{"line":55,"column":null}},"10":{"start":{"line":56,"column":20},"end":{"line":56,"column":null}},"11":{"start":{"line":57,"column":17},"end":{"line":57,"column":null}},"12":{"start":{"line":58,"column":17},"end":{"line":61,"column":null}},"13":{"start":{"line":60,"column":25},"end":{"line":60,"column":34}},"14":{"start":{"line":63,"column":2},"end":{"line":69,"column":null}}},"fnMap":{"0":{"name":"generate","decl":{"start":{"line":23,"column":22},"end":{"line":23,"column":31}},"loc":{"start":{"line":23,"column":70},"end":{"line":41,"column":null}},"line":23},"1":{"name":"buildContext","decl":{"start":{"line":43,"column":22},"end":{"line":43,"column":35}},"loc":{"start":{"line":43,"column":103},"end":{"line":70,"column":null}},"line":43},"2":{"name":"(anonymous_2)","decl":{"start":{"line":60,"column":11},"end":{"line":60,"column":16}},"loc":{"start":{"line":60,"column":25},"end":{"line":60,"column":34}},"line":60}},"branchMap":{"0":{"loc":{"start":{"line":26,"column":2},"end":{"line":32,"column":null}},"type":"if","locations":[{"start":{"line":26,"column":2},"end":{"line":32,"column":null}},{"start":{},"end":{}}],"line":26},"1":{"loc":{"start":{"line":46,"column":2},"end":{"line":52,"column":null}},"type":"if","locations":[{"start":{"line":46,"column":2},"end":{"line":52,"column":null}},{"start":{},"end":{}}],"line":46},"2":{"loc":{"start":{"line":54,"column":18},"end":{"line":54,"column":null}},"type":"cond-expr","locations":[{"start":{"line":54,"column":48},"end":{"line":54,"column":69}},{"start":{"line":54,"column":69},"end":{"line":54,"column":null}}],"line":54}},"s":{"0":0,"1":0,"2":0,"3":0,"4":0,"5":1,"6":1,"7":1,"8":0,"9":1,"10":1,"11":1,"12":1,"13":0,"14":0},"f":{"0":0,"1":1,"2":0},"b":{"0":[0,0],"1":[1,0],"2":[0,0]},"meta":{"lastBranch":3,"lastFunction":3,"lastStatement":15,"seen":{"f:23:22:23:31":0,"s:24:18:24:Infinity":0,"b:26:2:32:Infinity:undefined:undefined:undefined:undefined":0,"s:26:2:32:Infinity":1,"s:27:4:31:Infinity":2,"s:34:21:34:Infinity":3,"s:36:2:40:Infinity":4,"f:43:22:43:35":1,"s:44:20:44:Infinity":5,"b:46:2:52:Infinity:undefined:undefined:undefined:undefined":1,"s:46:2:52:Infinity":6,"s:47:4:51:Infinity":7,"s:54:18:54:Infinity":8,"b:54:48:54:69:54:69:54:Infinity":2,"s:55:17:55:Infinity":9,"s:56:20:56:Infinity":10,"s:57:17:57:Infinity":11,"s:58:17:61:Infinity":12,"f:60:11:60:16":2,"s:60:25:60:34":13,"s:63:2:69:Infinity":14},"fnNames":{}}}
,"/Users/harshitgarg/Documents/pro/sclare/packages/core/src/context/formatter.ts": {"path":"/Users/harshitgarg/Documents/pro/sclare/packages/core/src/context/formatter.ts","statementMap":{"0":{"start":{"line":4,"column":15},"end":{"line":8,"column":null}},"1":{"start":{"line":13,"column":2},"end":{"line":25,"column":null}},"2":{"start":{"line":14,"column":4},"end":{"line":23,"column":null}},"3":{"start":{"line":27,"column":2},"end":{"line":27,"column":null}},"4":{"start":{"line":39,"column":2},"end":{"line":39,"column":null}}},"fnMap":{"0":{"name":"formatPrompt","decl":{"start":{"line":3,"column":16},"end":{"line":3,"column":29}},"loc":{"start":{"line":3,"column":69},"end":{"line":40,"column":null}},"line":3}},"branchMap":{},"s":{"0":1,"1":1,"2":1,"3":1,"4":1},"f":{"0":1},"b":{},"meta":{"lastBranch":0,"lastFunction":1,"lastStatement":5,"seen":{"f:3:16:3:29":0,"s:4:15:8:Infinity":0,"s:13:2:25:Infinity":1,"s:14:4:23:Infinity":2,"s:27:2:27:Infinity":3,"s:39:2:39:Infinity":4},"fnNames":{}}}
,"/Users/harshitgarg/Documents/pro/sclare/packages/core/src/context/index.ts": {"path":"/Users/harshitgarg/Documents/pro/sclare/packages/core/src/context/index.ts","statementMap":{},"fnMap":{},"branchMap":{},"s":{},"f":{},"b":{},"meta":{"lastBranch":0,"lastFunction":0,"lastStatement":0,"seen":{},"fnNames":{}}}
,"/Users/harshitgarg/Documents/pro/sclare/packages/core/src/context/optimizer.ts": {"path":"/Users/harshitgarg/Documents/pro/sclare/packages/core/src/context/optimizer.ts","statementMap":{"0":{"start":{"line":4,"column":15},"end":{"line":4,"column":null}},"1":{"start":{"line":6,"column":2},"end":{"line":13,"column":null}},"2":{"start":{"line":7,"column":4},"end":{"line":9,"column":null}},"3":{"start":{"line":8,"column":6},"end":{"line":8,"column":null}},"4":{"start":{"line":11,"column":4},"end":{"line":11,"column":null}},"5":{"start":{"line":12,"column":4},"end":{"line":12,"column":null}}},"fnMap":{"0":{"name":"optimize","decl":{"start":{"line":3,"column":16},"end":{"line":3,"column":25}},"loc":{"start":{"line":3,"column":50},"end":{"line":14,"column":null}},"line":3},"1":{"name":"(anonymous_1)","decl":{"start":{"line":6,"column":16},"end":{"line":6,"column":24}},"loc":{"start":{"line":6,"column":33},"end":{"line":13,"column":3}},"line":6}},"branchMap":{"0":{"loc":{"start":{"line":7,"column":4},"end":{"line":9,"column":null}},"type":"if","locations":[{"start":{"line":7,"column":4},"end":{"line":9,"column":null}},{"start":{},"end":{}}],"line":7}},"s":{"0":0,"1":0,"2":0,"3":0,"4":0,"5":0},"f":{"0":0,"1":0},"b":{"0":[0,0]},"meta":{"lastBranch":1,"lastFunction":2,"lastStatement":6,"seen":{"f:3:16:3:25":0,"s:4:15:4:Infinity":0,"s:6:2:13:Infinity":1,"f:6:16:6:24":1,"b:7:4:9:Infinity:undefined:undefined:undefined:undefined":0,"s:7:4:9:Infinity":2,"s:8:6:8:Infinity":3,"s:11:4:11:Infinity":4,"s:12:4:12:Infinity":5},"fnNames":{}}}
,"/Users/harshitgarg/Documents/pro/sclare/packages/core/src/context/prompt.ts": {"path":"/Users/harshitgarg/Documents/pro/sclare/packages/core/src/context/prompt.ts","statementMap":{"0":{"start":{"line":5,"column":19},"end":{"line":5,"column":null}},"1":{"start":{"line":7,"column":2},"end":{"line":13,"column":null}},"2":{"start":{"line":8,"column":4},"end":{"line":12,"column":null}},"3":{"start":{"line":9,"column":6},"end":{"line":9,"column":null}},"4":{"start":{"line":11,"column":6},"end":{"line":11,"column":null}},"5":{"start":{"line":15,"column":2},"end":{"line":15,"column":null}}},"fnMap":{"0":{"name":"buildPrompt","decl":{"start":{"line":4,"column":22},"end":{"line":4,"column":34}},"loc":{"start":{"line":4,"column":66},"end":{"line":16,"column":null}},"line":4}},"branchMap":{},"s":{"0":1,"1":1,"2":1,"3":1,"4":0,"5":1},"f":{"0":1},"b":{},"meta":{"lastBranch":0,"lastFunction":1,"lastStatement":6,"seen":{"f:4:22:4:34":0,"s:5:19:5:Infinity":0,"s:7:2:13:Infinity":1,"s:8:4:12:Infinity":2,"s:9:6:9:Infinity":3,"s:11:6:11:Infinity":4,"s:15:2:15:Infinity":5},"fnNames":{}}}
,"/Users/harshitgarg/Documents/pro/sclare/packages/core/src/context/provider.ts": {"path":"/Users/harshitgarg/Documents/pro/sclare/packages/core/src/context/provider.ts","statementMap":{},"fnMap":{},"branchMap":{},"s":{},"f":{},"b":{},"meta":{"lastBranch":0,"lastFunction":0,"lastStatement":0,"seen":{},"fnNames":{}}}
,"/Users/harshitgarg/Documents/pro/sclare/packages/core/src/context/ranker.ts": {"path":"/Users/harshitgarg/Documents/pro/sclare/packages/core/src/context/ranker.ts","statementMap":{"0":{"start":{"line":14,"column":34},"end":{"line":14,"column":null}},"1":{"start":{"line":16,"column":2},"end":{"line":43,"column":null}},"2":{"start":{"line":17,"column":16},"end":{"line":17,"column":null}},"3":{"start":{"line":18,"column":30},"end":{"line":18,"column":null}},"4":{"start":{"line":20,"column":19},"end":{"line":22,"column":null}},"5":{"start":{"line":21,"column":16},"end":{"line":21,"column":null}},"6":{"start":{"line":24,"column":4},"end":{"line":24,"column":null}},"7":{"start":{"line":25,"column":4},"end":{"line":25,"column":null}},"8":{"start":{"line":28,"column":6},"end":{"line":29,"column":null}},"9":{"start":{"line":29,"column":43},"end":{"line":29,"column":62}},"10":{"start":{"line":31,"column":6},"end":{"line":32,"column":null}},"11":{"start":{"line":32,"column":40},"end":{"line":32,"column":59}},"12":{"start":{"line":34,"column":17},"end":{"line":34,"column":null}},"13":{"start":{"line":35,"column":22},"end":{"line":35,"column":null}},"14":{"start":{"line":37,"column":4},"end":{"line":42,"column":null}},"15":{"start":{"line":45,"column":2},"end":{"line":45,"column":null}},"16":{"start":{"line":45,"column":24},"end":{"line":45,"column":41}},"17":{"start":{"line":46,"column":2},"end":{"line":46,"column":null}}},"fnMap":{"0":{"name":"rankContext","decl":{"start":{"line":10,"column":16},"end":{"line":10,"column":null}},"loc":{"start":{"line":13,"column":19},"end":{"line":47,"column":null}},"line":13},"1":{"name":"(anonymous_1)","decl":{"start":{"line":20,"column":46},"end":{"line":20,"column":null}},"loc":{"start":{"line":21,"column":16},"end":{"line":21,"column":null}},"line":21},"2":{"name":"(anonymous_2)","decl":{"start":{"line":29,"column":23},"end":{"line":29,"column":29}},"loc":{"start":{"line":29,"column":43},"end":{"line":29,"column":62}},"line":29},"3":{"name":"(anonymous_3)","decl":{"start":{"line":32,"column":20},"end":{"line":32,"column":26}},"loc":{"start":{"line":32,"column":40},"end":{"line":32,"column":59}},"line":32},"4":{"name":"(anonymous_4)","decl":{"start":{"line":45,"column":9},"end":{"line":45,"column":15}},"loc":{"start":{"line":45,"column":24},"end":{"line":45,"column":41}},"line":45}},"branchMap":{"0":{"loc":{"start":{"line":21,"column":16},"end":{"line":21,"column":null}},"type":"binary-expr","locations":[{"start":{"line":21,"column":16},"end":{"line":21,"column":36}},{"start":{"line":21,"column":36},"end":{"line":21,"column":null}}],"line":21},"1":{"loc":{"start":{"line":28,"column":6},"end":{"line":29,"column":null}},"type":"binary-expr","locations":[{"start":{"line":28,"column":6},"end":{"line":28,"column":null}},{"start":{"line":29,"column":6},"end":{"line":29,"column":null}}],"line":28},"2":{"loc":{"start":{"line":31,"column":6},"end":{"line":32,"column":null}},"type":"binary-expr","locations":[{"start":{"line":31,"column":6},"end":{"line":31,"column":null}},{"start":{"line":32,"column":6},"end":{"line":32,"column":null}}],"line":31},"3":{"loc":{"start":{"line":34,"column":17},"end":{"line":34,"column":null}},"type":"binary-expr","locations":[{"start":{"line":34,"column":17},"end":{"line":34,"column":36}},{"start":{"line":34,"column":36},"end":{"line":34,"column":52}},{"start":{"line":34,"column":52},"end":{"line":34,"column":null}}],"line":34},"4":{"loc":{"start":{"line":35,"column":22},"end":{"line":35,"column":null}},"type":"binary-expr","locations":[{"start":{"line":35,"column":22},"end":{"line":35,"column":41}},{"start":{"line":35,"column":41},"end":{"line":35,"column":57}},{"start":{"line":35,"column":57},"end":{"line":35,"column":null}}],"line":35}},"s":{"0":0,"1":0,"2":0,"3":0,"4":0,"5":0,"6":0,"7":0,"8":0,"9":0,"10":0,"11":0,"12":0,"13":0,"14":0,"15":0,"16":0,"17":0},"f":{"0":0,"1":0,"2":0,"3":0,"4":0},"b":{"0":[0,0],"1":[0,0],"2":[0,0],"3":[0,0,0],"4":[0,0,0]},"meta":{"lastBranch":5,"lastFunction":5,"lastStatement":18,"seen":{"f:10:16:10:Infinity":0,"s:14:34:14:Infinity":0,"s:16:2:43:Infinity":1,"s:17:16:17:Infinity":2,"s:18:30:18:Infinity":3,"s:20:19:22:Infinity":4,"f:20:46:20:Infinity":1,"s:21:16:21:Infinity":5,"b:21:16:21:36:21:36:21:Infinity":0,"s:24:4:24:Infinity":6,"s:25:4:25:Infinity":7,"s:28:6:29:Infinity":8,"b:28:6:28:Infinity:29:6:29:Infinity":1,"f:29:23:29:29":2,"s:29:43:29:62":9,"s:31:6:32:Infinity":10,"b:31:6:31:Infinity:32:6:32:Infinity":2,"f:32:20:32:26":3,"s:32:40:32:59":11,"s:34:17:34:Infinity":12,"b:34:17:34:36:34:36:34:52:34:52:34:Infinity":3,"s:35:22:35:Infinity":13,"b:35:22:35:41:35:41:35:57:35:57:35:Infinity":4,"s:37:4:42:Infinity":14,"s:45:2:45:Infinity":15,"f:45:9:45:15":4,"s:45:24:45:41":16,"s:46:2:46:Infinity":17},"fnNames":{}}}
,"/Users/harshitgarg/Documents/pro/sclare/packages/core/src/context/snippet.ts": {"path":"/Users/harshitgarg/Documents/pro/sclare/packages/core/src/context/snippet.ts","statementMap":{"0":{"start":{"line":10,"column":15},"end":{"line":10,"column":null}},"1":{"start":{"line":11,"column":16},"end":{"line":11,"column":null}},"2":{"start":{"line":13,"column":2},"end":{"line":17,"column":null}}},"fnMap":{"0":{"name":"loadSnippet","decl":{"start":{"line":9,"column":22},"end":{"line":9,"column":34}},"loc":{"start":{"line":9,"column":86},"end":{"line":18,"column":null}},"line":9}},"branchMap":{"0":{"loc":{"start":{"line":9,"column":48},"end":{"line":9,"column":86}},"type":"default-arg","locations":[{"start":{"line":9,"column":59},"end":{"line":9,"column":86}}],"line":9}},"s":{"0":1,"1":1,"2":1},"f":{"0":1},"b":{"0":[1]},"meta":{"lastBranch":1,"lastFunction":1,"lastStatement":3,"seen":{"f:9:22:9:34":0,"b:9:59:9:86":0,"s:10:15:10:Infinity":0,"s:11:16:11:Infinity":1,"s:13:2:17:Infinity":2},"fnNames":{}}}
,"/Users/harshitgarg/Documents/pro/sclare/packages/core/src/evaluation/commitFilter.ts": {"path":"/Users/harshitgarg/Documents/pro/sclare/packages/core/src/evaluation/commitFilter.ts","statementMap":{"0":{"start":{"line":2,"column":14},"end":{"line":2,"column":null}},"1":{"start":{"line":4,"column":2},"end":{"line":4,"column":null}},"2":{"start":{"line":4,"column":31},"end":{"line":4,"column":null}},"3":{"start":{"line":5,"column":2},"end":{"line":5,"column":null}},"4":{"start":{"line":5,"column":30},"end":{"line":5,"column":null}},"5":{"start":{"line":6,"column":2},"end":{"line":6,"column":null}},"6":{"start":{"line":6,"column":28},"end":{"line":6,"column":null}},"7":{"start":{"line":7,"column":2},"end":{"line":7,"column":null}},"8":{"start":{"line":7,"column":34},"end":{"line":7,"column":null}},"9":{"start":{"line":8,"column":2},"end":{"line":8,"column":null}},"10":{"start":{"line":8,"column":31},"end":{"line":8,"column":null}},"11":{"start":{"line":9,"column":2},"end":{"line":9,"column":null}},"12":{"start":{"line":9,"column":25},"end":{"line":9,"column":null}},"13":{"start":{"line":10,"column":2},"end":{"line":10,"column":null}},"14":{"start":{"line":10,"column":26},"end":{"line":10,"column":null}},"15":{"start":{"line":12,"column":2},"end":{"line":12,"column":null}}},"fnMap":{"0":{"name":"shouldEvaluate","decl":{"start":{"line":1,"column":16},"end":{"line":1,"column":31}},"loc":{"start":{"line":1,"column":65},"end":{"line":13,"column":null}},"line":1}},"branchMap":{"0":{"loc":{"start":{"line":4,"column":2},"end":{"line":4,"column":null}},"type":"if","locations":[{"start":{"line":4,"column":2},"end":{"line":4,"column":null}},{"start":{},"end":{}}],"line":4},"1":{"loc":{"start":{"line":5,"column":2},"end":{"line":5,"column":null}},"type":"if","locations":[{"start":{"line":5,"column":2},"end":{"line":5,"column":null}},{"start":{},"end":{}}],"line":5},"2":{"loc":{"start":{"line":6,"column":2},"end":{"line":6,"column":null}},"type":"if","locations":[{"start":{"line":6,"column":2},"end":{"line":6,"column":null}},{"start":{},"end":{}}],"line":6},"3":{"loc":{"start":{"line":7,"column":2},"end":{"line":7,"column":null}},"type":"if","locations":[{"start":{"line":7,"column":2},"end":{"line":7,"column":null}},{"start":{},"end":{}}],"line":7},"4":{"loc":{"start":{"line":8,"column":2},"end":{"line":8,"column":null}},"type":"if","locations":[{"start":{"line":8,"column":2},"end":{"line":8,"column":null}},{"start":{},"end":{}}],"line":8},"5":{"loc":{"start":{"line":9,"column":2},"end":{"line":9,"column":null}},"type":"if","locations":[{"start":{"line":9,"column":2},"end":{"line":9,"column":null}},{"start":{},"end":{}}],"line":9},"6":{"loc":{"start":{"line":10,"column":2},"end":{"line":10,"column":null}},"type":"if","locations":[{"start":{"line":10,"column":2},"end":{"line":10,"column":null}},{"start":{},"end":{}}],"line":10}},"s":{"0":0,"1":0,"2":0,"3":0,"4":0,"5":0,"6":0,"7":0,"8":0,"9":0,"10":0,"11":0,"12":0,"13":0,"14":0,"15":0},"f":{"0":0},"b":{"0":[0,0],"1":[0,0],"2":[0,0],"3":[0,0],"4":[0,0],"5":[0,0],"6":[0,0]},"meta":{"lastBranch":7,"lastFunction":1,"lastStatement":16,"seen":{"f:1:16:1:31":0,"s:2:14:2:Infinity":0,"b:4:2:4:Infinity:undefined:undefined:undefined:undefined":0,"s:4:2:4:Infinity":1,"s:4:31:4:Infinity":2,"b:5:2:5:Infinity:undefined:undefined:undefined:undefined":1,"s:5:2:5:Infinity":3,"s:5:30:5:Infinity":4,"b:6:2:6:Infinity:undefined:undefined:undefined:undefined":2,"s:6:2:6:Infinity":5,"s:6:28:6:Infinity":6,"b:7:2:7:Infinity:undefined:undefined:undefined:undefined":3,"s:7:2:7:Infinity":7,"s:7:34:7:Infinity":8,"b:8:2:8:Infinity:undefined:undefined:undefined:undefined":4,"s:8:2:8:Infinity":9,"s:8:31:8:Infinity":10,"b:9:2:9:Infinity:undefined:undefined:undefined:undefined":5,"s:9:2:9:Infinity":11,"s:9:25:9:Infinity":12,"b:10:2:10:Infinity:undefined:undefined:undefined:undefined":6,"s:10:2:10:Infinity":13,"s:10:26:10:Infinity":14,"s:12:2:12:Infinity":15},"fnNames":{}}}
,"/Users/harshitgarg/Documents/pro/sclare/packages/core/src/evaluation/evaluator.ts": {"path":"/Users/harshitgarg/Documents/pro/sclare/packages/core/src/evaluation/evaluator.ts","statementMap":{"0":{"start":{"line":7,"column":27},"end":{"line":7,"column":null}},"1":{"start":{"line":8,"column":25},"end":{"line":8,"column":null}},"2":{"start":{"line":10,"column":2},"end":{"line":12,"column":null}},"3":{"start":{"line":11,"column":4},"end":{"line":11,"column":null}},"4":{"start":{"line":14,"column":2},"end":{"line":14,"column":null}},"5":{"start":{"line":23,"column":20},"end":{"line":23,"column":null}},"6":{"start":{"line":24,"column":20},"end":{"line":26,"column":null}},"7":{"start":{"line":25,"column":37},"end":{"line":25,"column":73}},"8":{"start":{"line":27,"column":17},"end":{"line":27,"column":null}},"9":{"start":{"line":27,"column":51},"end":{"line":27,"column":80}},"10":{"start":{"line":29,"column":2},"end":{"line":29,"column":null}}},"fnMap":{"0":{"name":"normalizePath","decl":{"start":{"line":6,"column":9},"end":{"line":6,"column":23}},"loc":{"start":{"line":6,"column":59},"end":{"line":15,"column":null}},"line":6},"1":{"name":"evaluateCommit","decl":{"start":{"line":17,"column":16},"end":{"line":17,"column":null}},"loc":{"start":{"line":22,"column":2},"end":{"line":30,"column":null}},"line":22},"2":{"name":"(anonymous_2)","decl":{"start":{"line":25,"column":21},"end":{"line":25,"column":26}},"loc":{"start":{"line":25,"column":37},"end":{"line":25,"column":73}},"line":25},"3":{"name":"(anonymous_3)","decl":{"start":{"line":27,"column":37},"end":{"line":27,"column":42}},"loc":{"start":{"line":27,"column":51},"end":{"line":27,"column":80}},"line":27}},"branchMap":{"0":{"loc":{"start":{"line":10,"column":2},"end":{"line":12,"column":null}},"type":"if","locations":[{"start":{"line":10,"column":2},"end":{"line":12,"column":null}},{"start":{},"end":{}}],"line":10},"1":{"loc":{"start":{"line":21,"column":2},"end":{"line":21,"column":null}},"type":"default-arg","locations":[{"start":{"line":21,"column":13},"end":{"line":21,"column":null}}],"line":21}},"s":{"0":0,"1":0,"2":0,"3":0,"4":0,"5":0,"6":0,"7":0,"8":0,"9":0,"10":0},"f":{"0":0,"1":0,"2":0,"3":0},"b":{"0":[0,0],"1":[0]},"meta":{"lastBranch":2,"lastFunction":4,"lastStatement":11,"seen":{"f:6:9:6:23":0,"s:7:27:7:Infinity":0,"s:8:25:8:Infinity":1,"b:10:2:12:Infinity:undefined:undefined:undefined:undefined":0,"s:10:2:12:Infinity":2,"s:11:4:11:Infinity":3,"s:14:2:14:Infinity":4,"f:17:16:17:Infinity":1,"b:21:13:21:Infinity":1,"s:23:20:23:Infinity":5,"s:24:20:26:Infinity":6,"f:25:21:25:26":2,"s:25:37:25:73":7,"s:27:17:27:Infinity":8,"f:27:37:27:42":3,"s:27:51:27:80":9,"s:29:2:29:Infinity":10},"fnNames":{}}}
[...]
"line":14,"column":49},"end":{"line":22,"column":null}},"line":14},"3":{"name":"(anonymous_3)","decl":{"start":{"line":24,"column":8},"end":{"line":24,"column":17}},"loc":{"start":{"line":25,"column":4},"end":{"line":30,"column":null}},"line":25}},"branchMap":{"0":{"loc":{"start":{"line":7,"column":4},"end":{"line":9,"column":null}},"type":"if","locations":[{"start":{"line":7,"column":4},"end":{"line":9,"column":null}},{"start":{},"end":{}}],"line":7},"1":{"loc":{"start":{"line":17,"column":4},"end":{"line":21,"column":null}},"type":"if","locations":[{"start":{"line":17,"column":4},"end":{"line":21,"column":null}},{"start":{"line":19,"column":11},"end":{"line":21,"column":null}}],"line":17},"2":{"loc":{"start":{"line":17,"column":8},"end":{"line":17,"column":49}},"type":"binary-expr","locations":[{"start":{"line":17,"column":8},"end":{"line":17,"column":28}},{"start":{"line":17,"column":28},"end":{"line":17,"column":49}}],"line":17},"3":{"loc":{"start":{"line":19,"column":11},"end":{"line":21,"column":null}},"type":"if","locations":[{"start":{"line":19,"column":11},"end":{"line":21,"column":null}},{"start":{},"end":{}}],"line":19}},"s":{"0":2,"1":14,"2":10,"3":14,"4":7,"5":7,"6":0,"7":7,"8":7,"9":2,"10":3,"11":2,"12":3,"13":7,"14":2,"15":0,"16":0,"17":2},"f":{"0":2,"1":14,"2":7,"3":3},"b":{"0":[10,4],"1":[0,7],"2":[7,7],"3":[7,0]},"meta":{"lastBranch":4,"lastFunction":4,"lastStatement":18,"seen":{"f:3:16:3:32":0,"s:4:21:4:Infinity":0,"f:6:11:6:15":1,"b:7:4:9:Infinity:undefined:undefined:undefined:undefined":0,"s:7:4:9:Infinity":1,"s:8:6:8:Infinity":2,"s:11:4:11:Infinity":3,"f:14:11:14:22":2,"s:15:4:15:Infinity":4,"b:17:4:21:Infinity:19:11:21:Infinity":1,"s:17:4:21:Infinity":5,"b:17:8:17:28:17:28:17:49":2,"s:18:6:18:Infinity":6,"b:19:11:21:Infinity:undefined:undefined:undefined:undefined":3,"s:19:11:21:Infinity":7,"s:20:6:20:Infinity":8,"s:24:8:30:Infinity":9,"f:24:8:24:17":3,"s:25:4:30:Infinity":10,"s:32:2:36:Infinity":11,"s:33:4:35:Infinity":12,"s:34:6:34:Infinity":13,"s:38:2:42:Infinity":14,"s:39:4:41:Infinity":15,"s:40:6:40:Infinity":16,"s:44:2:44:Infinity":17},"fnNames":{}}}
,"/Users/harshitgarg/Documents/pro/sclare/packages/observer/src/detector.ts": {"path":"/Users/harshitgarg/Documents/pro/sclare/packages/observer/src/detector.ts","statementMap":{"0":{"start":{"line":14,"column":30},"end":{"line":14,"column":null}},"1":{"start":{"line":16,"column":2},"end":{"line":16,"column":null}},"2":{"start":{"line":16,"column":29},"end":{"line":16,"column":null}},"3":{"start":{"line":17,"column":2},"end":{"line":17,"column":null}},"4":{"start":{"line":17,"column":29},"end":{"line":17,"column":null}},"5":{"start":{"line":18,"column":2},"end":{"line":18,"column":null}},"6":{"start":{"line":18,"column":29},"end":{"line":18,"column":null}},"7":{"start":{"line":19,"column":2},"end":{"line":19,"column":null}},"8":{"start":{"line":19,"column":29},"end":{"line":19,"column":null}},"9":{"start":{"line":20,"column":2},"end":{"line":20,"column":null}},"10":{"start":{"line":20,"column":31},"end":{"line":20,"column":null}},"11":{"start":{"line":22,"column":33},"end":{"line":22,"column":null}},"12":{"start":{"line":23,"column":38},"end":{"line":23,"column":null}},"13":{"start":{"line":25,"column":22},"end":{"line":25,"column":null}},"14":{"start":{"line":27,"column":2},"end":{"line":43,"column":null}},"15":{"start":{"line":28,"column":16},"end":{"line":28,"column":null}},"16":{"start":{"line":30,"column":17},"end":{"line":33,"column":null}},"17":{"start":{"line":35,"column":4},"end":{"line":38,"column":null}},"18":{"start":{"line":35,"column":30},"end":{"line":35,"column":null}},"19":{"start":{"line":36,"column":9},"end":{"line":38,"column":null}},"20":{"start":{"line":36,"column":24},"end":{"line":36,"column":null}},"21":{"start":{"line":37,"column":9},"end":{"line":38,"column":null}},"22":{"start":{"line":37,"column":25},"end":{"line":37,"column":null}},"23":{"start":{"line":38,"column":9},"end":{"line":38,"column":null}},"24":{"start":{"line":38,"column":27},"end":{"line":38,"column":null}},"25":{"start":{"line":40,"column":4},"end":{"line":42,"column":null}},"26":{"start":{"line":40,"column":48},"end":{"line":40,"column":null}},"27":{"start":{"line":41,"column":9},"end":{"line":42,"column":null}},"28":{"start":{"line":41,"column":53},"end":{"line":41,"column":null}},"29":{"start":{"line":42,"column":9},"end":{"line":42,"column":null}},"30":{"start":{"line":45,"column":2},"end":{"line":49,"column":null}}},"fnMap":{"0":{"name":"detectProject","decl":{"start":{"line":10,"column":22},"end":{"line":10,"column":null}},"loc":{"start":{"line":13,"column":28},"end":{"line":50,"column":null}},"line":13}},"branchMap":{"0":{"loc":{"start":{"line":16,"column":2},"end":{"line":16,"column":null}},"type":"if","locations":[{"start":{"line":16,"column":2},"end":{"line":16,"column":null}},{"start":{},"end":{}}],"line":16},"1":{"loc":{"start":{"line":17,"column":2},"end":{"line":17,"column":null}},"type":"if","locations":[{"start":{"line":17,"column":2},"end":{"line":17,"column":null}},{"start":{},"end":{}}],"line":17},"2":{"loc":{"start":{"line":18,"column":2},"end":{"line":18,"column":null}},"type":"if","locations":[{"start":{"line":18,"column":2},"end":{"line":18,"column":null}},{"start":{},"end":{}}],"line":18},"3":{"loc":{"start":{"line":19,"column":2},"end":{"line":19,"column":null}},"type":"if","locations":[{"start":{"line":19,"column":2},"end":{"line":19,"column":null}},{"start":{},"end":{}}],"line":19},"4":{"loc":{"start":{"line":20,"column":2},"end":{"line":20,"column":null}},"type":"if","locations":[{"start":{"line":20,"column":2},"end":{"line":20,"column":null}},{"start":{},"end":{}}],"line":20},"5":{"loc":{"start":{"line":27,"column":2},"end":{"line":43,"column":null}},"type":"if","locations":[{"start":{"line":27,"column":2},"end":{"line":43,"column":null}},{"start":{},"end":{}}],"line":27},"6":{"loc":{"start":{"line":31,"column":10},"end":{"line":31,"column":null}},"type":"binary-expr","locations":[{"start":{"line":31,"column":10},"end":{"line":31,"column":30}},{"start":{"line":31,"column":30},"end":{"line":31,"column":null}}],"line":31},"7":{"loc":{"start":{"line":32,"column":10},"end":{"line":32,"column":null}},"type":"binary-expr","locations":[{"start":{"line":32,"column":10},"end":{"line":32,"column":33}},{"start":{"line":32,"column":33},"end":{"line":32,"column":null}}],"line":32},"8":{"loc":{"start":{"line":35,"column":4},"end":{"line":38,"column":null}},"type":"if","locations":[{"start":{"line":35,"column":4},"end":{"line":38,"column":null}},{"start":{"line":36,"column":9},"end":{"line":38,"column":null}}],"line":35},"9":{"loc":{"start":{"line":36,"column":9},"end":{"line":38,"column":null}},"type":"if","locations":[{"start":{"line":36,"column":9},"end":{"line":38,"column":null}},{"start":{"line":37,"column":9},"end":{"line":38,"column":null}}],"line":36},"10":{"loc":{"start":{"line":37,"column":9},"end":{"line":38,"column":null}},"type":"if","locations":[{"start":{"line":37,"column":9},"end":{"line":38,"column":null}},{"start":{"line":38,"column":9},"end":{"line":38,"column":null}}],"line":37},"11":{"loc":{"start":{"line":38,"column":9},"end":{"line":38,"column":null}},"type":"if","locations":[{"start":{"line":38,"column":9},"end":{"line":38,"column":null}},{"start":{},"end":{}}],"line":38},"12":{"loc":{"start":{"line":40,"column":4},"end":{"line":42,"column":null}},"type":"if","locations":[{"start":{"line":40,"column":4},"end":{"line":42,"column":null}},{"start":{"line":41,"column":9},"end":{"line":42,"column":null}}],"line":40},"13":{"loc":{"start":{"line":41,"column":9},"end":{"line":42,"column":null}},"type":"if","locations":[{"start":{"line":41,"column":9},"end":{"line":42,"column":null}},{"start":{"line":42,"column":9},"end":{"line":42,"column":null}}],"line":41}},"s":{"0":5,"1":5,"2":4,"3":5,"4":3,"5":5,"6":1,"7":5,"8":1,"9":5,"10":1,"11":5,"12":5,"13":5,"14":5,"15":5,"16":5,"17":5,"18":1,"19":4,"20":0,"21":4,"22":1,"23":3,"24":0,"25":5,"26":4,"27":1,"28":1,"29":0,"30":5},"f":{"0":5},"b":{"0":[4,1],"1":[3,2],"2":[1,4],"3":[1,4],"4":[1,4],"5":[5,0],"6":[5,0],"7":[5,2],"8":[1,4],"9":[0,4],"10":[1,3],"11":[0,3],"12":[4,1],"13":[1,0]},"meta":{"lastBranch":14,"lastFunction":1,"lastStatement":31,"seen":{"f:10:22:10:Infinity":0,"s:14:30:14:Infinity":0,"b:16:2:16:Infinity:undefined:undefined:undefined:undefined":0,"s:16:2:16:Infinity":1,"s:16:29:16:Infinity":2,"b:17:2:17:Infinity:undefined:undefined:undefined:undefined":1,"s:17:2:17:Infinity":3,"s:17:29:17:Infinity":4,"b:18:2:18:Infinity:undefined:undefined:undefined:undefined":2,"s:18:2:18:Infinity":5,"s:18:29:18:Infinity":6,"b:19:2:19:Infinity:undefined:undefined:undefined:undefined":3,"s:19:2:19:Infinity":7,"s:19:29:19:Infinity":8,"b:20:2:20:Infinity:undefined:undefined:undefined:undefined":4,"s:20:2:20:Infinity":9,"s:20:31:20:Infinity":10,"s:22:33:22:Infinity":11,"s:23:38:23:Infinity":12,"s:25:22:25:Infinity":13,"b:27:2:43:Infinity:undefined:undefined:undefined:undefined":5,"s:27:2:43:Infinity":14,"s:28:16:28:Infinity":15,"s:30:17:33:Infinity":16,"b:31:10:31:30:31:30:31:Infinity":6,"b:32:10:32:33:32:33:32:Infinity":7,"b:35:4:38:Infinity:36:9:38:Infinity":8,"s:35:4:38:Infinity":17,"s:35:30:35:Infinity":18,"b:36:9:38:Infinity:37:9:38:Infinity":9,"s:36:9:38:Infinity":19,"s:36:24:36:Infinity":20,"b:37:9:38:Infinity:38:9:38:Infinity":10,"s:37:9:38:Infinity":21,"s:37:25:37:Infinity":22,"b:38:9:38:Infinity:undefined:undefined:undefined:undefined":11,"s:38:9:38:Infinity":23,"s:38:27:38:Infinity":24,"b:40:4:42:Infinity:41:9:42:Infinity":12,"s:40:4:42:Infinity":25,"s:40:48:40:Infinity":26,"b:41:9:42:Infinity:42:9:42:Infinity":13,"s:41:9:42:Infinity":27,"s:41:53:41:Infinity":28,"s:42:9:42:Infinity":29,"s:45:2:49:Infinity":30},"fnNames":{}}}
,"/Users/harshitgarg/Documents/pro/sclare/packages/observer/src/index.ts": {"path":"/Users/harshitgarg/Documents/pro/sclare/packages/observer/src/index.ts","statementMap":{},"fnMap":{},"branchMap":{},"s":{},"f":{},"b":{},"meta":{"lastBranch":0,"lastFunction":0,"lastStatement":0,"seen":{},"fnNames":{}}}
,"/Users/harshitgarg/Documents/pro/sclare/packages/observer/src/observer.ts": {"path":"/Users/harshitgarg/Documents/pro/sclare/packages/observer/src/observer.ts","statementMap":{"0":{"start":{"line":12,"column":16},"end":{"line":12,"column":null}},"1":{"start":{"line":14,"column":2},"end":{"line":16,"column":null}},"2":{"start":{"line":15,"column":4},"end":{"line":15,"column":null}},"3":{"start":{"line":18,"column":15},"end":{"line":18,"column":null}},"4":{"start":{"line":19,"column":20},"end":{"line":19,"column":null}},"5":{"start":{"line":20,"column":14},"end":{"line":20,"column":null}},"6":{"start":{"line":22,"column":2},"end":{"line":33,"column":null}}},"fnMap":{"0":{"name":"observeRepository","decl":{"start":{"line":9,"column":22},"end":{"line":9,"column":null}},"loc":{"start":{"line":11,"column":39},"end":{"line":34,"column":null}},"line":11}},"branchMap":{"0":{"loc":{"start":{"line":14,"column":2},"end":{"line":16,"column":null}},"type":"if","locations":[{"start":{"line":14,"column":2},"end":{"line":16,"column":null}},{"start":{},"end":{}}],"line":14}},"s":{"0":1,"1":1,"2":0,"3":1,"4":1,"5":1,"6":1},"f":{"0":1},"b":{"0":[0,1]},"meta":{"lastBranch":1,"lastFunction":1,"lastStatement":7,"seen":{"f:9:22:9:Infinity":0,"s:12:16:12:Infinity":0,"b:14:2:16:Infinity:undefined:undefined:undefined:undefined":0,"s:14:2:16:Infinity":1,"s:15:4:15:Infinity":2,"s:18:15:18:Infinity":3,"s:19:20:19:Infinity":4,"s:20:14:20:Infinity":5,"s:22:2:33:Infinity":6},"fnNames":{}}}
,"/Users/harshitgarg/Documents/pro/sclare/packages/observer/src/scanner.ts": {"path":"/Users/harshitgarg/Documents/pro/sclare/packages/observer/src/scanner.ts","statementMap":{"0":{"start":{"line":7,"column":17},"end":{"line":7,"column":null}},"1":{"start":{"line":8,"column":17},"end":{"line":8,"column":null}},"2":{"start":{"line":9,"column":29},"end":{"line":13,"column":null}},"3":{"start":{"line":16,"column":20},"end":{"line":18,"column":null}},"4":{"start":{"line":20,"column":4},"end":{"line":37,"column":null}},"5":{"start":{"line":21,"column":6},"end":{"line":21,"column":null}},"6":{"start":{"line":21,"column":64},"end":{"line":21,"column":null}},"7":{"start":{"line":23,"column":19},"end":{"line":23,"column":null}},"8":{"start":{"line":25,"column":6},"end":{"line":36,"column":null}},"9":{"start":{"line":26,"column":8},"end":{"line":26,"column":null}},"10":{"start":{"line":27,"column":8},"end":{"line":27,"column":null}},"11":{"start":{"line":29,"column":8},"end":{"line":29,"column":null}},"12":{"start":{"line":31,"column":20},"end":{"line":31,"column":null}},"13":{"start":{"line":33,"column":8},"end":{"line":35,"column":null}},"14":{"start":{"line":34,"column":10},"end":{"line":34,"column":null}},"15":{"start":{"line":40,"column":2},"end":{"line":40,"column":null}},"16":{"start":{"line":42,"column":2},"end":{"line":42,"column":null}}},"fnMap":{"0":{"name":"scanRepository","decl":{"start":{"line":6,"column":22},"end":{"line":6,"column":37}},"loc":{"start":{"line":6,"column":72},"end":{"line":43,"column":null}},"line":6},"1":{"name":"walk","decl":{"start":{"line":15,"column":17},"end":{"line":15,"column":22}},"loc":{"start":{"line":15,"column":35},"end":{"line":38,"column":null}},"line":15}},"branchMap":{"0":{"loc":{"start":{"line":21,"column":6},"end":{"line":21,"column":null}},"type":"if","locations":[{"start":{"line":21,"column":6},"end":{"line":21,"column":null}},{"start":{},"end":{}}],"line":21},"1":{"loc":{"start":{"line":21,"column":10},"end":{"line":21,"column":64}},"type":"binary-expr","locations":[{"start":{"line":21,"column":10},"end":{"line":21,"column":36}},{"start":{"line":21,"column":36},"end":{"line":21,"column":64}}],"line":21},"2":{"loc":{"start":{"line":25,"column":6},"end":{"line":36,"column":null}},"type":"if","locations":[{"start":{"line":25,"column":6},"end":{"line":36,"column":null}},{"start":{"line":28,"column":13},"end":{"line":36,"column":null}}],"line":25},"3":{"loc":{"start":{"line":33,"column":8},"end":{"line":35,"column":null}},"type":"if","locations":[{"start":{"line":33,"column":8},"end":{"line":35,"column":null}},{"start":{},"end":{}}],"line":33}},"s":{"0":2,"1":2,"2":2,"3":88,"4":88,"5":506,"6":78,"7":428,"8":428,"9":86,"10":86,"11":342,"12":342,"13":342,"14":340,"15":2,"16":2},"f":{"0":2,"1":88},"b":{"0":[78,428],"1":[506,470],"2":[86,342],"3":[340,2]},"meta":{"lastBranch":4,"lastFunction":2,"lastStatement":17,"seen":{"f:6:22:6:37":0,"s:7:17:7:Infinity":0,"s:8:17:8:Infinity":1,"s:9:29:13:Infinity":2,"f:15:17:15:22":1,"s:16:20:18:Infinity":3,"s:20:4:37:Infinity":4,"b:21:6:21:Infinity:undefined:undefined:undefined:undefined":0,"s:21:6:21:Infinity":5,"b:21:10:21:36:21:36:21:64":1,"s:21:64:21:Infinity":6,"s:23:19:23:Infinity":7,"b:25:6:36:Infinity:28:13:36:Infinity":2,"s:25:6:36:Infinity":8,"s:26:8:26:Infinity":9,"s:27:8:27:Infinity":10,"s:29:8:29:Infinity":11,"s:31:20:31:Infinity":12,"b:33:8:35:Infinity:undefined:undefined:undefined:undefined":3,"s:33:8:35:Infinity":13,"s:34:10:34:Infinity":14,"s:40:2:40:Infinity":15,"s:42:2:42:Infinity":16},"fnNames":{}}}
,"/Users/harshitgarg/Documents/pro/sclare/packages/observer/src/types.ts": {"path":"/Users/harshitgarg/Documents/pro/sclare/packages/observer/src/types.ts","statementMap":{},"fnMap":{},"branchMap":{},"s":{},"f":{},"b":{},"meta":{"lastBranch":0,"lastFunction":0,"lastStatement":0,"seen":{},"fnNames":{}}}
,"/Users/harshitgarg/Documents/pro/sclare/packages/shared/src/errors.ts": {"path":"/Users/harshitgarg/Documents/pro/sclare/packages/shared/src/errors.ts","statementMap":{"0":{"start":{"line":3,"column":4},"end":{"line":3,"column":null}},"1":{"start":{"line":9,"column":4},"end":{"line":9,"column":null}},"2":{"start":{"line":15,"column":4},"end":{"line":15,"column":null}}},"fnMap":{"0":{"name":"constructor","decl":{"start":{"line":2,"column":2},"end":{"line":2,"column":14}},"loc":{"start":{"line":2,"column":28},"end":{"line":4,"column":null}},"line":2},"1":{"name":"constructor_2","decl":{"start":{"line":8,"column":2},"end":{"line":8,"column":14}},"loc":{"start":{"line":8,"column":32},"end":{"line":10,"column":null}},"line":8},"2":{"name":"constructor_3","decl":{"start":{"line":14,"column":2},"end":{"line":14,"column":14}},"loc":{"start":{"line":14,"column":28},"end":{"line":16,"column":null}},"line":14}},"branchMap":{},"s":{"0":1,"1":0,"2":1},"f":{"0":1,"1":0,"2":1},"b":{},"meta":{"lastBranch":0,"lastFunction":3,"lastStatement":3,"seen":{"f:2:2:2:14":0,"s:3:4:3:Infinity":0,"f:8:2:8:14":1,"s:9:4:9:Infinity":1,"f:14:2:14:14":2,"s:15:4:15:Infinity":2},"fnNames":{}}}
,"/Users/harshitgarg/Documents/pro/sclare/packages/shared/src/index.ts": {"path":"/Users/harshitgarg/Documents/pro/sclare/packages/shared/src/index.ts","statementMap":{"0":{"start":{"line":6,"column":2},"end":{"line":6,"column":null}},"1":{"start":{"line":10,"column":2},"end":{"line":10,"column":null}},"2":{"start":{"line":11,"column":2},"end":{"line":11,"column":null}},"3":{"start":{"line":12,"column":2},"end":{"line":12,"column":null}},"4":{"start":{"line":13,"column":2},"end":{"line":13,"column":null}}},"fnMap":{"0":{"name":"formatDuration","decl":{"start":{"line":5,"column":16},"end":{"line":5,"column":31}},"loc":{"start":{"line":5,"column":51},"end":{"line":7,"column":null}},"line":5},"1":{"name":"printSection","decl":{"start":{"line":9,"column":16},"end":{"line":9,"column":29}},"loc":{"start":{"line":9,"column":44},"end":{"line":14,"column":null}},"line":9}},"branchMap":{},"s":{"0":1,"1":1,"2":1,"3":1,"4":1},"f":{"0":1,"1":1},"b":{},"meta":{"lastBranch":0,"lastFunction":2,"lastStatement":5,"seen":{"f:5:16:5:31":0,"s:6:2:6:Infinity":0,"f:9:16:9:29":1,"s:10:2:10:Infinity":1,"s:11:2:11:Infinity":2,"s:12:2:12:Infinity":3,"s:13:2:13:Infinity":4},"fnNames":{}}}
,"/Users/harshitgarg/Documents/pro/sclare/packages/shared/src/matcher.ts": {"path":"/Users/harshitgarg/Documents/pro/sclare/packages/shared/src/matcher.ts","statementMap":{"0":{"start":{"line":2,"column":2},"end":{"line":2,"column":null}},"1":{"start":{"line":6,"column":12},"end":{"line":6,"column":null}},"2":{"start":{"line":7,"column":12},"end":{"line":7,"column":null}},"3":{"start":{"line":9,"column":2},"end":{"line":9,"column":null}}},"fnMap":{"0":{"name":"normalize","decl":{"start":{"line":1,"column":16},"end":{"line":1,"column":26}},"loc":{"start":{"line":1,"column":40},"end":{"line":3,"column":null}},"line":1},"1":{"name":"matches","decl":{"start":{"line":5,"column":16},"end":{"line":5,"column":24}},"loc":{"start":{"line":5,"column":58},"end":{"line":10,"column":null}},"line":5}},"branchMap":{"0":{"loc":{"start":{"line":9,"column":9},"end":{"line":9,"column":null}},"type":"binary-expr","locations":[{"start":{"line":9,"column":9},"end":{"line":9,"column":26}},{"start":{"line":9,"column":26},"end":{"line":9,"column":null}}],"line":9}},"s":{"0":0,"1":0,"2":0,"3":0},"f":{"0":0,"1":0},"b":{"0":[0,0]},"meta":{"lastBranch":1,"lastFunction":2,"lastStatement":4,"seen":{"f:1:16:1:26":0,"s:2:2:2:Infinity":0,"f:5:16:5:24":1,"s:6:12:6:Infinity":1,"s:7:12:7:Infinity":2,"s:9:2:9:Infinity":3,"b:9:9:9:26:9:26:9:Infinity":0},"fnNames":{}}}
,"/Users/harshitgarg/Documents/pro/sclare/packages/shared/src/result.ts": {"path":"/Users/harshitgarg/Documents/pro/sclare/packages/shared/src/result.ts","statementMap":{"0":{"start":{"line":12,"column":2},"end":{"line":15,"column":null}},"1":{"start":{"line":19,"column":2},"end":{"line":22,"column":null}}},"fnMap":{"0":{"name":"ok","decl":{"start":{"line":11,"column":16},"end":{"line":11,"column":22}},"loc":{"start":{"line":11,"column":42},"end":{"line":16,"column":null}},"line":11},"1":{"name":"err","decl":{"start":{"line":18,"column":16},"end":{"line":18,"column":23}},"loc":{"start":{"line":18,"column":51},"end":{"line":23,"column":null}},"line":18}},"branchMap":{},"s":{"0":1,"1":1},"f":{"0":1,"1":1},"b":{},"meta":{"lastBranch":0,"lastFunction":2,"lastStatement":2,"seen":{"f:11:16:11:22":0,"s:12:2:15:Infinity":0,"f:18:16:18:23":1,"s:19:2:22:Infinity":1},"fnNames":{}}}
}
