{"/Users/harshitgarg/Documents/pro/sclare/packages/analyzer/src/analyzer.ts": {"path":"/Users/harshitgarg/Documents/pro/sclare/packages/analyzer/src/analyzer.ts","statementMap":{"0":{"start":{"line":14,"column":2},"end":{"line":54,"column":null}},"1":{"start":{"line":15,"column":18},"end":{"line":19,"column":null}},"2":{"start":{"line":21,"column":41},"end":{"line":27,"column":null}},"3":{"start":{"line":29,"column":4},"end":{"line":37,"column":null}},"4":{"start":{"line":30,"column":21},"end":{"line":30,"column":null}},"5":{"start":{"line":31,"column":19},"end":{"line":31,"column":null}},"6":{"start":{"line":32,"column":21},"end":{"line":32,"column":null}},"7":{"start":{"line":34,"column":6},"end":{"line":34,"column":null}},"8":{"start":{"line":35,"column":6},"end":{"line":35,"column":null}},"9":{"start":{"line":36,"column":6},"end":{"line":36,"column":null}},"10":{"start":{"line":39,"column":4},"end":{"line":39,"column":null}},"11":{"start":{"line":41,"column":20},"end":{"line":41,"column":null}},"12":{"start":{"line":42,"column":45},"end":{"line":42,"column":null}},"13":{"start":{"line":44,"column":4},"end":{"line":47,"column":null}},"14":{"start":{"line":45,"column":6},"end":{"line":45,"column":null}},"15":{"start":{"line":45,"column":45},"end":{"line":45,"column":null}},"16":{"start":{"line":46,"column":6},"end":{"line":46,"column":null}},"17":{"start":{"line":49,"column":4},"end":{"line":49,"column":null}},"18":{"start":{"line":51,"column":4},"end":{"line":51,"column":null}},"19":{"start":{"line":53,"column":4},"end":{"line":53,"column":null}}},"fnMap":{"0":{"name":"analyzeRepository","decl":{"start":{"line":13,"column":22},"end":{"line":13,"column":40}},"loc":{"start":{"line":13,"column":91},"end":{"line":55,"column":null}},"line":13}},"branchMap":{"0":{"loc":{"start":{"line":45,"column":6},"end":{"line":45,"column":null}},"type":"if","locations":[{"start":{"line":45,"column":6},"end":{"line":45,"column":null}},{"start":{},"end":{}}],"line":45},"1":{"loc":{"start":{"line":53,"column":15},"end":{"line":53,"column":89}},"type":"cond-expr","locations":[{"start":{"line":53,"column":40},"end":{"line":53,"column":48}},{"start":{"line":53,"column":48},"end":{"line":53,"column":89}}],"line":53}},"s":{"0":2,"1":2,"2":2,"3":2,"4":136,"5":136,"6":136,"7":136,"8":136,"9":136,"10":2,"11":2,"12":2,"13":2,"14":778,"15":778,"16":0,"17":2,"18":2,"19":0},"f":{"0":2},"b":{"0":[778,0],"1":[0,0]},"meta":{"lastBranch":2,"lastFunction":1,"lastStatement":20,"seen":{"f:13:22:13:40":0,"s:14:2:54:Infinity":0,"s:15:18:19:Infinity":1,"s:21:41:27:Infinity":2,"s:29:4:37:Infinity":3,"s:30:21:30:Infinity":4,"s:31:19:31:Infinity":5,"s:32:21:32:Infinity":6,"s:34:6:34:Infinity":7,"s:35:6:35:Infinity":8,"s:36:6:36:Infinity":9,"s:39:4:39:Infinity":10,"s:41:20:41:Infinity":11,"s:42:45:42:Infinity":12,"s:44:4:47:Infinity":13,"b:45:6:45:Infinity:undefined:undefined:undefined:undefined":0,"s:45:6:45:Infinity":14,"s:45:45:45:Infinity":15,"s:46:6:46:Infinity":16,"s:49:4:49:Infinity":17,"s:51:4:51:Infinity":18,"s:53:4:53:Infinity":19,"b:53:40:53:48:53:48:53:89":1},"fnNames":{}}}
,"/Users/harshitgarg/Documents/pro/sclare/packages/analyzer/src/index.ts": {"path":"/Users/harshitgarg/Documents/pro/sclare/packages/analyzer/src/index.ts","statementMap":{},"fnMap":{},"branchMap":{},"s":{},"f":{},"b":{},"meta":{"lastBranch":0,"lastFunction":0,"lastStatement":0,"seen":{},"fnNames":{}}}
,"/Users/harshitgarg/Documents/pro/sclare/packages/analyzer/src/tsCompiler.ts": {"path":"/Users/harshitgarg/Documents/pro/sclare/packages/analyzer/src/tsCompiler.ts","statementMap":{"0":{"start":{"line":4,"column":2},"end":{"line":14,"column":null}}},"fnMap":{"0":{"name":"createProgram","decl":{"start":{"line":3,"column":16},"end":{"line":3,"column":30}},"loc":{"start":{"line":3,"column":51},"end":{"line":15,"column":null}},"line":3}},"branchMap":{},"s":{"0":5},"f":{"0":5},"b":{},"meta":{"lastBranch":0,"lastFunction":1,"lastStatement":1,"seen":{"f:3:16:3:30":0,"s:4:2:14:Infinity":0},"fnNames":{}}}
,"/Users/harshitgarg/Documents/pro/sclare/packages/analyzer/src/types.ts": {"path":"/Users/harshitgarg/Documents/pro/sclare/packages/analyzer/src/types.ts","statementMap":{},"fnMap":{},"branchMap":{},"s":{},"f":{},"b":{},"meta":{"lastBranch":0,"lastFunction":0,"lastStatement":0,"seen":{},"fnNames":{}}}
,"/Users/harshitgarg/Documents/pro/sclare/packages/analyzer/src/component/decoratorExtractor.ts": {"path":"/Users/harshitgarg/Documents/pro/sclare/packages/analyzer/src/component/decoratorExtractor.ts","statementMap":{"0":{"start":{"line":6,"column":21},"end":{"line":6,"column":null}},"1":{"start":{"line":8,"column":2},"end":{"line":8,"column":null}},"2":{"start":{"line":8,"column":19},"end":{"line":8,"column":null}},"3":{"start":{"line":10,"column":2},"end":{"line":15,"column":null}},"4":{"start":{"line":11,"column":23},"end":{"line":11,"column":null}},"5":{"start":{"line":12,"column":19},"end":{"line":12,"column":null}},"6":{"start":{"line":14,"column":4},"end":{"line":14,"column":null}},"7":{"start":{"line":19,"column":34},"end":{"line":19,"column":null}},"8":{"start":{"line":22,"column":4},"end":{"line":37,"column":null}},"9":{"start":{"line":23,"column":36},"end":{"line":23,"column":null}},"10":{"start":{"line":25,"column":6},"end":{"line":28,"column":null}},"11":{"start":{"line":25,"column":44},"end":{"line":25,"column":null}},"12":{"start":{"line":26,"column":11},"end":{"line":28,"column":null}},"13":{"start":{"line":26,"column":49},"end":{"line":26,"column":null}},"14":{"start":{"line":27,"column":11},"end":{"line":28,"column":null}},"15":{"start":{"line":27,"column":45},"end":{"line":27,"column":null}},"16":{"start":{"line":28,"column":11},"end":{"line":28,"column":null}},"17":{"start":{"line":28,"column":45},"end":{"line":28,"column":null}},"18":{"start":{"line":30,"column":6},"end":{"line":36,"column":null}},"19":{"start":{"line":39,"column":4},"end":{"line":39,"column":null}},"20":{"start":{"line":42,"column":2},"end":{"line":42,"column":null}},"21":{"start":{"line":44,"column":2},"end":{"line":44,"column":null}}},"fnMap":{"0":{"name":"hasDecorator","decl":{"start":{"line":5,"column":9},"end":{"line":5,"column":22}},"loc":{"start":{"line":5,"column":63},"end":{"line":16,"column":null}},"line":5},"1":{"name":"(anonymous_1)","decl":{"start":{"line":10,"column":20},"end":{"line":10,"column":26}},"loc":{"start":{"line":10,"column":40},"end":{"line":15,"column":3}},"line":10},"2":{"name":"extractDecoratorComponents","decl":{"start":{"line":18,"column":16},"end":{"line":18,"column":43}},"loc":{"start":{"line":18,"column":79},"end":{"line":45,"column":null}},"line":18},"3":{"name":"visit","decl":{"start":{"line":21,"column":11},"end":{"line":21,"column":17}},"loc":{"start":{"line":21,"column":32},"end":{"line":40,"column":null}},"line":21}},"branchMap":{"0":{"loc":{"start":{"line":8,"column":2},"end":{"line":8,"column":null}},"type":"if","locations":[{"start":{"line":8,"column":2},"end":{"line":8,"column":null}},{"start":{},"end":{}}],"line":8},"1":{"loc":{"start":{"line":12,"column":19},"end":{"line":12,"column":null}},"type":"cond-expr","locations":[{"start":{"line":12,"column":53},"end":{"line":12,"column":77}},{"start":{"line":12,"column":77},"end":{"line":12,"column":null}}],"line":12},"2":{"loc":{"start":{"line":14,"column":11},"end":{"line":14,"column":null}},"type":"binary-expr","locations":[{"start":{"line":14,"column":11},"end":{"line":14,"column":40}},{"start":{"line":14,"column":40},"end":{"line":14,"column":null}}],"line":14},"3":{"loc":{"start":{"line":22,"column":4},"end":{"line":37,"column":null}},"type":"if","locations":[{"start":{"line":22,"column":4},"end":{"line":37,"column":null}},{"start":{},"end":{}}],"line":22},"4":{"loc":{"start":{"line":22,"column":8},"end":{"line":22,"column":50}},"type":"binary-expr","locations":[{"start":{"line":22,"column":8},"end":{"line":22,"column":39}},{"start":{"line":22,"column":39},"end":{"line":22,"column":50}}],"line":22},"5":{"loc":{"start":{"line":25,"column":6},"end":{"line":28,"column":null}},"type":"if","locations":[{"start":{"line":25,"column":6},"end":{"line":28,"column":null}},{"start":{"line":26,"column":11},"end":{"line":28,"column":null}}],"line":25},"6":{"loc":{"start":{"line":26,"column":11},"end":{"line":28,"column":null}},"type":"if","locations":[{"start":{"line":26,"column":11},"end":{"line":28,"column":null}},{"start":{"line":27,"column":11},"end":{"line":28,"column":null}}],"line":26},"7":{"loc":{"start":{"line":27,"column":11},"end":{"line":28,"column":null}},"type":"if","locations":[{"start":{"line":27,"column":11},"end":{"line":28,"column":null}},{"start":{"line":28,"column":11},"end":{"line":28,"column":null}}],"line":27},"8":{"loc":{"start":{"line":28,"column":11},"end":{"line":28,"column":null}},"type":"if","locations":[{"start":{"line":28,"column":11},"end":{"line":28,"column":null}},{"start":{},"end":{}}],"line":28}},"s":{"0":10,"1":10,"2":0,"3":10,"4":10,"5":10,"6":10,"7":2,"8":152,"9":4,"10":4,"11":1,"12":3,"13":1,"14":2,"15":1,"16":1,"17":1,"18":4,"19":152,"20":2,"21":2},"f":{"0":10,"1":10,"2":2,"3":152},"b":{"0":[0,10],"1":[10,0],"2":[10,6],"3":[4,148],"4":[152,4],"5":[1,3],"6":[1,2],"7":[1,1],"8":[1,0]},"meta":{"lastBranch":9,"lastFunction":4,"lastStatement":22,"seen":{"f:5:9:5:22":0,"s:6:21:6:Infinity":0,"b:8:2:8:Infinity:undefined:undefined:undefined:undefined":0,"s:8:2:8:Infinity":1,"s:8:19:8:Infinity":2,"s:10:2:15:Infinity":3,"f:10:20:10:26":1,"s:11:23:11:Infinity":4,"s:12:19:12:Infinity":5,"b:12:53:12:77:12:77:12:Infinity":1,"s:14:4:14:Infinity":6,"b:14:11:14:40:14:40:14:Infinity":2,"f:18:16:18:43":2,"s:19:34:19:Infinity":7,"f:21:11:21:17":3,"b:22:4:37:Infinity:undefined:undefined:undefined:undefined":3,"s:22:4:37:Infinity":8,"b:22:8:22:39:22:39:22:50":4,"s:23:36:23:Infinity":9,"b:25:6:28:Infinity:26:11:28:Infinity":5,"s:25:6:28:Infinity":10,"s:25:44:25:Infinity":11,"b:26:11:28:Infinity:27:11:28:Infinity":6,"s:26:11:28:Infinity":12,"s:26:49:26:Infinity":13,"b:27:11:28:Infinity:28:11:28:Infinity":7,"s:27:11:28:Infinity":14,"s:27:45:27:Infinity":15,"b:28:11:28:Infinity:undefined:undefined:undefined:undefined":8,"s:28:11:28:Infinity":16,"s:28:45:28:Infinity":17,"s:30:6:36:Infinity":18,"s:39:4:39:Infinity":19,"s:42:2:42:Infinity":20,"s:44:2:44:Infinity":21},"fnNames":{}}}
,"/Users/harshitgarg/Documents/pro/sclare/packages/analyzer/src/graph/callGraph.ts": {"path":"/Users/harshitgarg/Documents/pro/sclare/packages/analyzer/src/graph/callGraph.ts","statementMap":{"0":{"start":{"line":6,"column":36},"end":{"line":6,"column":null}},"1":{"start":{"line":8,"column":24},"end":{"line":8,"column":null}},"2":{"start":{"line":11,"column":4},"end":{"line":17,"column":null}},"3":{"start":{"line":12,"column":19},"end":{"line":12,"column":null}},"4":{"start":{"line":14,"column":6},"end":{"line":16,"column":null}},"5":{"start":{"line":15,"column":8},"end":{"line":15,"column":null}},"6":{"start":{"line":19,"column":4},"end":{"line":29,"column":null}},"7":{"start":{"line":20,"column":17},"end":{"line":20,"column":null}},"8":{"start":{"line":22,"column":6},"end":{"line":28,"column":null}},"9":{"start":{"line":23,"column":8},"end":{"line":27,"column":null}},"10":{"start":{"line":31,"column":4},"end":{"line":33,"column":null}},"11":{"start":{"line":32,"column":6},"end":{"line":32,"column":null}},"12":{"start":{"line":36,"column":2},"end":{"line":36,"column":null}},"13":{"start":{"line":38,"column":2},"end":{"line":38,"column":null}}},"fnMap":{"0":{"name":"buildCallGraph","decl":{"start":{"line":5,"column":16},"end":{"line":5,"column":31}},"loc":{"start":{"line":5,"column":84},"end":{"line":39,"column":null}},"line":5},"1":{"name":"visit","decl":{"start":{"line":10,"column":11},"end":{"line":10,"column":17}},"loc":{"start":{"line":10,"column":42},"end":{"line":34,"column":null}},"line":10}},"branchMap":{"0":{"loc":{"start":{"line":11,"column":4},"end":{"line":17,"column":null}},"type":"if","locations":[{"start":{"line":11,"column":4},"end":{"line":17,"column":null}},{"start":{},"end":{}}],"line":11},"1":{"loc":{"start":{"line":11,"column":8},"end":{"line":11,"column":83}},"type":"binary-expr","locations":[{"start":{"line":11,"column":8},"end":{"line":11,"column":48}},{"start":{"line":11,"column":48},"end":{"line":11,"column":83}}],"line":11},"2":{"loc":{"start":{"line":14,"column":6},"end":{"line":16,"column":null}},"type":"if","locations":[{"start":{"line":14,"column":6},"end":{"line":16,"column":null}},{"start":{},"end":{}}],"line":14},"3":{"loc":{"start":{"line":19,"column":4},"end":{"line":29,"column":null}},"type":"if","locations":[{"start":{"line":19,"column":4},"end":{"line":29,"column":null}},{"start":{},"end":{}}],"line":19},"4":{"loc":{"start":{"line":22,"column":6},"end":{"line":28,"column":null}},"type":"if","locations":[{"start":{"line":22,"column":6},"end":{"line":28,"column":null}},{"start":{},"end":{}}],"line":22}},"s":{"0":137,"1":137,"2":34586,"3":112,"4":112,"5":112,"6":34586,"7":1207,"8":1207,"9":1207,"10":34586,"11":34449,"12":137,"13":137},"f":{"0":137,"1":34586},"b":{"0":[112,34474],"1":[34586,34480],"2":[112,0],"3":[1207,33379],"4":[1207,0]},"meta":{"lastBranch":5,"lastFunction":2,"lastStatement":14,"seen":{"f:5:16:5:31":0,"s:6:36:6:Infinity":0,"s:8:24:8:Infinity":1,"f:10:11:10:17":1,"b:11:4:17:Infinity:undefined:undefined:undefined:undefined":0,"s:11:4:17:Infinity":2,"b:11:8:11:48:11:48:11:83":1,"s:12:19:12:Infinity":3,"b:14:6:16:Infinity:undefined:undefined:undefined:undefined":2,"s:14:6:16:Infinity":4,"s:15:8:15:Infinity":5,"b:19:4:29:Infinity:undefined:undefined:undefined:undefined":3,"s:19:4:29:Infinity":6,"s:20:17:20:Infinity":7,"b:22:6:28:Infinity:undefined:undefined:undefined:undefined":4,"s:22:6:28:Infinity":8,"s:23:8:27:Infinity":9,"s:31:4:33:Infinity":10,"s:32:6:32:Infinity":11,"s:36:2:36:Infinity":12,"s:38:2:38:Infinity":13},"fnNames":{}}}
,"/Users/harshitgarg/Documents/pro/sclare/packages/analyzer/src/graph/dependencyGraph.ts": {"path":"/Users/harshitgarg/Documents/pro/sclare/packages/analyzer/src/graph/dependencyGraph.ts","statementMap":{"0":{"start":{"line":6,"column":40},"end":{"line":6,"column":null}},"1":{"start":{"line":8,"column":23},"end":{"line":10,"column":null}},"2":{"start":{"line":9,"column":33},"end":{"line":9,"column":72}},"3":{"start":{"line":12,"column":2},"end":{"line":34,"column":null}},"4":{"start":{"line":13,"column":20},"end":{"line":13,"column":null}},"5":{"start":{"line":13,"column":52},"end":{"line":13,"column":76}},"6":{"start":{"line":15,"column":4},"end":{"line":33,"column":null}},"7":{"start":{"line":16,"column":20},"end":{"line":16,"column":null}},"8":{"start":{"line":18,"column":6},"end":{"line":18,"column":null}},"9":{"start":{"line":18,"column":18},"end":{"line":18,"column":null}},"10":{"start":{"line":20,"column":24},"end":{"line":20,"column":null}},"11":{"start":{"line":22,"column":6},"end":{"line":22,"column":null}},"12":{"start":{"line":22,"column":38},"end":{"line":22,"column":null}},"13":{"start":{"line":24,"column":23},"end":{"line":24,"column":null}},"14":{"start":{"line":26,"column":6},"end":{"line":26,"column":null}},"15":{"start":{"line":26,"column":39},"end":{"line":26,"column":null}},"16":{"start":{"line":28,"column":6},"end":{"line":32,"column":null}},"17":{"start":{"line":36,"column":2},"end":{"line":36,"column":null}}},"fnMap":{"0":{"name":"buildDependencyGraph","decl":{"start":{"line":5,"column":16},"end":{"line":5,"column":37}},"loc":{"start":{"line":5,"column":83},"end":{"line":37,"column":null}},"line":5},"1":{"name":"(anonymous_1)","decl":{"start":{"line":9,"column":19},"end":{"line":9,"column":24}},"loc":{"start":{"line":9,"column":33},"end":{"line":9,"column":72}},"line":9},"2":{"name":"(anonymous_2)","decl":{"start":{"line":13,"column":33},"end":{"line":13,"column":41}},"loc":{"start":{"line":13,"column":52},"end":{"line":13,"column":76}},"line":13}},"branchMap":{"0":{"loc":{"start":{"line":18,"column":6},"end":{"line":18,"column":null}},"type":"if","locations":[{"start":{"line":18,"column":6},"end":{"line":18,"column":null}},{"start":{},"end":{}}],"line":18},"1":{"loc":{"start":{"line":22,"column":6},"end":{"line":22,"column":null}},"type":"if","locations":[{"start":{"line":22,"column":6},"end":{"line":22,"column":null}},{"start":{},"end":{}}],"line":22},"2":{"loc":{"start":{"line":26,"column":6},"end":{"line":26,"column":null}},"type":"if","locations":[{"start":{"line":26,"column":6},"end":{"line":26,"column":null}},{"start":{},"end":{}}],"line":26}},"s":{"0":3,"1":3,"2":138,"3":3,"4":138,"5":897,"6":138,"7":283,"8":283,"9":0,"10":283,"11":283,"12":146,"13":137,"14":137,"15":56,"16":81,"17":3},"f":{"0":3,"1":138,"2":897},"b":{"0":[0,283],"1":[146,137],"2":[56,81]},"meta":{"lastBranch":3,"lastFunction":3,"lastStatement":18,"seen":{"f:5:16:5:37":0,"s:6:40:6:Infinity":0,"s:8:23:10:Infinity":1,"f:9:19:9:24":1,"s:9:33:9:72":2,"s:12:2:34:Infinity":3,"s:13:20:13:Infinity":4,"f:13:33:13:41":2,"s:13:52:13:76":5,"s:15:4:33:Infinity":6,"s:16:20:16:Infinity":7,"b:18:6:18:Infinity:undefined:undefined:undefined:undefined":0,"s:18:6:18:Infinity":8,"s:18:18:18:Infinity":9,"s:20:24:20:Infinity":10,"b:22:6:22:Infinity:undefined:undefined:undefined:undefined":1,"s:22:6:22:Infinity":11,"s:22:38:22:Infinity":12,"s:24:23:24:Infinity":13,"b:26:6:26:Infinity:undefined:undefined:undefined:undefined":2,"s:26:6:26:Infinity":14,"s:26:39:26:Infinity":15,"s:28:6:32:Infinity":16,"s:36:2:36:Infinity":17},"fnNames":{}}}
,"/Users/harshitgarg/Documents/pro/sclare/packages/analyzer/src/parser/parser.ts": {"path":"/Users/harshitgarg/Documents/pro/sclare/packages/analyzer/src/parser/parser.ts","statementMap":{"0":{"start":{"line":4,"column":15},"end":{"line":4,"column":null}},"1":{"start":{"line":5,"column":0},"end":{"line":5,"column":null}},"2":{"start":{"line":8,"column":2},"end":{"line":8,"column":null}}},"fnMap":{"0":{"name":"parse","decl":{"start":{"line":7,"column":16},"end":{"line":7,"column":22}},"loc":{"start":{"line":7,"column":36},"end":{"line":9,"column":null}},"line":7}},"branchMap":{},"s":{"0":3,"1":3,"2":137},"f":{"0":137},"b":{},"meta":{"lastBranch":0,"lastFunction":1,"lastStatement":3,"seen":{"s:4:15:4:Infinity":0,"s:5:0:5:Infinity":1,"f:7:16:7:22":0,"s:8:2:8:Infinity":2},"fnNames":{}}}
,"/Users/harshitgarg/Documents/pro/sclare/packages/analyzer/src/parser/symbolWalker.ts": {"path":"/Users/harshitgarg/Documents/pro/sclare/packages/analyzer/src/parser/symbolWalker.ts","statementMap":{"0":{"start":{"line":6,"column":2},"end":{"line":12,"column":null}},"1":{"start":{"line":16,"column":29},"end":{"line":19,"column":null}},"2":{"start":{"line":22,"column":4},"end":{"line":59,"column":null}},"3":{"start":{"line":24,"column":8},"end":{"line":24,"column":null}},"4":{"start":{"line":25,"column":8},"end":{"line":25,"column":null}},"5":{"start":{"line":28,"column":8},"end":{"line":28,"column":null}},"6":{"start":{"line":29,"column":8},"end":{"line":29,"column":null}},"7":{"start":{"line":32,"column":8},"end":{"line":32,"column":null}},"8":{"start":{"line":33,"column":8},"end":{"line":33,"column":null}},"9":{"start":{"line":36,"column":8},"end":{"line":36,"column":null}},"10":{"start":{"line":37,"column":8},"end":{"line":37,"column":null}},"11":{"start":{"line":40,"column":8},"end":{"line":40,"column":null}},"12":{"start":{"line":41,"column":8},"end":{"line":41,"column":null}},"13":{"start":{"line":44,"column":8},"end":{"line":44,"column":null}},"14":{"start":{"line":45,"column":8},"end":{"line":45,"column":null}},"15":{"start":{"line":49,"column":8},"end":{"line":49,"column":null}},"16":{"start":{"line":50,"column":8},"end":{"line":50,"column":null}},"17":{"start":{"line":53,"column":8},"end":{"line":53,"column":null}},"18":{"start":{"line":54,"column":8},"end":{"line":54,"column":null}},"19":{"start":{"line":57,"column":8},"end":{"line":57,"column":null}},"20":{"start":{"line":58,"column":8},"end":{"line":58,"column":null}},"21":{"start":{"line":61,"column":4},"end":{"line":63,"column":null}},"22":{"start":{"line":62,"column":6},"end":{"line":62,"column":null}},"23":{"start":{"line":66,"column":2},"end":{"line":66,"column":null}},"24":{"start":{"line":68,"column":2},"end":{"line":68,"column":null}}},"fnMap":{"0":{"name":"add","decl":{"start":{"line":5,"column":9},"end":{"line":5,"column":13}},"loc":{"start":{"line":5,"column":101},"end":{"line":13,"column":null}},"line":5},"1":{"name":"buildSymbolTable","decl":{"start":{"line":15,"column":16},"end":{"line":15,"column":33}},"loc":{"start":{"line":15,"column":78},"end":{"line":69,"column":null}},"line":15},"2":{"name":"visit","decl":{"start":{"line":21,"column":11},"end":{"line":21,"column":17}},"loc":{"start":{"line":21,"column":42},"end":{"line":64,"column":null}},"line":21}},"branchMap":{"0":{"loc":{"start":{"line":22,"column":4},"end":{"line":59,"column":null}},"type":"switch","locations":[{"start":{"line":23,"column":6},"end":{"line":25,"column":null}},{"start":{"line":27,"column":6},"end":{"line":29,"column":null}},{"start":{"line":31,"column":6},"end":{"line":33,"column":null}},{"start":{"line":35,"column":6},"end":{"line":37,"column":null}},{"start":{"line":39,"column":6},"end":{"line":41,"column":null}},{"start":{"line":43,"column":6},"end":{"line":45,"column":null}},{"start":{"line":47,"column":6},"end":{"line":47,"column":null}},{"start":{"line":48,"column":6},"end":{"line":50,"column":null}},{"start":{"line":52,"column":6},"end":{"line":54,"column":null}},{"start":{"line":56,"column":6},"end":{"line":58,"column":null}}],"line":22},"1":{"loc":{"start":{"line":24,"column":29},"end":{"line":24,"column":82}},"type":"binary-expr","locations":[{"start":{"line":24,"column":29},"end":{"line":24,"column":69}},{"start":{"line":24,"column":69},"end":{"line":24,"column":82}}],"line":24},"2":{"loc":{"start":{"line":28,"column":32},"end":{"line":28,"column":85}},"type":"binary-expr","locations":[{"start":{"line":28,"column":32},"end":{"line":28,"column":72}},{"start":{"line":28,"column":72},"end":{"line":28,"column":85}}],"line":28},"3":{"loc":{"start":{"line":32,"column":30},"end":{"line":32,"column":83}},"type":"binary-expr","locations":[{"start":{"line":32,"column":30},"end":{"line":32,"column":70}},{"start":{"line":32,"column":70},"end":{"line":32,"column":83}}],"line":32},"4":{"loc":{"start":{"line":36,"column":33},"end":{"line":36,"column":86}},"type":"binary-expr","locations":[{"start":{"line":36,"column":33},"end":{"line":36,"column":73}},{"start":{"line":36,"column":73},"end":{"line":36,"column":86}}],"line":36},"5":{"loc":{"start":{"line":40,"column":28},"end":{"line":40,"column":81}},"type":"binary-expr","locations":[{"start":{"line":40,"column":28},"end":{"line":40,"column":68}},{"start":{"line":40,"column":68},"end":{"line":40,"column":81}}],"line":40},"6":{"loc":{"start":{"line":44,"column":28},"end":{"line":44,"column":81}},"type":"binary-expr","locations":[{"start":{"line":44,"column":28},"end":{"line":44,"column":68}},{"start":{"line":44,"column":68},"end":{"line":44,"column":81}}],"line":44}},"s":{"0":906,"1":138,"2":34641,"3":8,"4":8,"5":106,"6":106,"7":6,"8":6,"9":35,"10":35,"11":7,"12":7,"13":1,"14":1,"15":289,"16":289,"17":283,"18":283,"19":171,"20":171,"21":34641,"22":34503,"23":138,"24":138},"f":{"0":906,"1":138,"2":34641},"b":{"0":[8,106,6,35,7,1,289,289,283,171],"1":[8,0],"2":[106,0],"3":[6,0],"4":[35,0],"5":[7,0],"6":[1,0]},"meta":{"lastBranch":7,"lastFunction":3,"lastStatement":25,"seen":{"f:5:9:5:13":0,"s:6:2:12:Infinity":0,"f:15:16:15:33":1,"s:16:29:19:Infinity":1,"f:21:11:21:17":2,"b:23:6:25:Infinity:27:6:29:Infinity:31:6:33:Infinity:35:6:37:Infinity:39:6:41:Infinity:43:6:45:Infinity:47:6:47:Infinity:48:6:50:Infinity:52:6:54:Infinity:56:6:58:Infinity":0,"s:22:4:59:Infinity":2,"s:24:8:24:Infinity":3,"b:24:29:24:69:24:69:24:82":1,"s:25:8:25:Infinity":4,"s:28:8:28:Infinity":5,"b:28:32:28:72:28:72:28:85":2,"s:29:8:29:Infinity":6,"s:32:8:32:Infinity":7,"b:32:30:32:70:32:70:32:83":3,"s:33:8:33:Infinity":8,"s:36:8:36:Infinity":9,"b:36:33:36:73:36:73:36:86":4,"s:37:8:37:Infinity":10,"s:40:8:40:Infinity":11,"b:40:28:40:68:40:68:40:81":5,"s:41:8:41:Infinity":12,"s:44:8:44:Infinity":13,"b:44:28:44:68:44:68:44:81":6,"s:45:8:45:Infinity":14,"s:49:8:49:Infinity":15,"s:50:8:50:Infinity":16,"s:53:8:53:Infinity":17,"s:54:8:54:Infinity":18,"s:57:8:57:Infinity":19,"s:58:8:58:Infinity":20,"s:61:4:63:Infinity":21,"s:62:6:62:Infinity":22,"s:66:2:66:Infinity":23,"s:68:2:68:Infinity":24},"fnNames":{}}}
,"/Users/harshitgarg/Documents/pro/sclare/packages/core/src/builder.ts": {"path":"/Users/harshitgarg/Documents/pro/sclare/packages/core/src/builder.ts","statementMap":{"0":{"start":{"line":8,"column":14},"end":{"line":8,"column":null}},"1":{"start":{"line":9,"column":17},"end":{"line":9,"column":null}},"2":{"start":{"line":11,"column":2},"end":{"line":13,"column":null}},"3":{"start":{"line":12,"column":4},"end":{"line":12,"column":null}},"4":{"start":{"line":15,"column":25},"end":{"line":15,"column":null}},"5":{"start":{"line":17,"column":2},"end":{"line":19,"column":null}},"6":{"start":{"line":18,"column":4},"end":{"line":18,"column":null}},"7":{"start":{"line":21,"column":19},"end":{"line":21,"column":null}},"8":{"start":{"line":22,"column":16},"end":{"line":27,"column":null}},"9":{"start":{"line":29,"column":2},"end":{"line":29,"column":null}},"10":{"start":{"line":31,"column":2},"end":{"line":31,"column":null}}},"fnMap":{"0":{"name":"buildRepositoryModel","decl":{"start":{"line":7,"column":22},"end":{"line":7,"column":43}},"loc":{"start":{"line":7,"column":91},"end":{"line":32,"column":null}},"line":7}},"branchMap":{"0":{"loc":{"start":{"line":11,"column":2},"end":{"line":13,"column":null}},"type":"if","locations":[{"start":{"line":11,"column":2},"end":{"line":13,"column":null}},{"start":{},"end":{}}],"line":11},"1":{"loc":{"start":{"line":17,"column":2},"end":{"line":19,"column":null}},"type":"if","locations":[{"start":{"line":17,"column":2},"end":{"line":19,"column":null}},{"start":{},"end":{}}],"line":17}},"s":{"0":1,"1":1,"2":1,"3":0,"4":1,"5":1,"6":0,"7":1,"8":1,"9":1,"10":1},"f":{"0":1},"b":{"0":[0,1],"1":[0,1]},"meta":{"lastBranch":2,"lastFunction":1,"lastStatement":11,"seen":{"f:7:22:7:43":0,"s:8:14:8:Infinity":0,"s:9:17:9:Infinity":1,"b:11:2:13:Infinity:undefined:undefined:undefined:undefined":0,"s:11:2:13:Infinity":2,"s:12:4:12:Infinity":3,"s:15:25:15:Infinity":4,"b:17:2:19:Infinity:undefined:undefined:undefined:undefined":1,"s:17:2:19:Infinity":5,"s:18:4:18:Infinity":6,"s:21:19:21:Infinity":7,"s:22:16:27:Infinity":8,"s:29:2:29:Infinity":9,"s:31:2:31:Infinity":10},"fnNames":{}}}
,"/Users/harshitgarg/Documents/pro/sclare/packages/core/src/index.ts": {"path":"/Users/harshitgarg/Documents/pro/sclare/packages/core/src/index.ts","statementMap":{},"fnMap":{},"branchMap":{},"s":{},"f":{},"b":{},"meta":{"lastBranch":0,"lastFunction":0,"lastStatement":0,"seen":{},"fnNames":{}}}
,"/Users/harshitgarg/Documents/pro/sclare/packages/core/src/types.ts": {"path":"/Users/harshitgarg/Documents/pro/sclare/packages/core/src/types.ts","statementMap":{},"fnMap":{},"branchMap":{},"s":{},"f":{},"b":{},"meta":{"lastBranch":0,"lastFunction":0,"lastStatement":0,"seen":{},"fnNames":{}}}
,"/Users/harshitgarg/Documents/pro/sclare/packages/core/src/cache/cache.ts": {"path":"/Users/harshitgarg/Documents/pro/sclare/packages/core/src/cache/cache.ts","statementMap":{"0":{"start":{"line":12,"column":2},"end":{"line":12,"column":null}},"1":{"start":{"line":16,"column":20},"end":{"line":16,"column":null}},"2":{"start":{"line":18,"column":2},"end":{"line":20,"column":null}},"3":{"start":{"line":19,"column":4},"end":{"line":19,"column":null}},"4":{"start":{"line":22,"column":2},"end":{"line":29,"column":null}},"5":{"start":{"line":23,"column":16},"end":{"line":23,"column":null}},"6":{"start":{"line":24,"column":19},"end":{"line":24,"column":null}},"7":{"start":{"line":26,"column":4},"end":{"line":26,"column":null}},"8":{"start":{"line":28,"column":4},"end":{"line":28,"column":null}},"9":{"start":{"line":33,"column":20},"end":{"line":33,"column":null}},"10":{"start":{"line":35,"column":2},"end":{"line":35,"column":null}},"11":{"start":{"line":36,"column":2},"end":{"line":36,"column":null}},"12":{"start":{"line":40,"column":16},"end":{"line":40,"column":null}},"13":{"start":{"line":42,"column":2},"end":{"line":42,"column":null}},"14":{"start":{"line":42,"column":14},"end":{"line":42,"column":null}},"15":{"start":{"line":44,"column":2},"end":{"line":44,"column":null}},"16":{"start":{"line":48,"column":16},"end":{"line":48,"column":null}},"17":{"start":{"line":50,"column":2},"end":{"line":53,"column":null}},"18":{"start":{"line":55,"column":2},"end":{"line":55,"column":null}},"19":{"start":{"line":59,"column":20},"end":{"line":59,"column":null}},"20":{"start":{"line":61,"column":2},"end":{"line":63,"column":null}},"21":{"start":{"line":62,"column":4},"end":{"line":62,"column":null}},"22":{"start":{"line":67,"column":2},"end":{"line":67,"column":null}}},"fnMap":{"0":{"name":"getCacheFilePath","decl":{"start":{"line":11,"column":9},"end":{"line":11,"column":28}},"loc":{"start":{"line":11,"column":28},"end":{"line":13,"column":null}},"line":11},"1":{"name":"readCache","decl":{"start":{"line":15,"column":9},"end":{"line":15,"column":46}},"loc":{"start":{"line":15,"column":46},"end":{"line":30,"column":null}},"line":15},"2":{"name":"writeCache","decl":{"start":{"line":32,"column":9},"end":{"line":32,"column":20}},"loc":{"start":{"line":32,"column":52},"end":{"line":37,"column":null}},"line":32},"3":{"name":"getCachedModel","decl":{"start":{"line":39,"column":16},"end":{"line":39,"column":31}},"loc":{"start":{"line":39,"column":68},"end":{"line":45,"column":null}},"line":39},"4":{"name":"setCachedModel","decl":{"start":{"line":47,"column":16},"end":{"line":47,"column":31}},"loc":{"start":{"line":47,"column":68},"end":{"line":56,"column":null}},"line":47},"5":{"name":"clearCache","decl":{"start":{"line":58,"column":16},"end":{"line":58,"column":29}},"loc":{"start":{"line":58,"column":29},"end":{"line":64,"column":null}},"line":58},"6":{"name":"cacheSize","decl":{"start":{"line":66,"column":16},"end":{"line":66,"column":28}},"loc":{"start":{"line":66,"column":28},"end":{"line":68,"column":null}},"line":66}},"branchMap":{"0":{"loc":{"start":{"line":18,"column":2},"end":{"line":20,"column":null}},"type":"if","locations":[{"start":{"line":18,"column":2},"end":{"line":20,"column":null}},{"start":{},"end":{}}],"line":18},"1":{"loc":{"start":{"line":42,"column":2},"end":{"line":42,"column":null}},"type":"if","locations":[{"start":{"line":42,"column":2},"end":{"line":42,"column":null}},{"start":{},"end":{}}],"line":42},"2":{"loc":{"start":{"line":61,"column":2},"end":{"line":63,"column":null}},"type":"if","locations":[{"start":{"line":61,"column":2},"end":{"line":63,"column":null}},{"start":{},"end":{}}],"line":61}},"s":{"0":3,"1":2,"2":2,"3":0,"4":2,"5":2,"6":2,"7":2,"8":0,"9":1,"10":1,"11":1,"12":1,"13":1,"14":1,"15":0,"16":1,"17":1,"18":1,"19":0,"20":0,"21":0,"22":0},"f":{"0":3,"1":2,"2":1,"3":1,"4":1,"5":0,"6":0},"b":{"0":[0,2],"1":[1,0],"2":[0,0]},"meta":{"lastBranch":3,"lastFunction":7,"lastStatement":23,"seen":{"f:11:9:11:28":0,"s:12:2:12:Infinity":0,"f:15:9:15:46":1,"s:16:20:16:Infinity":1,"b:18:2:20:Infinity:undefined:undefined:undefined:undefined":0,"s:18:2:20:Infinity":2,"s:19:4:19:Infinity":3,"s:22:2:29:Infinity":4,"s:23:16:23:Infinity":5,"s:24:19:24:Infinity":6,"s:26:4:26:Infinity":7,"s:28:4:28:Infinity":8,"f:32:9:32:20":2,"s:33:20:33:Infinity":9,"s:35:2:35:Infinity":10,"s:36:2:36:Infinity":11,"f:39:16:39:31":3,"s:40:16:40:Infinity":12,"b:42:2:42:Infinity:undefined:undefined:undefined:undefined":1,"s:42:2:42:Infinity":13,"s:42:14:42:Infinity":14,"s:44:2:44:Infinity":15,"f:47:16:47:31":4,"s:48:16:48:Infinity":16,"s:50:2:53:Infinity":17,"s:55:2:55:Infinity":18,"f:58:16:58:29":5,"s:59:20:59:Infinity":19,"b:61:2:63:Infinity:undefined:undefined:undefined:undefined":2,"s:61:2:63:Infinity":20,"s:62:4:62:Infinity":21,"f:66:16:66:28":6,"s:67:2:67:Infinity":22},"fnNames":{}}}
,"/Users/harshitgarg/Documents/pro/sclare/packages/core/src/cache/index.ts": {"path":"/Users/harshitgarg/Documents/pro/sclare/packages/core/src/cache/index.ts","statementMap":{},"fnMap":{},"branchMap":{},"s":{},"f":{},"b":{},"meta":{"lastBranch":0,"lastFunction":0,"lastStatement":0,"seen":{},"fnNames":{}}}
,"/Users/harshitgarg/Documents/pro/sclare/packages/core/src/cache/key.ts": {"path":"/Users/harshitgarg/Documents/pro/sclare/packages/core/src/cache/key.ts","statementMap":{"0":{"start":{"line":6,"column":18},"end":{"line":8,"column":null}},"1":{"start":{"line":10,"column":2},"end":{"line":17,"column":null}},"2":{"start":{"line":11,"column":4},"end":{"line":11,"column":null}},"3":{"start":{"line":11,"column":89},"end":{"line":11,"column":null}},"4":{"start":{"line":13,"column":17},"end":{"line":13,"column":null}},"5":{"start":{"line":15,"column":4},"end":{"line":16,"column":null}},"6":{"start":{"line":15,"column":29},"end":{"line":15,"column":null}},"7":{"start":{"line":16,"column":9},"end":{"line":16,"column":null}},"8":{"start":{"line":21,"column":26},"end":{"line":21,"column":null}},"9":{"start":{"line":23,"column":2},"end":{"line":23,"column":null}},"10":{"start":{"line":25,"column":15},"end":{"line":25,"column":null}},"11":{"start":{"line":27,"column":2},"end":{"line":27,"column":null}},"12":{"start":{"line":29,"column":2},"end":{"line":35,"column":null}},"13":{"start":{"line":30,"column":17},"end":{"line":30,"column":null}},"14":{"start":{"line":32,"column":4},"end":{"line":32,"column":null}},"15":{"start":{"line":33,"column":4},"end":{"line":33,"column":null}},"16":{"start":{"line":34,"column":4},"end":{"line":34,"column":null}},"17":{"start":{"line":37,"column":2},"end":{"line":37,"column":null}}},"fnMap":{"0":{"name":"walk","decl":{"start":{"line":5,"column":9},"end":{"line":5,"column":14}},"loc":{"start":{"line":5,"column":44},"end":{"line":18,"column":null}},"line":5},"1":{"name":"createCacheKey","decl":{"start":{"line":20,"column":16},"end":{"line":20,"column":31}},"loc":{"start":{"line":20,"column":45},"end":{"line":38,"column":null}},"line":20}},"branchMap":{"0":{"loc":{"start":{"line":11,"column":4},"end":{"line":11,"column":null}},"type":"if","locations":[{"start":{"line":11,"column":4},"end":{"line":11,"column":null}},{"start":{},"end":{}}],"line":11},"1":{"loc":{"start":{"line":11,"column":8},"end":{"line":11,"column":89}},"type":"binary-expr","locations":[{"start":{"line":11,"column":8},"end":{"line":11,"column":41}},{"start":{"line":11,"column":41},"end":{"line":11,"column":66}},{"start":{"line":11,"column":66},"end":{"line":11,"column":89}}],"line":11},"2":{"loc":{"start":{"line":15,"column":4},"end":{"line":16,"column":null}},"type":"if","locations":[{"start":{"line":15,"column":4},"end":{"line":16,"column":null}},{"start":{"line":16,"column":9},"end":{"line":16,"column":null}}],"line":15}},"s":{"0":33,"1":33,"2":536,"3":11,"4":525,"5":525,"6":32,"7":493,"8":1,"9":1,"10":1,"11":1,"12":1,"13":493,"14":493,"15":493,"16":493,"17":1},"f":{"0":33,"1":1},"b":{"0":[11,525],"1":[536,531,530],"2":[32,493]},"meta":{"lastBranch":3,"lastFunction":2,"lastStatement":18,"seen":{"f:5:9:5:14":0,"s:6:18:8:Infinity":0,"s:10:2:17:Infinity":1,"b:11:4:11:Infinity:undefined:undefined:undefined:undefined":0,"s:11:4:11:Infinity":2,"b:11:8:11:41:11:41:11:66:11:66:11:89":1,"s:11:89:11:Infinity":3,"s:13:17:13:Infinity":4,"b:15:4:16:Infinity:16:9:16:Infinity":2,"s:15:4:16:Infinity":5,"s:15:29:15:Infinity":6,"s:16:9:16:Infinity":7,"f:20:16:20:31":1,"s:21:26:21:Infinity":8,"s:23:2:23:Infinity":9,"s:25:15:25:Infinity":10,"s:27:2:27:Infinity":11,"s:29:2:35:Infinity":12,"s:30:17:30:Infinity":13,"s:32:4:32:Infinity":14,"s:33:4:33:Infinity":15,"s:34:4:34:Infinity":16,"s:37:2:37:Infinity":17},"fnNames":{}}}
,"/Users/harshitgarg/Documents/pro/sclare/packages/core/src/knowledge/builder.ts": {"path":"/Users/harshitgarg/Documents/pro/sclare/packages/core/src/knowledge/builder.ts","statementMap":{"0":{"start":{"line":6,"column":22},"end":{"line":6,"column":null}},"1":{"start":{"line":8,"column":2},"end":{"line":10,"column":null}},"2":{"start":{"line":9,"column":4},"end":{"line":9,"column":null}},"3":{"start":{"line":12,"column":2},"end":{"line":12,"column":null}}},"fnMap":{"0":{"name":"buildKnowledge","decl":{"start":{"line":5,"column":22},"end":{"line":5,"column":37}},"loc":{"start":{"line":5,"column":108},"end":{"line":13,"column":null}},"line":5}},"branchMap":{"0":{"loc":{"start":{"line":8,"column":2},"end":{"line":10,"column":null}},"type":"if","locations":[{"start":{"line":8,"column":2},"end":{"line":10,"column":null}},{"start":{},"end":{}}],"line":8}},"s":{"0":0,"1":0,"2":0,"3":0},"f":{"0":0},"b":{"0":[0,0]},"meta":{"lastBranch":1,"lastFunction":1,"lastStatement":4,"seen":{"f:5:22:5:37":0,"s:6:22:6:Infinity":0,"b:8:2:10:Infinity:undefined:undefined:undefined:undefined":0,"s:8:2:10:Infinity":1,"s:9:4:9:Infinity":2,"s:12:2:12:Infinity":3},"fnNames":{}}}
,"/Users/harshitgarg/Documents/pro/sclare/packages/core/src/knowledge/graph.ts": {"path":"/Users/harshitgarg/Documents/pro/sclare/packages/core/src/knowledge/graph.ts","statementMap":{"0":{"start":{"line":4,"column":32},"end":{"line":7,"column":null}},"1":{"start":{"line":9,"column":2},"end":{"line":15,"column":null}},"2":{"start":{"line":10,"column":4},"end":{"line":14,"column":null}},"3":{"start":{"line":17,"column":2},"end":{"line":23,"column":null}},"4":{"start":{"line":18,"column":4},"end":{"line":22,"column":null}},"5":{"start":{"line":25,"column":2},"end":{"line":35,"column":null}},"6":{"start":{"line":26,"column":20},"end":{"line":26,"column":null}},"7":{"start":{"line":26,"column":48},"end":{"line":26,"column":73}},"8":{"start":{"line":28,"column":4},"end":{"line":34,"column":null}},"9":{"start":{"line":29,"column":6},"end":{"line":33,"column":null}},"10":{"start":{"line":37,"column":2},"end":{"line":43,"column":null}},"11":{"start":{"line":38,"column":4},"end":{"line":42,"column":null}},"12":{"start":{"line":45,"column":2},"end":{"line":51,"column":null}},"13":{"start":{"line":46,"column":4},"end":{"line":50,"column":null}},"14":{"start":{"line":53,"column":2},"end":{"line":53,"column":null}}},"fnMap":{"0":{"name":"buildKnowledgeGraph","decl":{"start":{"line":3,"column":16},"end":{"line":3,"column":36}},"loc":{"start":{"line":3,"column":76},"end":{"line":54,"column":null}},"line":3},"1":{"name":"(anonymous_1)","decl":{"start":{"line":26,"column":34},"end":{"line":26,"column":42}},"loc":{"start":{"line":26,"column":48},"end":{"line":26,"column":73}},"line":26}},"branchMap":{},"s":{"0":1,"1":1,"2":1,"3":1,"4":1,"5":1,"6":1,"7":1,"8":1,"9":1,"10":1,"11":1,"12":1,"13":0,"14":1},"f":{"0":1,"1":1},"b":{},"meta":{"lastBranch":0,"lastFunction":2,"lastStatement":15,"seen":{"f:3:16:3:36":0,"s:4:32:7:Infinity":0,"s:9:2:15:Infinity":1,"s:10:4:14:Infinity":2,"s:17:2:23:Infinity":3,"s:18:4:22:Infinity":4,"s:25:2:35:Infinity":5,"s:26:20:26:Infinity":6,"f:26:34:26:42":1,"s:26:48:26:73":7,"s:28:4:34:Infinity":8,"s:29:6:33:Infinity":9,"s:37:2:43:Infinity":10,"s:38:4:42:Infinity":11,"s:45:2:51:Infinity":12,"s:46:4:50:Infinity":13,"s:53:2:53:Infinity":14},"fnNames":{}}}
,"/Users/harshitgarg/Documents/pro/sclare/packages/core/src/knowledge/index.ts": {"path":"/Users/harshitgarg/Documents/pro/sclare/packages/core/src/knowledge/index.ts","statementMap":{},"fnMap":{},"branchMap":{},"s":{},"f":{},"b":{},"meta":{"lastBranch":0,"lastFunction":0,"lastStatement":0,"seen":{},"fnNames":{}}}
,"/Users/harshitgarg/Documents/pro/sclare/packages/core/src/query/component.ts": {"path":"/Users/harshitgarg/Documents/pro/sclare/packages/core/src/query/component.ts","statementMap":{"0":{"start":{"line":4,"column":2},"end":{"line":4,"column":null}},"1":{"start":{"line":4,"column":38},"end":{"line":4,"column":81}},"2":{"start":{"line":8,"column":2},"end":{"line":8,"column":null}}},"fnMap":{"0":{"name":"findComponent","decl":{"start":{"line":3,"column":16},"end":{"line":3,"column":30}},"loc":{"start":{"line":3,"column":68},"end":{"line":5,"column":null}},"line":3},"1":{"name":"(anonymous_1)","decl":{"start":{"line":4,"column":26},"end":{"line":4,"column":32}},"loc":{"start":{"line":4,"column":38},"end":{"line":4,"column":81}},"line":4},"2":{"name":"listComponents","decl":{"start":{"line":7,"column":16},"end":{"line":7,"column":31}},"loc":{"start":{"line":7,"column":55},"end":{"line":9,"column":null}},"line":7}},"branchMap":{},"s":{"0":1,"1":1,"2":1},"f":{"0":1,"1":1,"2":1},"b":{},"meta":{"lastBranch":0,"lastFunction":3,"lastStatement":3,"seen":{"f:3:16:3:30":0,"s:4:2:4:Infinity":0,"f:4:26:4:32":1,"s:4:38:4:81":1,"f:7:16:7:31":2,"s:8:2:8:Infinity":2},"fnNames":{}}}
,"/Users/harshitgarg/Documents/pro/sclare/packages/core/src/query/dependency.ts": {"path":"/Users/harshitgarg/Documents/pro/sclare/packages/core/src/query/dependency.ts","statementMap":{"0":{"start":{"line":4,"column":2},"end":{"line":4,"column":null}},"1":{"start":{"line":4,"column":43},"end":{"line":4,"column":58}},"2":{"start":{"line":8,"column":2},"end":{"line":8,"column":null}},"3":{"start":{"line":8,"column":43},"end":{"line":8,"column":56}}},"fnMap":{"0":{"name":"dependenciesOf","decl":{"start":{"line":3,"column":16},"end":{"line":3,"column":31}},"loc":{"start":{"line":3,"column":69},"end":{"line":5,"column":null}},"line":3},"1":{"name":"(anonymous_1)","decl":{"start":{"line":4,"column":29},"end":{"line":4,"column":37}},"loc":{"start":{"line":4,"column":43},"end":{"line":4,"column":58}},"line":4},"2":{"name":"dependentsOf","decl":{"start":{"line":7,"column":16},"end":{"line":7,"column":29}},"loc":{"start":{"line":7,"column":67},"end":{"line":9,"column":null}},"line":7},"3":{"name":"(anonymous_3)","decl":{"start":{"line":8,"column":29},"end":{"line":8,"column":37}},"loc":{"start":{"line":8,"column":43},"end":{"line":8,"column":56}},"line":8}},"branchMap":{},"s":{"0":1,"1":2,"2":1,"3":2},"f":{"0":1,"1":2,"2":1,"3":2},"b":{},"meta":{"lastBranch":0,"lastFunction":4,"lastStatement":4,"seen":{"f:3:16:3:31":0,"s:4:2:4:Infinity":0,"f:4:29:4:37":1,"s:4:43:4:58":1,"f:7:16:7:29":2,"s:8:2:8:Infinity":2,"f:8:29:8:37":3,"s:8:43:8:56":3},"fnNames":{}}}
,"/Users/harshitgarg/Documents/pro/sclare/packages/core/src/query/engine.ts": {"path":"/Users/harshitgarg/Documents/pro/sclare/packages/core/src/query/engine.ts","statementMap":{},"fnMap":{},"branchMap":{},"s":{},"f":{},"b":{},"meta":{"lastBranch":0,"lastFunction":0,"lastStatement":0,"seen":{},"fnNames":{}}}
,"/Users/harshitgarg/Documents/pro/sclare/packages/core/src/query/impact.ts": {"path":"/Users/harshitgarg/Documents/pro/sclare/packages/core/src/query/impact.ts","statementMap":{"0":{"start":{"line":4,"column":18},"end":{"line":4,"column":null}},"1":{"start":{"line":7,"column":4},"end":{"line":7,"column":null}},"2":{"start":{"line":7,"column":30},"end":{"line":7,"column":null}},"3":{"start":{"line":9,"column":4},"end":{"line":9,"column":null}},"4":{"start":{"line":11,"column":17},"end":{"line":11,"column":null}},"5":{"start":{"line":11,"column":51},"end":{"line":11,"column":69}},"6":{"start":{"line":13,"column":4},"end":{"line":15,"column":null}},"7":{"start":{"line":14,"column":6},"end":{"line":14,"column":null}},"8":{"start":{"line":18,"column":2},"end":{"line":18,"column":null}},"9":{"start":{"line":20,"column":2},"end":{"line":20,"column":null}}},"fnMap":{"0":{"name":"impactedFiles","decl":{"start":{"line":3,"column":16},"end":{"line":3,"column":30}},"loc":{"start":{"line":3,"column":68},"end":{"line":21,"column":null}},"line":3},"1":{"name":"dfs","decl":{"start":{"line":6,"column":11},"end":{"line":6,"column":15}},"loc":{"start":{"line":6,"column":32},"end":{"line":16,"column":null}},"line":6},"2":{"name":"(anonymous_2)","decl":{"start":{"line":11,"column":37},"end":{"line":11,"column":45}},"loc":{"start":{"line":11,"column":51},"end":{"line":11,"column":69}},"line":11}},"branchMap":{"0":{"loc":{"start":{"line":7,"column":4},"end":{"line":7,"column":null}},"type":"if","locations":[{"start":{"line":7,"column":4},"end":{"line":7,"column":null}},{"start":{},"end":{}}],"line":7}},"s":{"0":1,"1":3,"2":0,"3":3,"4":3,"5":6,"6":3,"7":2,"8":1,"9":1},"f":{"0":1,"1":3,"2":6},"b":{"0":[0,3]},"meta":{"lastBranch":1,"lastFunction":3,"lastStatement":10,"seen":{"f:3:16:3:30":0,"s:4:18:4:Infinity":0,"f:6:11:6:15":1,"b:7:4:7:Infinity:undefined:undefined:undefined:undefined":0,"s:7:4:7:Infinity":1,"s:7:30:7:Infinity":2,"s:9:4:9:Infinity":3,"s:11:17:11:Infinity":4,"f:11:37:11:45":2,"s:11:51:11:69":5,"s:13:4:15:Infinity":6,"s:14:6:14:Infinity":7,"s:18:2:18:Infinity":8,"s:20:2:20:Infinity":9},"fnNames":{}}}
,"/Users/harshitgarg/Documents/pro/sclare/packages/core/src/query/impactAnalyzer.ts": {"path":"/Users/harshitgarg/Documents/pro/sclare/packages/core/src/query/impactAnalyzer.ts","statementMap":{"0":{"start":{"line":12,"column":24},"end":{"line":12,"column":null}},"1":{"start":{"line":13,"column":29},"end":{"line":13,"column":null}},"2":{"start":{"line":14,"column":26},"end":{"line":14,"column":null}},"3":{"start":{"line":17,"column":4},"end":{"line":17,"column":null}},"4":{"start":{"line":17,"column":33},"end":{"line":17,"column":null}},"5":{"start":{"line":19,"column":4},"end":{"line":19,"column":null}},"6":{"start":{"line":21,"column":4},"end":{"line":25,"column":null}},"7":{"start":{"line":22,"column":6},"end":{"line":24,"column":null}},"8":{"start":{"line":23,"column":8},"end":{"line":23,"column":null}},"9":{"start":{"line":28,"column":2},"end":{"line":28,"column":null}},"10":{"start":{"line":30,"column":2},"end":{"line":34,"column":null}},"11":{"start":{"line":31,"column":4},"end":{"line":33,"column":null}},"12":{"start":{"line":32,"column":6},"end":{"line":32,"column":null}},"13":{"start":{"line":36,"column":2},"end":{"line":40,"column":null}},"14":{"start":{"line":37,"column":4},"end":{"line":39,"column":null}},"15":{"start":{"line":38,"column":6},"end":{"line":38,"column":null}},"16":{"start":{"line":42,"column":2},"end":{"line":47,"column":null}}},"fnMap":{"0":{"name":"analyzeImpact","decl":{"start":{"line":11,"column":16},"end":{"line":11,"column":30}},"loc":{"start":{"line":11,"column":97},"end":{"line":48,"column":null}},"line":11},"1":{"name":"dfs","decl":{"start":{"line":16,"column":11},"end":{"line":16,"column":15}},"loc":{"start":{"line":16,"column":29},"end":{"line":26,"column":null}},"line":16}},"branchMap":{"0":{"loc":{"start":{"line":17,"column":4},"end":{"line":17,"column":null}},"type":"if","locations":[{"start":{"line":17,"column":4},"end":{"line":17,"column":null}},{"start":{},"end":{}}],"line":17},"1":{"loc":{"start":{"line":22,"column":6},"end":{"line":24,"column":null}},"type":"if","locations":[{"start":{"line":22,"column":6},"end":{"line":24,"column":null}},{"start":{},"end":{}}],"line":22},"2":{"loc":{"start":{"line":31,"column":4},"end":{"line":33,"column":null}},"type":"if","locations":[{"start":{"line":31,"column":4},"end":{"line":33,"column":null}},{"start":{},"end":{}}],"line":31},"3":{"loc":{"start":{"line":37,"column":4},"end":{"line":39,"column":null}},"type":"if","locations":[{"start":{"line":37,"column":4},"end":{"line":39,"column":null}},{"start":{},"end":{}}],"line":37}},"s":{"0":1,"1":1,"2":1,"3":2,"4":0,"5":2,"6":2,"7":4,"8":1,"9":1,"10":1,"11":2,"12":2,"13":1,"14":2,"15":2,"16":1},"f":{"0":1,"1":2},"b":{"0":[0,2],"1":[1,3],"2":[2,0],"3":[2,0]},"meta":{"lastBranch":4,"lastFunction":2,"lastStatement":17,"seen":{"f:11:16:11:30":0,"s:12:24:12:Infinity":0,"s:13:29:13:Infinity":1,"s:14:26:14:Infinity":2,"f:16:11:16:15":1,"b:17:4:17:Infinity:undefined:undefined:undefined:undefined":0,"s:17:4:17:Infinity":3,"s:17:33:17:Infinity":4,"s:19:4:19:Infinity":5,"s:21:4:25:Infinity":6,"b:22:6:24:Infinity:undefined:undefined:undefined:undefined":1,"s:22:6:24:Infinity":7,"s:23:8:23:Infinity":8,"s:28:2:28:Infinity":9,"s:30:2:34:Infinity":10,"b:31:4:33:Infinity:undefined:undefined:undefined:undefined":2,"s:31:4:33:Infinity":11,"s:32:6:32:Infinity":12,"s:36:2:40:Infinity":13,"b:37:4:39:Infinity:undefined:undefined:undefined:undefined":3,"s:37:4:39:Infinity":14,"s:38:6:38:Infinity":15,"s:42:2:47:Infinity":16},"fnNames":{}}}
,"/Users/harshitgarg/Documents/pro/sclare/packages/core/src/query/index.ts": {"path":"/Users/harshitgarg/Documents/pro/sclare/packages/core/src/query/index.ts","statementMap":{},"fnMap":{},"branchMap":{},"s":{},"f":{},"b":{},"meta":{"lastBranch":0,"lastFunction":0,"lastStatement":0,"seen":{},"fnNames":{}}}
,"/Users/harshitgarg/Documents/pro/sclare/packages/core/src/query/search.ts": {"path":"/Users/harshitgarg/Documents/pro/sclare/packages/core/src/query/search.ts","statementMap":{"0":{"start":{"line":11,"column":12},"end":{"line":11,"column":null}},"1":{"start":{"line":13,"column":21},"end":{"line":15,"column":null}},"2":{"start":{"line":14,"column":4},"end":{"line":14,"column":null}},"3":{"start":{"line":17,"column":18},"end":{"line":19,"column":null}},"4":{"start":{"line":18,"column":4},"end":{"line":18,"column":null}},"5":{"start":{"line":21,"column":16},"end":{"line":26,"column":null}},"6":{"start":{"line":23,"column":39},"end":{"line":23,"column":53}},"7":{"start":{"line":24,"column":33},"end":{"line":24,"column":44}},"8":{"start":{"line":28,"column":2},"end":{"line":32,"column":null}}},"fnMap":{"0":{"name":"searchRepository","decl":{"start":{"line":10,"column":16},"end":{"line":10,"column":33}},"loc":{"start":{"line":10,"column":94},"end":{"line":33,"column":null}},"line":10},"1":{"name":"(anonymous_1)","decl":{"start":{"line":13,"column":38},"end":{"line":13,"column":46}},"loc":{"start":{"line":14,"column":4},"end":{"line":14,"column":null}},"line":14},"2":{"name":"(anonymous_2)","decl":{"start":{"line":17,"column":32},"end":{"line":17,"column":40}},"loc":{"start":{"line":18,"column":4},"end":{"line":18,"column":null}},"line":18},"3":{"name":"(anonymous_3)","decl":{"start":{"line":23,"column":20},"end":{"line":23,"column":25}},"loc":{"start":{"line":23,"column":39},"end":{"line":23,"column":53}},"line":23},"4":{"name":"(anonymous_4)","decl":{"start":{"line":24,"column":17},"end":{"line":24,"column":22}},"loc":{"start":{"line":24,"column":33},"end":{"line":24,"column":44}},"line":24}},"branchMap":{},"s":{"0":1,"1":1,"2":2,"3":1,"4":2,"5":1,"6":1,"7":1,"8":1},"f":{"0":1,"1":2,"2":2,"3":1,"4":1},"b":{},"meta":{"lastBranch":0,"lastFunction":5,"lastStatement":9,"seen":{"f:10:16:10:33":0,"s:11:12:11:Infinity":0,"s:13:21:15:Infinity":1,"f:13:38:13:46":1,"s:14:4:14:Infinity":2,"s:17:18:19:Infinity":3,"f:17:32:17:40":2,"s:18:4:18:Infinity":4,"s:21:16:26:Infinity":5,"f:23:20:23:25":3,"s:23:39:23:53":6,"f:24:17:24:22":4,"s:24:33:24:44":7,"s:28:2:32:Infinity":8},"fnNames":{}}}
,"/Users/harshitgarg/Documents/pro/sclare/packages/core/src/query/symbol.ts": {"path":"/Users/harshitgarg/Documents/pro/sclare/packages/core/src/query/symbol.ts","statementMap":{"0":{"start":{"line":4,"column":2},"end":{"line":4,"column":null}},"1":{"start":{"line":4,"column":37},"end":{"line":4,"column":52}}},"fnMap":{"0":{"name":"findSymbol","decl":{"start":{"line":3,"column":16},"end":{"line":3,"column":27}},"loc":{"start":{"line":3,"column":65},"end":{"line":5,"column":null}},"line":3},"1":{"name":"(anonymous_1)","decl":{"start":{"line":4,"column":23},"end":{"line":4,"column":31}},"loc":{"start":{"line":4,"column":37},"end":{"line":4,"column":52}},"line":4}},"branchMap":{},"s":{"0":1,"1":2},"f":{"0":1,"1":2},"b":{},"meta":{"lastBranch":0,"lastFunction":2,"lastStatement":2,"seen":{"f:3:16:3:27":0,"s:4:2:4:Infinity":0,"f:4:23:4:31":1,"s:4:37:4:52":1},"fnNames":{}}}
,"/Users/harshitgarg/Documents/pro/sclare/packages/observer/src/detector.ts": {"path":"/Users/harshitgarg/Documents/pro/sclare/packages/observer/src/detector.ts","statementMap":{"0":{"start":{"line":14,"column":30},"end":{"line":14,"column":null}},"1":{"start":{"line":16,"column":2},"end":{"line":16,"column":null}},"2":{"start":{"line":16,"column":29},"end":{"line":16,"column":null}},"3":{"start":{"line":17,"column":2},"end":{"line":17,"column":null}},"4":{"start":{"line":17,"column":29},"end":{"line":17,"column":null}},"5":{"start":{"line":18,"column":2},"end":{"line":18,"column":null}},"6":{"start":{"line":18,"column":29},"end":{"line":18,"column":null}},"7":{"start":{"line":19,"column":2},"end":{"line":19,"column":null}},"8":{"start":{"line":19,"column":29},"end":{"line":19,"column":null}},"9":{"start":{"line":20,"column":2},"end":{"line":20,"column":null}},"10":{"start":{"line":20,"column":31},"end":{"line":20,"column":null}},"11":{"start":{"line":22,"column":33},"end":{"line":22,"column":null}},"12":{"start":{"line":23,"column":38},"end":{"line":23,"column":null}},"13":{"start":{"line":25,"column":22},"end":{"line":25,"column":null}},"14":{"start":{"line":27,"column":2},"end":{"line":45,"column":null}},"15":{"start":{"line":28,"column":16},"end":{"line":28,"column":null}},"16":{"start":{"line":30,"column":17},"end":{"line":33,"column":null}},"17":{"start":{"line":35,"column":4},"end":{"line":38,"column":null}},"18":{"start":{"line":35,"column":30},"end":{"line":35,"column":null}},"19":{"start":{"line":36,"column":9},"end":{"line":38,"column":null}},"20":{"start":{"line":36,"column":24},"end":{"line":36,"column":null}},"21":{"start":{"line":37,"column":9},"end":{"line":38,"column":null}},"22":{"start":{"line":37,"column":25},"end":{"line":37,"column":null}},"23":{"start":{"line":38,"column":9},"end":{"line":38,"column":null}},"24":{"start":{"line":38,"column":27},"end":{"line":38,"column":null}},"25":{"start":{"line":40,"column":4},"end":{"line":44,"column":null}},"26":{"start":{"line":41,"column":6},"end":{"line":41,"column":null}},"27":{"start":{"line":42,"column":9},"end":{"line":44,"column":null}},"28":{"start":{"line":43,"column":6},"end":{"line":43,"column":null}},"29":{"start":{"line":44,"column":9},"end":{"line":44,"column":null}},"30":{"start":{"line":47,"column":2},"end":{"line":51,"column":null}}},"fnMap":{"0":{"name":"detectProject","decl":{"start":{"line":10,"column":22},"end":{"line":10,"column":null}},"loc":{"start":{"line":13,"column":28},"end":{"line":52,"column":null}},"line":13}},"branchMap":{"0":{"loc":{"start":{"line":16,"column":2},"end":{"line":16,"column":null}},"type":"if","locations":[{"start":{"line":16,"column":2},"end":{"line":16,"column":null}},{"start":{},"end":{}}],"line":16},"1":{"loc":{"start":{"line":17,"column":2},"end":{"line":17,"column":null}},"type":"if","locations":[{"start":{"line":17,"column":2},"end":{"line":17,"column":null}},{"start":{},"end":{}}],"line":17},"2":{"loc":{"start":{"line":18,"column":2},"end":{"line":18,"column":null}},"type":"if","locations":[{"start":{"line":18,"column":2},"end":{"line":18,"column":null}},{"start":{},"end":{}}],"line":18},"3":{"loc":{"start":{"line":19,"column":2},"end":{"line":19,"column":null}},"type":"if","locations":[{"start":{"line":19,"column":2},"end":{"line":19,"column":null}},{"start":{},"end":{}}],"line":19},"4":{"loc":{"start":{"line":20,"column":2},"end":{"line":20,"column":null}},"type":"if","locations":[{"start":{"line":20,"column":2},"end":{"line":20,"column":null}},{"start":{},"end":{}}],"line":20},"5":{"loc":{"start":{"line":27,"column":2},"end":{"line":45,"column":null}},"type":"if","locations":[{"start":{"line":27,"column":2},"end":{"line":45,"column":null}},{"start":{},"end":{}}],"line":27},"6":{"loc":{"start":{"line":31,"column":10},"end":{"line":31,"column":null}},"type":"binary-expr","locations":[{"start":{"line":31,"column":10},"end":{"line":31,"column":30}},{"start":{"line":31,"column":30},"end":{"line":31,"column":null}}],"line":31},"7":{"loc":{"start":{"line":32,"column":10},"end":{"line":32,"column":null}},"type":"binary-expr","locations":[{"start":{"line":32,"column":10},"end":{"line":32,"column":33}},{"start":{"line":32,"column":33},"end":{"line":32,"column":null}}],"line":32},"8":{"loc":{"start":{"line":35,"column":4},"end":{"line":38,"column":null}},"type":"if","locations":[{"start":{"line":35,"column":4},"end":{"line":38,"column":null}},{"start":{"line":36,"column":9},"end":{"line":38,"column":null}}],"line":35},"9":{"loc":{"start":{"line":36,"column":9},"end":{"line":38,"column":null}},"type":"if","locations":[{"start":{"line":36,"column":9},"end":{"line":38,"column":null}},{"start":{"line":37,"column":9},"end":{"line":38,"column":null}}],"line":36},"10":{"loc":{"start":{"line":37,"column":9},"end":{"line":38,"column":null}},"type":"if","locations":[{"start":{"line":37,"column":9},"end":{"line":38,"column":null}},{"start":{"line":38,"column":9},"end":{"line":38,"column":null}}],"line":37},"11":{"loc":{"start":{"line":38,"column":9},"end":{"line":38,"column":null}},"type":"if","locations":[{"start":{"line":38,"column":9},"end":{"line":38,"column":null}},{"start":{},"end":{}}],"line":38},"12":{"loc":{"start":{"line":40,"column":4},"end":{"line":44,"column":null}},"type":"if","locations":[{"start":{"line":40,"column":4},"end":{"line":44,"column":null}},{"start":{"line":42,"column":9},"end":{"line":44,"column":null}}],"line":40},"13":{"loc":{"start":{"line":42,"column":9},"end":{"line":44,"column":null}},"type":"if","locations":[{"start":{"line":42,"column":9},"end":{"line":44,"column":null}},{"start":{"line":44,"column":9},"end":{"line":44,"column":null}}],"line":42}},"s":{"0":5,"1":5,"2":4,"3":5,"4":2,"5":5,"6":1,"7":5,"8":1,"9":5,"10":1,"11":5,"12":5,"13":5,"14":5,"15":5,"16":5,"17":5,"18":1,"19":4,"20":0,"21":4,"22":1,"23":3,"24":0,"25":5,"26":4,"27":1,"28":1,"29":0,"30":5},"f":{"0":5},"b":{"0":[4,1],"1":[2,3],"2":[1,4],"3":[1,4],"4":[1,4],"5":[5,0],"6":[5,0],"7":[5,2],"8":[1,4],"9":[0,4],"10":[1,3],"11":[0,3],"12":[4,1],"13":[1,0]},"meta":{"lastBranch":14,"lastFunction":1,"lastStatement":31,"seen":{"f:10:22:10:Infinity":0,"s:14:30:14:Infinity":0,"b:16:2:16:Infinity:undefined:undefined:undefined:undefined":0,"s:16:2:16:Infinity":1,"s:16:29:16:Infinity":2,"b:17:2:17:Infinity:undefined:undefined:undefined:undefined":1,"s:17:2:17:Infinity":3,"s:17:29:17:Infinity":4,"b:18:2:18:Infinity:undefined:undefined:undefined:undefined":2,"s:18:2:18:Infinity":5,"s:18:29:18:Infinity":6,"b:19:2:19:Infinity:undefined:undefined:undefined:undefined":3,"s:19:2:19:Infinity":7,"s:19:29:19:Infinity":8,"b:20:2:20:Infinity:undefined:undefined:undefined:undefined":4,"s:20:2:20:Infinity":9,"s:20:31:20:Infinity":10,"s:22:33:22:Infinity":11,"s:23:38:23:Infinity":12,"s:25:22:25:Infinity":13,"b:27:2:45:Infinity:undefined:undefined:undefined:undefined":5,"s:27:2:45:Infinity":14,"s:28:16:28:Infinity":15,"s:30:17:33:Infinity":16,"b:31:10:31:30:31:30:31:Infinity":6,"b:32:10:32:33:32:33:32:Infinity":7,"b:35:4:38:Infinity:36:9:38:Infinity":8,"s:35:4:38:Infinity":17,"s:35:30:35:Infinity":18,"b:36:9:38:Infinity:37:9:38:Infinity":9,"s:36:9:38:Infinity":19,"s:36:24:36:Infinity":20,"b:37:9:38:Infinity:38:9:38:Infinity":10,"s:37:9:38:Infinity":21,"s:37:25:37:Infinity":22,"b:38:9:38:Infinity:undefined:undefined:undefined:undefined":11,"s:38:9:38:Infinity":23,"s:38:27:38:Infinity":24,"b:40:4:44:Infinity:42:9:44:Infinity":12,"s:40:4:44:Infinity":25,"s:41:6:41:Infinity":26,"b:42:9:44:Infinity:44:9:44:Infinity":13,"s:42:9:44:Infinity":27,"s:43:6:43:Infinity":28,"s:44:9:44:Infinity":29,"s:47:2:51:Infinity":30},"fnNames":{}}}
,"/Users/harshitgarg/Documents/pro/sclare/packages/observer/src/index.ts": {"path":"/Users/harshitgarg/Documents/pro/sclare/packages/observer/src/index.ts","statementMap":{},"fnMap":{},"branchMap":{},"s":{},"f":{},"b":{},"meta":{"lastBranch":0,"lastFunction":0,"lastStatement":0,"seen":{},"fnNames":{}}}
,"/Users/harshitgarg/Documents/pro/sclare/packages/observer/src/observer.ts": {"path":"/Users/harshitgarg/Documents/pro/sclare/packages/observer/src/observer.ts","statementMap":{"0":{"start":{"line":10,"column":16},"end":{"line":10,"column":null}},"1":{"start":{"line":12,"column":2},"end":{"line":14,"column":null}},"2":{"start":{"line":13,"column":4},"end":{"line":13,"column":null}},"3":{"start":{"line":16,"column":15},"end":{"line":16,"column":null}},"4":{"start":{"line":17,"column":20},"end":{"line":17,"column":null}},"5":{"start":{"line":18,"column":14},"end":{"line":18,"column":null}},"6":{"start":{"line":20,"column":2},"end":{"line":31,"column":null}}},"fnMap":{"0":{"name":"observeRepository","decl":{"start":{"line":9,"column":22},"end":{"line":9,"column":40}},"loc":{"start":{"line":9,"column":91},"end":{"line":32,"column":null}},"line":9}},"branchMap":{"0":{"loc":{"start":{"line":12,"column":2},"end":{"line":14,"column":null}},"type":"if","locations":[{"start":{"line":12,"column":2},"end":{"line":14,"column":null}},{"start":{},"end":{}}],"line":12}},"s":{"0":1,"1":1,"2":0,"3":1,"4":1,"5":1,"6":1},"f":{"0":1},"b":{"0":[0,1]},"meta":{"lastBranch":1,"lastFunction":1,"lastStatement":7,"seen":{"f:9:22:9:40":0,"s:10:16:10:Infinity":0,"b:12:2:14:Infinity:undefined:undefined:undefined:undefined":0,"s:12:2:14:Infinity":1,"s:13:4:13:Infinity":2,"s:16:15:16:Infinity":3,"s:17:20:17:Infinity":4,"s:18:14:18:Infinity":5,"s:20:2:31:Infinity":6},"fnNames":{}}}
,"/Users/harshitgarg/Documents/pro/sclare/packages/observer/src/scanner.ts": {"path":"/Users/harshitgarg/Documents/pro/sclare/packages/observer/src/scanner.ts","statementMap":{"0":{"start":{"line":5,"column":15},"end":{"line":14,"column":null}},"1":{"start":{"line":17,"column":29},"end":{"line":21,"column":null}},"2":{"start":{"line":24,"column":20},"end":{"line":26,"column":null}},"3":{"start":{"line":28,"column":4},"end":{"line":45,"column":null}},"4":{"start":{"line":29,"column":6},"end":{"line":29,"column":null}},"5":{"start":{"line":29,"column":34},"end":{"line":29,"column":null}},"6":{"start":{"line":31,"column":19},"end":{"line":31,"column":null}},"7":{"start":{"line":33,"column":6},"end":{"line":44,"column":null}},"8":{"start":{"line":34,"column":8},"end":{"line":34,"column":null}},"9":{"start":{"line":35,"column":8},"end":{"line":35,"column":null}},"10":{"start":{"line":37,"column":8},"end":{"line":37,"column":null}},"11":{"start":{"line":39,"column":20},"end":{"line":39,"column":null}},"12":{"start":{"line":41,"column":8},"end":{"line":43,"column":null}},"13":{"start":{"line":42,"column":10},"end":{"line":42,"column":null}},"14":{"start":{"line":48,"column":2},"end":{"line":48,"column":null}},"15":{"start":{"line":50,"column":2},"end":{"line":50,"column":null}}},"fnMap":{"0":{"name":"scanRepository","decl":{"start":{"line":16,"column":22},"end":{"line":16,"column":37}},"loc":{"start":{"line":16,"column":72},"end":{"line":51,"column":null}},"line":16},"1":{"name":"walk","decl":{"start":{"line":23,"column":17},"end":{"line":23,"column":22}},"loc":{"start":{"line":23,"column":35},"end":{"line":46,"column":null}},"line":23}},"branchMap":{"0":{"loc":{"start":{"line":29,"column":6},"end":{"line":29,"column":null}},"type":"if","locations":[{"start":{"line":29,"column":6},"end":{"line":29,"column":null}},{"start":{},"end":{}}],"line":29},"1":{"loc":{"start":{"line":33,"column":6},"end":{"line":44,"column":null}},"type":"if","locations":[{"start":{"line":33,"column":6},"end":{"line":44,"column":null}},{"start":{"line":36,"column":13},"end":{"line":44,"column":null}}],"line":33},"2":{"loc":{"start":{"line":41,"column":8},"end":{"line":43,"column":null}},"type":"if","locations":[{"start":{"line":41,"column":8},"end":{"line":43,"column":null}},{"start":{},"end":{}}],"line":41}},"s":{"0":2,"1":2,"2":53,"3":53,"4":250,"5":34,"6":216,"7":216,"8":51,"9":51,"10":165,"11":165,"12":165,"13":165,"14":2,"15":2},"f":{"0":2,"1":53},"b":{"0":[34,216],"1":[51,165],"2":[165,0]},"meta":{"lastBranch":3,"lastFunction":2,"lastStatement":16,"seen":{"s:5:15:14:Infinity":0,"f:16:22:16:37":0,"s:17:29:21:Infinity":1,"f:23:17:23:22":1,"s:24:20:26:Infinity":2,"s:28:4:45:Infinity":3,"b:29:6:29:Infinity:undefined:undefined:undefined:undefined":0,"s:29:6:29:Infinity":4,"s:29:34:29:Infinity":5,"s:31:19:31:Infinity":6,"b:33:6:44:Infinity:36:13:44:Infinity":1,"s:33:6:44:Infinity":7,"s:34:8:34:Infinity":8,"s:35:8:35:Infinity":9,"s:37:8:37:Infinity":10,"s:39:20:39:Infinity":11,"b:41:8:43:Infinity:undefined:undefined:undefined:undefined":2,"s:41:8:43:Infinity":12,"s:42:10:42:Infinity":13,"s:48:2:48:Infinity":14,"s:50:2:50:Infinity":15},"fnNames":{}}}
,"/Users/harshitgarg/Documents/pro/sclare/packages/observer/src/types.ts": {"path":"/Users/harshitgarg/Documents/pro/sclare/packages/observer/src/types.ts","statementMap":{},"fnMap":{},"branchMap":{},"s":{},"f":{},"b":{},"meta":{"lastBranch":0,"lastFunction":0,"lastStatement":0,"seen":{},"fnNames":{}}}
,"/Users/harshitgarg/Documents/pro/sclare/packages/shared/src/errors.ts": {"path":"/Users/harshitgarg/Documents/pro/sclare/packages/shared/src/errors.ts","statementMap":{"0":{"start":{"line":3,"column":4},"end":{"line":3,"column":null}},"1":{"start":{"line":9,"column":4},"end":{"line":9,"column":null}},"2":{"start":{"line":15,"column":4},"end":{"line":15,"column":null}}},"fnMap":{"0":{"name":"constructor","decl":{"start":{"line":2,"column":2},"end":{"line":2,"column":14}},"loc":{"start":{"line":2,"column":28},"end":{"line":4,"column":null}},"line":2},"1":{"name":"constructor_2","decl":{"start":{"line":8,"column":2},"end":{"line":8,"column":14}},"loc":{"start":{"line":8,"column":32},"end":{"line":10,"column":null}},"line":8},"2":{"name":"constructor_3","decl":{"start":{"line":14,"column":2},"end":{"line":14,"column":14}},"loc":{"start":{"line":14,"column":28},"end":{"line":16,"column":null}},"line":14}},"branchMap":{},"s":{"0":1,"1":0,"2":1},"f":{"0":1,"1":0,"2":1},"b":{},"meta":{"lastBranch":0,"lastFunction":3,"lastStatement":3,"seen":{"f:2:2:2:14":0,"s:3:4:3:Infinity":0,"f:8:2:8:14":1,"s:9:4:9:Infinity":1,"f:14:2:14:14":2,"s:15:4:15:Infinity":2},"fnNames":{}}}
,"/Users/harshitgarg/Documents/pro/sclare/packages/shared/src/index.ts": {"path":"/Users/harshitgarg/Documents/pro/sclare/packages/shared/src/index.ts","statementMap":{"0":{"start":{"line":5,"column":2},"end":{"line":5,"column":null}},"1":{"start":{"line":9,"column":2},"end":{"line":9,"column":null}},"2":{"start":{"line":10,"column":2},"end":{"line":10,"column":null}},"3":{"start":{"line":11,"column":2},"end":{"line":11,"column":null}},"4":{"start":{"line":12,"column":2},"end":{"line":12,"column":null}}},"fnMap":{"0":{"name":"formatDuration","decl":{"start":{"line":4,"column":16},"end":{"line":4,"column":31}},"loc":{"start":{"line":4,"column":51},"end":{"line":6,"column":null}},"line":4},"1":{"name":"printSection","decl":{"start":{"line":8,"column":16},"end":{"line":8,"column":29}},"loc":{"start":{"line":8,"column":44},"end":{"line":13,"column":null}},"line":8}},"branchMap":{},"s":{"0":1,"1":1,"2":1,"3":1,"4":1},"f":{"0":1,"1":1},"b":{},"meta":{"lastBranch":0,"lastFunction":2,"lastStatement":5,"seen":{"f:4:16:4:31":0,"s:5:2:5:Infinity":0,"f:8:16:8:29":1,"s:9:2:9:Infinity":1,"s:10:2:10:Infinity":2,"s:11:2:11:Infinity":3,"s:12:2:12:Infinity":4},"fnNames":{}}}
,"/Users/harshitgarg/Documents/pro/sclare/packages/shared/src/result.ts": {"path":"/Users/harshitgarg/Documents/pro/sclare/packages/shared/src/result.ts","statementMap":{"0":{"start":{"line":12,"column":2},"end":{"line":15,"column":null}},"1":{"start":{"line":19,"column":2},"end":{"line":22,"column":null}}},"fnMap":{"0":{"name":"ok","decl":{"start":{"line":11,"column":16},"end":{"line":11,"column":22}},"loc":{"start":{"line":11,"column":42},"end":{"line":16,"column":null}},"line":11},"1":{"name":"err","decl":{"start":{"line":18,"column":16},"end":{"line":18,"column":23}},"loc":{"start":{"line":18,"column":51},"end":{"line":23,"column":null}},"line":18}},"branchMap":{},"s":{"0":1,"1":1},"f":{"0":1,"1":1},"b":{},"meta":{"lastBranch":0,"lastFunction":2,"lastStatement":2,"seen":{"f:11:16:11:22":0,"s:12:2:15:Infinity":0,"f:18:16:18:23":1,"s:19:2:22:Infinity":1},"fnNames":{}}}
}
